==================================== Litterer ====================================
malloc     : /lib/x86_64-linux-gnu/libc.so.6
seed       : 2062388542
occupancy  : 0.4
shuffle    : yes
sort       : no
sleep      : no
litter     : 1 * 49121 = 49121
timestamp  : Jan 13 2026 17:47:47
==================================================================================
Shuffling 29472 object(s) to be freed.
Finished littering. Time taken: 0 seconds.
==================================================================================
==================================================================================
Time elapsed: 14097 ms
==================================================================================
==================================== Litterer ====================================
malloc     : /lib/x86_64-linux-gnu/libc.so.6
seed       : 2997558480
occupancy  : 0.4
shuffle    : yes
sort       : no
sleep      : no
litter     : 1 * 49121 = 49121
timestamp  : Jan 13 2026 17:47:47
==================================================================================
Shuffling 29472 object(s) to be freed.
Finished littering. Time taken: 0 seconds.
==================================================================================
==================================================================================
Time elapsed: 12224 ms
==================================================================================
==================================== Litterer ====================================
malloc     : /lib/x86_64-linux-gnu/libc.so.6
seed       : 3907968932
occupancy  : 0.4
shuffle    : yes
sort       : no
sleep      : no
litter     : 1 * 49121 = 49121
timestamp  : Jan 13 2026 17:47:47
==================================================================================
Shuffling 29472 object(s) to be freed.
Finished littering. Time taken: 0 seconds.
==================================================================================
==================================================================================
Time elapsed: 1092 ms
==================================================================================
==================================== Litterer ====================================
malloc     : /lib/x86_64-linux-gnu/libc.so.6
seed       : 1227850573
occupancy  : 0.4
shuffle    : yes
sort       : no
sleep      : no
litter     : 1 * 49121 = 49121
timestamp  : Jan 13 2026 17:47:47
==================================================================================
Shuffling 29472 object(s) to be freed.
Finished littering. Time taken: 0 seconds.
==================================================================================
==================================================================================
Time elapsed: 13949 ms
==================================================================================
==================================== Litterer ====================================
malloc     : /lib/x86_64-linux-gnu/libc.so.6
seed       : 894736760
occupancy  : 0.4
shuffle    : yes
sort       : no
sleep      : no
litter     : 1 * 49121 = 49121
timestamp  : Jan 13 2026 17:47:47
==================================================================================
Shuffling 29472 object(s) to be freed.
Finished littering. Time taken: 0 seconds.
==================================================================================
==================================================================================
Time elapsed: 12846 ms
==================================================================================
==================================== Litterer ====================================
malloc     : /lib/x86_64-linux-gnu/libc.so.6
seed       : 4088959103
occupancy  : 0.4
shuffle    : yes
sort       : no
sleep      : no
litter     : 1 * 49121 = 49121
timestamp  : Jan 13 2026 17:47:47
==================================================================================
Shuffling 29472 object(s) to be freed.
Finished littering. Time taken: 0 seconds.
==================================================================================
==================================================================================
Time elapsed: 1258 ms
==================================================================================
==================================== Litterer ====================================
malloc     : /lib/x86_64-linux-gnu/libc.so.6
seed       : 173271546
occupancy  : 0.4
shuffle    : yes
sort       : no
sleep      : no
litter     : 1 * 49121 = 49121
timestamp  : Jan 13 2026 17:47:47
==================================================================================
Shuffling 29472 object(s) to be freed.
Finished littering. Time taken: 0 seconds.
==================================================================================
==================================================================================
Time elapsed: 13867 ms
==================================================================================
==================================== Litterer ====================================
malloc     : /lib/x86_64-linux-gnu/libc.so.6
seed       : 486667528
occupancy  : 0.4
shuffle    : yes
sort       : no
sleep      : no
litter     : 1 * 49121 = 49121
timestamp  : Jan 13 2026 17:47:47
==================================================================================
Shuffling 29472 object(s) to be freed.
Finished littering. Time taken: 0 seconds.
==================================================================================
==================================================================================
Time elapsed: 12607 ms
==================================================================================
==================================== Litterer ====================================
malloc     : /lib/x86_64-linux-gnu/libc.so.6
seed       : 2645586761
occupancy  : 0.4
shuffle    : yes
sort       : no
sleep      : no
litter     : 1 * 49121 = 49121
timestamp  : Jan 13 2026 17:47:47
==================================================================================
Shuffling 29472 object(s) to be freed.
Finished littering. Time taken: 0 seconds.
==================================================================================
==================================================================================
Time elapsed: 1113 ms
==================================================================================
==================================== Litterer ====================================
malloc     : /lib/x86_64-linux-gnu/libc.so.6
seed       : 2335927448
occupancy  : 0.4
shuffle    : yes
sort       : no
sleep      : no
litter     : 1 * 49121 = 49121
timestamp  : Jan 13 2026 17:47:47
==================================================================================
Shuffling 29472 object(s) to be freed.
Finished littering. Time taken: 0 seconds.
==================================================================================
==================================================================================
Time elapsed: 13801 ms
==================================================================================
==================================== Litterer ====================================
malloc     : /lib/x86_64-linux-gnu/libc.so.6
seed       : 1742520068
occupancy  : 0.4
shuffle    : yes
sort       : no
sleep      : no
litter     : 1 * 49121 = 49121
timestamp  : Jan 13 2026 17:47:47
==================================================================================
Shuffling 29472 object(s) to be freed.
Finished littering. Time taken: 0 seconds.
==================================================================================
==================================================================================
Time elapsed: 12209 ms
==================================================================================
==================================== Litterer ====================================
malloc     : /lib/x86_64-linux-gnu/libc.so.6
seed       : 1963814117
occupancy  : 0.4
shuffle    : yes
sort       : no
sleep      : no
litter     : 1 * 49121 = 49121
timestamp  : Jan 13 2026 17:47:47
==================================================================================
Shuffling 29472 object(s) to be freed.
Finished littering. Time taken: 0 seconds.
==================================================================================
==================================================================================
Time elapsed: 1079 ms
==================================================================================
==================================== Litterer ====================================
malloc     : /lib/x86_64-linux-gnu/libc.so.6
seed       : 343261420
occupancy  : 0.4
shuffle    : yes
sort       : no
sleep      : no
litter     : 1 * 49121 = 49121
timestamp  : Jan 13 2026 17:47:47
==================================================================================
Shuffling 29472 object(s) to be freed.
Finished littering. Time taken: 0 seconds.
==================================================================================
==================================================================================
Time elapsed: 13761 ms
==================================================================================
==================================== Litterer ====================================
malloc     : /lib/x86_64-linux-gnu/libc.so.6
seed       : 363389545
occupancy  : 0.4
shuffle    : yes
sort       : no
sleep      : no
litter     : 1 * 49121 = 49121
timestamp  : Jan 13 2026 17:47:47
==================================================================================
Shuffling 29472 object(s) to be freed.
Finished littering. Time taken: 0 seconds.
==================================================================================
==================================================================================
Time elapsed: 12271 ms
==================================================================================
==================================== Litterer ====================================
malloc     : /lib/x86_64-linux-gnu/libc.so.6
seed       : 877403891
occupancy  : 0.4
shuffle    : yes
sort       : no
sleep      : no
litter     : 1 * 49121 = 49121
timestamp  : Jan 13 2026 17:47:47
==================================================================================
Shuffling 29472 object(s) to be freed.
Finished littering. Time taken: 0 seconds.
==================================================================================
==================================================================================
Time elapsed: 1212 ms
==================================================================================
==================================== Litterer ====================================
malloc     : /lib/x86_64-linux-gnu/libc.so.6
seed       : 444549627
occupancy  : 0.4
shuffle    : yes
sort       : no
sleep      : no
litter     : 1 * 49121 = 49121
timestamp  : Jan 13 2026 17:47:47
==================================================================================
Shuffling 29472 object(s) to be freed.
Finished littering. Time taken: 0 seconds.
==================================================================================
==================================================================================
Time elapsed: 13748 ms
==================================================================================
==================================== Litterer ====================================
malloc     : /lib/x86_64-linux-gnu/libc.so.6
seed       : 648178355
occupancy  : 0.4
shuffle    : yes
sort       : no
sleep      : no
litter     : 1 * 49121 = 49121
timestamp  : Jan 13 2026 17:47:47
==================================================================================
Shuffling 29472 object(s) to be freed.
Finished littering. Time taken: 0 seconds.
==================================================================================
==================================================================================
Time elapsed: 12255 ms
==================================================================================
==================================== Litterer ====================================
malloc     : /lib/x86_64-linux-gnu/libc.so.6
seed       : 1729806859
occupancy  : 0.4
shuffle    : yes
sort       : no
sleep      : no
litter     : 1 * 49121 = 49121
timestamp  : Jan 13 2026 17:47:47
==================================================================================
Shuffling 29472 object(s) to be freed.
Finished littering. Time taken: 0 seconds.
==================================================================================
==================================================================================
Time elapsed: 1568 ms
==================================================================================
==================================== Litterer ====================================
malloc     : /lib/x86_64-linux-gnu/libc.so.6
seed       : 93791661
occupancy  : 0.4
shuffle    : yes
sort       : no
sleep      : no
litter     : 1 * 49121 = 49121
timestamp  : Jan 13 2026 17:47:47
==================================================================================
Shuffling 29472 object(s) to be freed.
Finished littering. Time taken: 0 seconds.
==================================================================================
==================================================================================
Time elapsed: 13766 ms
==================================================================================
==================================== Litterer ====================================
malloc     : /lib/x86_64-linux-gnu/libc.so.6
seed       : 3380343566
occupancy  : 0.4
shuffle    : yes
sort       : no
sleep      : no
litter     : 1 * 49121 = 49121
timestamp  : Jan 13 2026 17:47:47
==================================================================================
Shuffling 29472 object(s) to be freed.
Finished littering. Time taken: 0 seconds.
==================================================================================
==================================================================================
Time elapsed: 12316 ms
==================================================================================
==================================== Litterer ====================================
malloc     : /lib/x86_64-linux-gnu/libc.so.6
seed       : 4139336471
occupancy  : 0.4
shuffle    : yes
sort       : no
sleep      : no
litter     : 1 * 49121 = 49121
timestamp  : Jan 13 2026 17:47:47
==================================================================================
Shuffling 29472 object(s) to be freed.
Finished littering. Time taken: 0 seconds.
==================================================================================
==================================================================================
Time elapsed: 1217 ms
==================================================================================
==================================== Litterer ====================================
malloc     : /lib/x86_64-linux-gnu/libc.so.6
seed       : 2170555816
occupancy  : 0.4
shuffle    : yes
sort       : no
sleep      : no
litter     : 1 * 49121 = 49121
timestamp  : Jan 13 2026 17:47:47
==================================================================================
Shuffling 29472 object(s) to be freed.
Finished littering. Time taken: 0 seconds.
==================================================================================
==================================================================================
Time elapsed: 14172 ms
==================================================================================
==================================== Litterer ====================================
malloc     : /lib/x86_64-linux-gnu/libc.so.6
seed       : 200912163
occupancy  : 0.4
shuffle    : yes
sort       : no
sleep      : no
litter     : 1 * 49121 = 49121
timestamp  : Jan 13 2026 17:47:47
==================================================================================
Shuffling 29472 object(s) to be freed.
Finished littering. Time taken: 0 seconds.
==================================================================================
==================================================================================
Time elapsed: 12049 ms
==================================================================================
==================================== Litterer ====================================
malloc     : /lib/x86_64-linux-gnu/libc.so.6
seed       : 1603741018
occupancy  : 0.4
shuffle    : yes
sort       : no
sleep      : no
litter     : 1 * 49121 = 49121
timestamp  : Jan 13 2026 17:47:47
==================================================================================
Shuffling 29472 object(s) to be freed.
Finished littering. Time taken: 0 seconds.
==================================================================================
==================================================================================
Time elapsed: 1172 ms
==================================================================================
==================================== Litterer ====================================
malloc     : /lib/x86_64-linux-gnu/libc.so.6
seed       : 2962971325
occupancy  : 0.4
shuffle    : yes
sort       : no
sleep      : no
litter     : 1 * 49121 = 49121
timestamp  : Jan 13 2026 17:47:47
==================================================================================
Shuffling 29472 object(s) to be freed.
Finished littering. Time taken: 0 seconds.
==================================================================================
==================================================================================
Time elapsed: 13721 ms
==================================================================================
==================================== Litterer ====================================
malloc     : /lib/x86_64-linux-gnu/libc.so.6
seed       : 3993961975
occupancy  : 0.4
shuffle    : yes
sort       : no
sleep      : no
litter     : 1 * 49121 = 49121
timestamp  : Jan 13 2026 17:47:47
==================================================================================
Shuffling 29472 object(s) to be freed.
Finished littering. Time taken: 0 seconds.
==================================================================================
==================================================================================
Time elapsed: 11978 ms
==================================================================================
==================================== Litterer ====================================
malloc     : /lib/x86_64-linux-gnu/libc.so.6
seed       : 1868038488
occupancy  : 0.4
shuffle    : yes
sort       : no
sleep      : no
litter     : 1 * 49121 = 49121
timestamp  : Jan 13 2026 17:47:47
==================================================================================
Shuffling 29472 object(s) to be freed.
Finished littering. Time taken: 0 seconds.
==================================================================================
==================================================================================
Time elapsed: 1133 ms
==================================================================================
==================================== Litterer ====================================
malloc     : /lib/x86_64-linux-gnu/libc.so.6
seed       : 2531468185
occupancy  : 0.4
shuffle    : yes
sort       : no
sleep      : no
litter     : 1 * 49121 = 49121
timestamp  : Jan 13 2026 17:47:47
==================================================================================
Shuffling 29472 object(s) to be freed.
Finished littering. Time taken: 0 seconds.
==================================================================================
==================================================================================
Time elapsed: 14141 ms
==================================================================================
==================================== Litterer ====================================
malloc     : /lib/x86_64-linux-gnu/libc.so.6
seed       : 1531858464
occupancy  : 0.4
shuffle    : yes
sort       : no
sleep      : no
litter     : 1 * 49121 = 49121
timestamp  : Jan 13 2026 17:47:47
==================================================================================
Shuffling 29472 object(s) to be freed.
Finished littering. Time taken: 0 seconds.
==================================================================================
==================================================================================
Time elapsed: 12045 ms
==================================================================================
==================================== Litterer ====================================
malloc     : /lib/x86_64-linux-gnu/libc.so.6
seed       : 2146771612
occupancy  : 0.4
shuffle    : yes
sort       : no
sleep      : no
litter     : 1 * 49121 = 49121
timestamp  : Jan 13 2026 17:47:47
==================================================================================
Shuffling 29472 object(s) to be freed.
Finished littering. Time taken: 0 seconds.
==================================================================================
==================================================================================
Time elapsed: 1259 ms
==================================================================================
==================================== Litterer ====================================
malloc     : /lib/x86_64-linux-gnu/libc.so.6
seed       : 2042688738
occupancy  : 0.4
shuffle    : yes
sort       : no
sleep      : no
litter     : 1 * 49121 = 49121
timestamp  : Jan 13 2026 17:47:47
==================================================================================
Shuffling 29472 object(s) to be freed.
Finished littering. Time taken: 0 seconds.
==================================================================================
==================================================================================
Time elapsed: 13849 ms
==================================================================================
==================================== Litterer ====================================
malloc     : /lib/x86_64-linux-gnu/libc.so.6
seed       : 924916742
occupancy  : 0.4
shuffle    : yes
sort       : no
sleep      : no
litter     : 1 * 49121 = 49121
timestamp  : Jan 13 2026 17:47:47
==================================================================================
Shuffling 29472 object(s) to be freed.
Finished littering. Time taken: 0 seconds.
==================================================================================
==================================================================================
Time elapsed: 12357 ms
==================================================================================
==================================== Litterer ====================================
malloc     : /lib/x86_64-linux-gnu/libc.so.6
seed       : 1263512431
occupancy  : 0.4
shuffle    : yes
sort       : no
sleep      : no
litter     : 1 * 49121 = 49121
timestamp  : Jan 13 2026 17:47:47
==================================================================================
Shuffling 29472 object(s) to be freed.
Finished littering. Time taken: 0 seconds.
==================================================================================
==================================================================================
Time elapsed: 1101 ms
==================================================================================
