==================================== Litterer ====================================
malloc     : /lib/x86_64-linux-gnu/libc.so.6
seed       : 3497352698
occupancy  : 0.4
shuffle    : yes
sort       : no
sleep      : no
litter     : 1 * 13228 = 13228
timestamp  : Jan 13 2026 17:47:47
==================================================================================
Shuffling 7936 object(s) to be freed.
Finished littering. Time taken: 0 seconds.
==================================================================================
==================================================================================
Time elapsed: 43820 ms
==================================================================================
==================================== Litterer ====================================
malloc     : /lib/x86_64-linux-gnu/libc.so.6
seed       : 4261989411
occupancy  : 0.4
shuffle    : yes
sort       : no
sleep      : no
litter     : 1 * 13228 = 13228
timestamp  : Jan 13 2026 17:47:47
==================================================================================
Shuffling 7936 object(s) to be freed.
Finished littering. Time taken: 0 seconds.
==================================================================================
==================================================================================
Time elapsed: 45129 ms
==================================================================================
==================================== Litterer ====================================
malloc     : /lib/x86_64-linux-gnu/libc.so.6
seed       : 1115407622
occupancy  : 0.4
shuffle    : yes
sort       : no
sleep      : no
litter     : 1 * 13228 = 13228
timestamp  : Jan 13 2026 17:47:47
==================================================================================
Shuffling 7936 object(s) to be freed.
Finished littering. Time taken: 0 seconds.
==================================================================================
==================================================================================
Time elapsed: 43625 ms
==================================================================================
==================================== Litterer ====================================
malloc     : /lib/x86_64-linux-gnu/libc.so.6
seed       : 1755142388
occupancy  : 0.4
shuffle    : yes
sort       : no
sleep      : no
litter     : 1 * 13228 = 13228
timestamp  : Jan 13 2026 17:47:47
==================================================================================
Shuffling 7936 object(s) to be freed.
Finished littering. Time taken: 0 seconds.
==================================================================================
==================================================================================
Time elapsed: 44107 ms
==================================================================================
==================================== Litterer ====================================
malloc     : /lib/x86_64-linux-gnu/libc.so.6
seed       : 478198576
occupancy  : 0.4
shuffle    : yes
sort       : no
sleep      : no
litter     : 1 * 13228 = 13228
timestamp  : Jan 13 2026 17:47:47
==================================================================================
Shuffling 7936 object(s) to be freed.
Finished littering. Time taken: 0 seconds.
==================================================================================
==================================================================================
Time elapsed: 43312 ms
==================================================================================
==================================== Litterer ====================================
malloc     : /lib/x86_64-linux-gnu/libc.so.6
seed       : 2258153816
occupancy  : 0.4
shuffle    : yes
sort       : no
sleep      : no
litter     : 1 * 13228 = 13228
timestamp  : Jan 13 2026 17:47:47
==================================================================================
Shuffling 7936 object(s) to be freed.
Finished littering. Time taken: 0 seconds.
==================================================================================
==================================================================================
Time elapsed: 43717 ms
==================================================================================
==================================== Litterer ====================================
malloc     : /lib/x86_64-linux-gnu/libc.so.6
seed       : 4015148118
occupancy  : 0.4
shuffle    : yes
sort       : no
sleep      : no
litter     : 1 * 13228 = 13228
timestamp  : Jan 13 2026 17:47:47
==================================================================================
Shuffling 7936 object(s) to be freed.
Finished littering. Time taken: 0 seconds.
==================================================================================
==================================================================================
Time elapsed: 43779 ms
==================================================================================
==================================== Litterer ====================================
malloc     : /lib/x86_64-linux-gnu/libc.so.6
seed       : 3842441440
occupancy  : 0.4
shuffle    : yes
sort       : no
sleep      : no
litter     : 1 * 13228 = 13228
timestamp  : Jan 13 2026 17:47:47
==================================================================================
Shuffling 7936 object(s) to be freed.
Finished littering. Time taken: 0 seconds.
==================================================================================
==================================================================================
Time elapsed: 45239 ms
==================================================================================
==================================== Litterer ====================================
malloc     : /lib/x86_64-linux-gnu/libc.so.6
seed       : 2561023784
occupancy  : 0.4
shuffle    : yes
sort       : no
sleep      : no
litter     : 1 * 13228 = 13228
timestamp  : Jan 13 2026 17:47:47
==================================================================================
Shuffling 7936 object(s) to be freed.
Finished littering. Time taken: 0 seconds.
==================================================================================
==================================================================================
Time elapsed: 42741 ms
==================================================================================
==================================== Litterer ====================================
malloc     : /lib/x86_64-linux-gnu/libc.so.6
seed       : 1829118956
occupancy  : 0.4
shuffle    : yes
sort       : no
sleep      : no
litter     : 1 * 13228 = 13228
timestamp  : Jan 13 2026 17:47:47
==================================================================================
Shuffling 7936 object(s) to be freed.
Finished littering. Time taken: 0 seconds.
==================================================================================
==================================================================================
Time elapsed: 43416 ms
==================================================================================
==================================== Litterer ====================================
malloc     : /lib/x86_64-linux-gnu/libc.so.6
seed       : 496814090
occupancy  : 0.4
shuffle    : yes
sort       : no
sleep      : no
litter     : 1 * 13228 = 13228
timestamp  : Jan 13 2026 17:47:47
==================================================================================
Shuffling 7936 object(s) to be freed.
Finished littering. Time taken: 0 seconds.
==================================================================================
==================================================================================
Time elapsed: 43803 ms
==================================================================================
