==================================== Litterer ====================================
malloc     : /lib/x86_64-linux-gnu/libc.so.6
seed       : 3242480945
occupancy  : 0.4
shuffle    : yes
sort       : no
sleep      : no
litter     : 1 * 3488 = 3488
timestamp  : Jan 13 2026 17:47:47
==================================================================================
Shuffling 2092 object(s) to be freed.
Finished littering. Time taken: 0 seconds.
==================================================================================
==================================================================================
Time elapsed: 14874 ms
==================================================================================
==================================== Litterer ====================================
malloc     : /lib/x86_64-linux-gnu/libc.so.6
seed       : 3948956404
occupancy  : 0.4
shuffle    : yes
sort       : no
sleep      : no
litter     : 1 * 3488 = 3488
timestamp  : Jan 13 2026 17:47:47
==================================================================================
Shuffling 2092 object(s) to be freed.
Finished littering. Time taken: 0 seconds.
==================================================================================
==================================================================================
Time elapsed: 15166 ms
==================================================================================
==================================== Litterer ====================================
malloc     : /lib/x86_64-linux-gnu/libc.so.6
seed       : 4000147565
occupancy  : 0.4
shuffle    : yes
sort       : no
sleep      : no
litter     : 1 * 3488 = 3488
timestamp  : Jan 13 2026 17:47:47
==================================================================================
Shuffling 2092 object(s) to be freed.
Finished littering. Time taken: 0 seconds.
==================================================================================
==================================================================================
Time elapsed: 14862 ms
==================================================================================
==================================== Litterer ====================================
malloc     : /lib/x86_64-linux-gnu/libc.so.6
seed       : 3825829506
occupancy  : 0.4
shuffle    : yes
sort       : no
sleep      : no
litter     : 1 * 3488 = 3488
timestamp  : Jan 13 2026 17:47:47
==================================================================================
Shuffling 2092 object(s) to be freed.
Finished littering. Time taken: 0 seconds.
==================================================================================
==================================================================================
Time elapsed: 14750 ms
==================================================================================
==================================== Litterer ====================================
malloc     : /lib/x86_64-linux-gnu/libc.so.6
seed       : 3009818908
occupancy  : 0.4
shuffle    : yes
sort       : no
sleep      : no
litter     : 1 * 3488 = 3488
timestamp  : Jan 13 2026 17:47:47
==================================================================================
Shuffling 2092 object(s) to be freed.
Finished littering. Time taken: 0 seconds.
==================================================================================
==================================================================================
Time elapsed: 14914 ms
==================================================================================
==================================== Litterer ====================================
malloc     : /lib/x86_64-linux-gnu/libc.so.6
seed       : 4266141830
occupancy  : 0.4
shuffle    : yes
sort       : no
sleep      : no
litter     : 1 * 3488 = 3488
timestamp  : Jan 13 2026 17:47:47
==================================================================================
Shuffling 2092 object(s) to be freed.
Finished littering. Time taken: 0 seconds.
==================================================================================
==================================================================================
Time elapsed: 15258 ms
==================================================================================
==================================== Litterer ====================================
malloc     : /lib/x86_64-linux-gnu/libc.so.6
seed       : 639893995
occupancy  : 0.4
shuffle    : yes
sort       : no
sleep      : no
litter     : 1 * 3488 = 3488
timestamp  : Jan 13 2026 17:47:47
==================================================================================
Shuffling 2092 object(s) to be freed.
Finished littering. Time taken: 0 seconds.
==================================================================================
==================================================================================
Time elapsed: 15967 ms
==================================================================================
==================================== Litterer ====================================
malloc     : /lib/x86_64-linux-gnu/libc.so.6
seed       : 3889759393
occupancy  : 0.4
shuffle    : yes
sort       : no
sleep      : no
litter     : 1 * 3488 = 3488
timestamp  : Jan 13 2026 17:47:47
==================================================================================
Shuffling 2092 object(s) to be freed.
Finished littering. Time taken: 0 seconds.
==================================================================================
==================================================================================
Time elapsed: 14755 ms
==================================================================================
==================================== Litterer ====================================
malloc     : /lib/x86_64-linux-gnu/libc.so.6
seed       : 2862006117
occupancy  : 0.4
shuffle    : yes
sort       : no
sleep      : no
litter     : 1 * 3488 = 3488
timestamp  : Jan 13 2026 17:47:47
==================================================================================
Shuffling 2092 object(s) to be freed.
Finished littering. Time taken: 0 seconds.
==================================================================================
==================================================================================
Time elapsed: 15011 ms
==================================================================================
==================================== Litterer ====================================
malloc     : /lib/x86_64-linux-gnu/libc.so.6
seed       : 2002556989
occupancy  : 0.4
shuffle    : yes
sort       : no
sleep      : no
litter     : 1 * 3488 = 3488
timestamp  : Jan 13 2026 17:47:47
==================================================================================
Shuffling 2092 object(s) to be freed.
Finished littering. Time taken: 0 seconds.
==================================================================================
==================================================================================
Time elapsed: 14862 ms
==================================================================================
==================================== Litterer ====================================
malloc     : /lib/x86_64-linux-gnu/libc.so.6
seed       : 4132735081
occupancy  : 0.4
shuffle    : yes
sort       : no
sleep      : no
litter     : 1 * 3488 = 3488
timestamp  : Jan 13 2026 17:47:47
==================================================================================
Shuffling 2092 object(s) to be freed.
Finished littering. Time taken: 0 seconds.
==================================================================================
==================================================================================
Time elapsed: 14906 ms
==================================================================================
