==================================== Litterer ====================================
malloc     : /lib/x86_64-linux-gnu/libc.so.6
seed       : 3511967601
occupancy  : 0.4
shuffle    : yes
sort       : no
sleep      : no
litter     : 1 * 1675463 = 1675463
timestamp  : Jan 13 2026 17:47:47
==================================================================================
Shuffling 1005277 object(s) to be freed.
Finished littering. Time taken: 0 seconds.
==================================================================================
==================================================================================
Time elapsed: 30015 ms
==================================================================================
==================================== Litterer ====================================
malloc     : /lib/x86_64-linux-gnu/libc.so.6
seed       : 1596759736
occupancy  : 0.4
shuffle    : yes
sort       : no
sleep      : no
litter     : 1 * 1675463 = 1675463
timestamp  : Jan 13 2026 17:47:47
==================================================================================
Shuffling 1005277 object(s) to be freed.
Finished littering. Time taken: 0 seconds.
==================================================================================
==================================================================================
Time elapsed: 29499 ms
==================================================================================
==================================== Litterer ====================================
malloc     : /lib/x86_64-linux-gnu/libc.so.6
seed       : 1587664089
occupancy  : 0.4
shuffle    : yes
sort       : no
sleep      : no
litter     : 1 * 1675463 = 1675463
timestamp  : Jan 13 2026 17:47:47
==================================================================================
Shuffling 1005277 object(s) to be freed.
Finished littering. Time taken: 0 seconds.
==================================================================================
==================================================================================
Time elapsed: 29553 ms
==================================================================================
==================================== Litterer ====================================
malloc     : /lib/x86_64-linux-gnu/libc.so.6
seed       : 3791713554
occupancy  : 0.4
shuffle    : yes
sort       : no
sleep      : no
litter     : 1 * 1675463 = 1675463
timestamp  : Jan 13 2026 17:47:47
==================================================================================
Shuffling 1005277 object(s) to be freed.
Finished littering. Time taken: 0 seconds.
==================================================================================
==================================================================================
Time elapsed: 30073 ms
==================================================================================
==================================== Litterer ====================================
malloc     : /lib/x86_64-linux-gnu/libc.so.6
seed       : 872797026
occupancy  : 0.4
shuffle    : yes
sort       : no
sleep      : no
litter     : 1 * 1675463 = 1675463
timestamp  : Jan 13 2026 17:47:47
==================================================================================
Shuffling 1005277 object(s) to be freed.
Finished littering. Time taken: 0 seconds.
==================================================================================
==================================================================================
Time elapsed: 29736 ms
==================================================================================
==================================== Litterer ====================================
malloc     : /lib/x86_64-linux-gnu/libc.so.6
seed       : 3429192202
occupancy  : 0.4
shuffle    : yes
sort       : no
sleep      : no
litter     : 1 * 1675463 = 1675463
timestamp  : Jan 13 2026 17:47:47
==================================================================================
Shuffling 1005277 object(s) to be freed.
Finished littering. Time taken: 0 seconds.
==================================================================================
==================================================================================
Time elapsed: 29740 ms
==================================================================================
==================================== Litterer ====================================
malloc     : /lib/x86_64-linux-gnu/libc.so.6
seed       : 1007664933
occupancy  : 0.4
shuffle    : yes
sort       : no
sleep      : no
litter     : 1 * 1675463 = 1675463
timestamp  : Jan 13 2026 17:47:47
==================================================================================
Shuffling 1005277 object(s) to be freed.
Finished littering. Time taken: 0 seconds.
==================================================================================
==================================================================================
Time elapsed: 29817 ms
==================================================================================
==================================== Litterer ====================================
malloc     : /lib/x86_64-linux-gnu/libc.so.6
seed       : 2915004753
occupancy  : 0.4
shuffle    : yes
sort       : no
sleep      : no
litter     : 1 * 1675463 = 1675463
timestamp  : Jan 13 2026 17:47:47
==================================================================================
Shuffling 1005277 object(s) to be freed.
Finished littering. Time taken: 0 seconds.
==================================================================================
==================================================================================
Time elapsed: 30789 ms
==================================================================================
==================================== Litterer ====================================
malloc     : /lib/x86_64-linux-gnu/libc.so.6
seed       : 2252589938
occupancy  : 0.4
shuffle    : yes
sort       : no
sleep      : no
litter     : 1 * 1675463 = 1675463
timestamp  : Jan 13 2026 17:47:47
==================================================================================
Shuffling 1005277 object(s) to be freed.
Finished littering. Time taken: 0 seconds.
==================================================================================
==================================================================================
Time elapsed: 29819 ms
==================================================================================
==================================== Litterer ====================================
malloc     : /lib/x86_64-linux-gnu/libc.so.6
seed       : 1748319593
occupancy  : 0.4
shuffle    : yes
sort       : no
sleep      : no
litter     : 1 * 1675463 = 1675463
timestamp  : Jan 13 2026 17:47:47
==================================================================================
Shuffling 1005277 object(s) to be freed.
Finished littering. Time taken: 0 seconds.
==================================================================================
==================================================================================
Time elapsed: 31737 ms
==================================================================================
==================================== Litterer ====================================
malloc     : /lib/x86_64-linux-gnu/libc.so.6
seed       : 1736322411
occupancy  : 0.4
shuffle    : yes
sort       : no
sleep      : no
litter     : 1 * 1675463 = 1675463
timestamp  : Jan 13 2026 17:47:47
==================================================================================
Shuffling 1005277 object(s) to be freed.
Finished littering. Time taken: 0 seconds.
==================================================================================
==================================================================================
Time elapsed: 29803 ms
==================================================================================
