==================================== Litterer ====================================
malloc     : /lib/x86_64-linux-gnu/libc.so.6
seed       : 982847343
occupancy  : 0.4
shuffle    : yes
sort       : no
sleep      : no
litter     : 1 * 11675 = 11675
timestamp  : Jan 13 2026 17:47:47
==================================================================================
Shuffling 7005 object(s) to be freed.
Finished littering. Time taken: 0 seconds.
==================================================================================
==================================================================================
Time elapsed: 2251 ms
==================================================================================
==================================== Litterer ====================================
malloc     : /lib/x86_64-linux-gnu/libc.so.6
seed       : 1669853886
occupancy  : 0.4
shuffle    : yes
sort       : no
sleep      : no
litter     : 1 * 11675 = 11675
timestamp  : Jan 13 2026 17:47:47
==================================================================================
Shuffling 7005 object(s) to be freed.
Finished littering. Time taken: 0 seconds.
==================================================================================
==================================================================================
Time elapsed: 2066 ms
==================================================================================
==================================== Litterer ====================================
malloc     : /lib/x86_64-linux-gnu/libc.so.6
seed       : 2279597620
occupancy  : 0.4
shuffle    : yes
sort       : no
sleep      : no
litter     : 1 * 11675 = 11675
timestamp  : Jan 13 2026 17:47:47
==================================================================================
Shuffling 7005 object(s) to be freed.
Finished littering. Time taken: 0 seconds.
==================================================================================
==================================================================================
Time elapsed: 2313 ms
==================================================================================
==================================== Litterer ====================================
malloc     : /lib/x86_64-linux-gnu/libc.so.6
seed       : 4188855860
occupancy  : 0.4
shuffle    : yes
sort       : no
sleep      : no
litter     : 1 * 11675 = 11675
timestamp  : Jan 13 2026 17:47:47
==================================================================================
Shuffling 7005 object(s) to be freed.
Finished littering. Time taken: 0 seconds.
==================================================================================
==================================================================================
Time elapsed: 2202 ms
==================================================================================
==================================== Litterer ====================================
malloc     : /lib/x86_64-linux-gnu/libc.so.6
seed       : 4260472909
occupancy  : 0.4
shuffle    : yes
sort       : no
sleep      : no
litter     : 1 * 11675 = 11675
timestamp  : Jan 13 2026 17:47:47
==================================================================================
Shuffling 7005 object(s) to be freed.
Finished littering. Time taken: 0 seconds.
==================================================================================
==================================================================================
Time elapsed: 2208 ms
==================================================================================
==================================== Litterer ====================================
malloc     : /lib/x86_64-linux-gnu/libc.so.6
seed       : 305365707
occupancy  : 0.4
shuffle    : yes
sort       : no
sleep      : no
litter     : 1 * 11675 = 11675
timestamp  : Jan 13 2026 17:47:47
==================================================================================
Shuffling 7005 object(s) to be freed.
Finished littering. Time taken: 0 seconds.
==================================================================================
==================================================================================
Time elapsed: 2061 ms
==================================================================================
==================================== Litterer ====================================
malloc     : /lib/x86_64-linux-gnu/libc.so.6
seed       : 1587451557
occupancy  : 0.4
shuffle    : yes
sort       : no
sleep      : no
litter     : 1 * 11675 = 11675
timestamp  : Jan 13 2026 17:47:47
==================================================================================
Shuffling 7005 object(s) to be freed.
Finished littering. Time taken: 0 seconds.
==================================================================================
==================================================================================
Time elapsed: 2307 ms
==================================================================================
==================================== Litterer ====================================
malloc     : /lib/x86_64-linux-gnu/libc.so.6
seed       : 2177932891
occupancy  : 0.4
shuffle    : yes
sort       : no
sleep      : no
litter     : 1 * 11675 = 11675
timestamp  : Jan 13 2026 17:47:47
==================================================================================
Shuffling 7005 object(s) to be freed.
Finished littering. Time taken: 0 seconds.
==================================================================================
==================================================================================
Time elapsed: 2079 ms
==================================================================================
==================================== Litterer ====================================
malloc     : /lib/x86_64-linux-gnu/libc.so.6
seed       : 3242333761
occupancy  : 0.4
shuffle    : yes
sort       : no
sleep      : no
litter     : 1 * 11675 = 11675
timestamp  : Jan 13 2026 17:47:47
==================================================================================
Shuffling 7005 object(s) to be freed.
Finished littering. Time taken: 0 seconds.
==================================================================================
==================================================================================
Time elapsed: 2113 ms
==================================================================================
==================================== Litterer ====================================
malloc     : /lib/x86_64-linux-gnu/libc.so.6
seed       : 4240750316
occupancy  : 0.4
shuffle    : yes
sort       : no
sleep      : no
litter     : 1 * 11675 = 11675
timestamp  : Jan 13 2026 17:47:47
==================================================================================
Shuffling 7005 object(s) to be freed.
Finished littering. Time taken: 0 seconds.
==================================================================================
==================================================================================
Time elapsed: 2189 ms
==================================================================================
==================================== Litterer ====================================
malloc     : /lib/x86_64-linux-gnu/libc.so.6
seed       : 934409606
occupancy  : 0.4
shuffle    : yes
sort       : no
sleep      : no
litter     : 1 * 11675 = 11675
timestamp  : Jan 13 2026 17:47:47
==================================================================================
Shuffling 7005 object(s) to be freed.
Finished littering. Time taken: 0 seconds.
==================================================================================
==================================================================================
Time elapsed: 2134 ms
==================================================================================
