==================================== Litterer ====================================
malloc     : /lib/x86_64-linux-gnu/libc.so.6
seed       : 2934825078
occupancy  : 0.4
shuffle    : yes
sort       : no
sleep      : no
litter     : 1 * 0 = 0
timestamp  : Jan 13 2026 17:47:47
==================================================================================
Shuffling 0 object(s) to be freed.
Finished littering. Time taken: 0 seconds.
==================================================================================
==================================================================================
Time elapsed: 20541 ms
==================================================================================
==================================== Litterer ====================================
malloc     : /lib/x86_64-linux-gnu/libc.so.6
seed       : 1539512665
occupancy  : 0.4
shuffle    : yes
sort       : no
sleep      : no
litter     : 1 * 0 = 0
timestamp  : Jan 13 2026 17:47:47
==================================================================================
Shuffling 0 object(s) to be freed.
Finished littering. Time taken: 0 seconds.
==================================================================================
==================================================================================
Time elapsed: 24399 ms
==================================================================================
==================================== Litterer ====================================
malloc     : /lib/x86_64-linux-gnu/libc.so.6
seed       : 3401090517
occupancy  : 0.4
shuffle    : yes
sort       : no
sleep      : no
litter     : 1 * 0 = 0
timestamp  : Jan 13 2026 17:47:47
==================================================================================
Shuffling 0 object(s) to be freed.
Finished littering. Time taken: 0 seconds.
==================================================================================
==================================================================================
Time elapsed: 20742 ms
==================================================================================
==================================== Litterer ====================================
malloc     : /lib/x86_64-linux-gnu/libc.so.6
seed       : 3406261317
occupancy  : 0.4
shuffle    : yes
sort       : no
sleep      : no
litter     : 1 * 0 = 0
timestamp  : Jan 13 2026 17:47:47
==================================================================================
Shuffling 0 object(s) to be freed.
Finished littering. Time taken: 0 seconds.
==================================================================================
==================================================================================
Time elapsed: 21309 ms
==================================================================================
==================================== Litterer ====================================
malloc     : /lib/x86_64-linux-gnu/libc.so.6
seed       : 1363913674
occupancy  : 0.4
shuffle    : yes
sort       : no
sleep      : no
litter     : 1 * 0 = 0
timestamp  : Jan 13 2026 17:47:47
==================================================================================
Shuffling 0 object(s) to be freed.
Finished littering. Time taken: 0 seconds.
==================================================================================
==================================================================================
Time elapsed: 21790 ms
==================================================================================
==================================== Litterer ====================================
malloc     : /lib/x86_64-linux-gnu/libc.so.6
seed       : 2419518084
occupancy  : 0.4
shuffle    : yes
sort       : no
sleep      : no
litter     : 1 * 0 = 0
timestamp  : Jan 13 2026 17:47:47
==================================================================================
Shuffling 0 object(s) to be freed.
Finished littering. Time taken: 0 seconds.
==================================================================================
==================================================================================
Time elapsed: 21050 ms
==================================================================================
==================================== Litterer ====================================
malloc     : /lib/x86_64-linux-gnu/libc.so.6
seed       : 690830769
occupancy  : 0.4
shuffle    : yes
sort       : no
sleep      : no
litter     : 1 * 0 = 0
timestamp  : Jan 13 2026 17:47:47
==================================================================================
Shuffling 0 object(s) to be freed.
Finished littering. Time taken: 0 seconds.
==================================================================================
==================================================================================
Time elapsed: 21280 ms
==================================================================================
==================================== Litterer ====================================
malloc     : /lib/x86_64-linux-gnu/libc.so.6
seed       : 3525275441
occupancy  : 0.4
shuffle    : yes
sort       : no
sleep      : no
litter     : 1 * 0 = 0
timestamp  : Jan 13 2026 17:47:47
==================================================================================
Shuffling 0 object(s) to be freed.
Finished littering. Time taken: 0 seconds.
==================================================================================
==================================================================================
Time elapsed: 20885 ms
==================================================================================
==================================== Litterer ====================================
malloc     : /lib/x86_64-linux-gnu/libc.so.6
seed       : 3619800025
occupancy  : 0.4
shuffle    : yes
sort       : no
sleep      : no
litter     : 1 * 0 = 0
timestamp  : Jan 13 2026 17:47:47
==================================================================================
Shuffling 0 object(s) to be freed.
Finished littering. Time taken: 0 seconds.
==================================================================================
==================================================================================
Time elapsed: 20965 ms
==================================================================================
==================================== Litterer ====================================
malloc     : /lib/x86_64-linux-gnu/libc.so.6
seed       : 3619882983
occupancy  : 0.4
shuffle    : yes
sort       : no
sleep      : no
litter     : 1 * 0 = 0
timestamp  : Jan 13 2026 17:47:47
==================================================================================
Shuffling 0 object(s) to be freed.
Finished littering. Time taken: 0 seconds.
==================================================================================
==================================================================================
Time elapsed: 20897 ms
==================================================================================
==================================== Litterer ====================================
malloc     : /lib/x86_64-linux-gnu/libc.so.6
seed       : 4017993225
occupancy  : 0.4
shuffle    : yes
sort       : no
sleep      : no
litter     : 1 * 0 = 0
timestamp  : Jan 13 2026 17:47:47
==================================================================================
Shuffling 0 object(s) to be freed.
Finished littering. Time taken: 0 seconds.
==================================================================================
==================================================================================
Time elapsed: 21472 ms
==================================================================================
