==================================== Litterer ====================================
malloc     : /lib/x86_64-linux-gnu/libc.so.6
seed       : 131725156
occupancy  : 0.4
shuffle    : yes
sort       : no
sleep      : no
litter     : 1 * 2241631 = 2241631
timestamp  : Jan 13 2026 17:47:47
==================================================================================
Shuffling 1344978 object(s) to be freed.
Finished littering. Time taken: 0 seconds.
==================================================================================
==================================================================================
Time elapsed: 32780 ms
==================================================================================
==================================== Litterer ====================================
malloc     : /lib/x86_64-linux-gnu/libc.so.6
seed       : 2426002335
occupancy  : 0.4
shuffle    : yes
sort       : no
sleep      : no
litter     : 1 * 2241631 = 2241631
timestamp  : Jan 13 2026 17:47:47
==================================================================================
Shuffling 1344978 object(s) to be freed.
Finished littering. Time taken: 0 seconds.
==================================================================================
==================================================================================
Time elapsed: 32685 ms
==================================================================================
==================================== Litterer ====================================
malloc     : /lib/x86_64-linux-gnu/libc.so.6
seed       : 1124518988
occupancy  : 0.4
shuffle    : yes
sort       : no
sleep      : no
litter     : 1 * 2241631 = 2241631
timestamp  : Jan 13 2026 17:47:47
==================================================================================
Shuffling 1344978 object(s) to be freed.
Finished littering. Time taken: 0 seconds.
==================================================================================
==================================================================================
Time elapsed: 33703 ms
==================================================================================
==================================== Litterer ====================================
malloc     : /lib/x86_64-linux-gnu/libc.so.6
seed       : 3964304765
occupancy  : 0.4
shuffle    : yes
sort       : no
sleep      : no
litter     : 1 * 2241631 = 2241631
timestamp  : Jan 13 2026 17:47:47
==================================================================================
Shuffling 1344978 object(s) to be freed.
Finished littering. Time taken: 0 seconds.
==================================================================================
==================================================================================
Time elapsed: 32851 ms
==================================================================================
==================================== Litterer ====================================
malloc     : /lib/x86_64-linux-gnu/libc.so.6
seed       : 420697858
occupancy  : 0.4
shuffle    : yes
sort       : no
sleep      : no
litter     : 1 * 2241631 = 2241631
timestamp  : Jan 13 2026 17:47:47
==================================================================================
Shuffling 1344978 object(s) to be freed.
Finished littering. Time taken: 0 seconds.
==================================================================================
==================================================================================
Time elapsed: 32379 ms
==================================================================================
==================================== Litterer ====================================
malloc     : /lib/x86_64-linux-gnu/libc.so.6
seed       : 1747138890
occupancy  : 0.4
shuffle    : yes
sort       : no
sleep      : no
litter     : 1 * 2241631 = 2241631
timestamp  : Jan 13 2026 17:47:47
==================================================================================
Shuffling 1344978 object(s) to be freed.
Finished littering. Time taken: 0 seconds.
==================================================================================
==================================================================================
Time elapsed: 34353 ms
==================================================================================
==================================== Litterer ====================================
malloc     : /lib/x86_64-linux-gnu/libc.so.6
seed       : 786442092
occupancy  : 0.4
shuffle    : yes
sort       : no
sleep      : no
litter     : 1 * 2241631 = 2241631
timestamp  : Jan 13 2026 17:47:47
==================================================================================
Shuffling 1344978 object(s) to be freed.
Finished littering. Time taken: 0 seconds.
==================================================================================
==================================================================================
Time elapsed: 33118 ms
==================================================================================
==================================== Litterer ====================================
malloc     : /lib/x86_64-linux-gnu/libc.so.6
seed       : 3790789410
occupancy  : 0.4
shuffle    : yes
sort       : no
sleep      : no
litter     : 1 * 2241631 = 2241631
timestamp  : Jan 13 2026 17:47:47
==================================================================================
Shuffling 1344978 object(s) to be freed.
Finished littering. Time taken: 0 seconds.
==================================================================================
==================================================================================
Time elapsed: 32334 ms
==================================================================================
==================================== Litterer ====================================
malloc     : /lib/x86_64-linux-gnu/libc.so.6
seed       : 2167302127
occupancy  : 0.4
shuffle    : yes
sort       : no
sleep      : no
litter     : 1 * 2241631 = 2241631
timestamp  : Jan 13 2026 17:47:47
==================================================================================
Shuffling 1344978 object(s) to be freed.
Finished littering. Time taken: 0 seconds.
==================================================================================
==================================================================================
Time elapsed: 31788 ms
==================================================================================
==================================== Litterer ====================================
malloc     : /lib/x86_64-linux-gnu/libc.so.6
seed       : 3833190243
occupancy  : 0.4
shuffle    : yes
sort       : no
sleep      : no
litter     : 1 * 2241631 = 2241631
timestamp  : Jan 13 2026 17:47:47
==================================================================================
Shuffling 1344978 object(s) to be freed.
Finished littering. Time taken: 0 seconds.
==================================================================================
==================================================================================
Time elapsed: 32687 ms
==================================================================================
==================================== Litterer ====================================
malloc     : /lib/x86_64-linux-gnu/libc.so.6
seed       : 1182212909
occupancy  : 0.4
shuffle    : yes
sort       : no
sleep      : no
litter     : 1 * 2241631 = 2241631
timestamp  : Jan 13 2026 17:47:47
==================================================================================
Shuffling 1344978 object(s) to be freed.
Finished littering. Time taken: 0 seconds.
==================================================================================
==================================================================================
Time elapsed: 32971 ms
==================================================================================
