==================================== Litterer ====================================
malloc     : /lib/x86_64-linux-gnu/libc.so.6
seed       : 2588200941
occupancy  : 0.4
shuffle    : yes
sort       : no
sleep      : no
litter     : 1 * 1493032 = 1493032
timestamp  : Jan 13 2026 17:47:47
==================================================================================
Shuffling 895819 object(s) to be freed.
Finished littering. Time taken: 0 seconds.
==================================================================================
==================================================================================
Time elapsed: 21264 ms
==================================================================================
==================================== Litterer ====================================
malloc     : /lib/x86_64-linux-gnu/libc.so.6
seed       : 2233189124
occupancy  : 0.4
shuffle    : yes
sort       : no
sleep      : no
litter     : 1 * 1493032 = 1493032
timestamp  : Jan 13 2026 17:47:47
==================================================================================
Shuffling 895819 object(s) to be freed.
Finished littering. Time taken: 0 seconds.
==================================================================================
==================================================================================
Time elapsed: 21629 ms
==================================================================================
==================================== Litterer ====================================
malloc     : /lib/x86_64-linux-gnu/libc.so.6
seed       : 1207893702
occupancy  : 0.4
shuffle    : yes
sort       : no
sleep      : no
litter     : 1 * 1493032 = 1493032
timestamp  : Jan 13 2026 17:47:47
==================================================================================
Shuffling 895819 object(s) to be freed.
Finished littering. Time taken: 0 seconds.
==================================================================================
==================================================================================
Time elapsed: 21377 ms
==================================================================================
==================================== Litterer ====================================
malloc     : /lib/x86_64-linux-gnu/libc.so.6
seed       : 2383445458
occupancy  : 0.4
shuffle    : yes
sort       : no
sleep      : no
litter     : 1 * 1493032 = 1493032
timestamp  : Jan 13 2026 17:47:47
==================================================================================
Shuffling 895819 object(s) to be freed.
Finished littering. Time taken: 0 seconds.
==================================================================================
==================================================================================
Time elapsed: 21619 ms
==================================================================================
==================================== Litterer ====================================
malloc     : /lib/x86_64-linux-gnu/libc.so.6
seed       : 2807658295
occupancy  : 0.4
shuffle    : yes
sort       : no
sleep      : no
litter     : 1 * 1493032 = 1493032
timestamp  : Jan 13 2026 17:47:47
==================================================================================
Shuffling 895819 object(s) to be freed.
Finished littering. Time taken: 0 seconds.
==================================================================================
==================================================================================
Time elapsed: 21471 ms
==================================================================================
==================================== Litterer ====================================
malloc     : /lib/x86_64-linux-gnu/libc.so.6
seed       : 1716298463
occupancy  : 0.4
shuffle    : yes
sort       : no
sleep      : no
litter     : 1 * 1493032 = 1493032
timestamp  : Jan 13 2026 17:47:47
==================================================================================
Shuffling 895819 object(s) to be freed.
Finished littering. Time taken: 0 seconds.
==================================================================================
==================================================================================
Time elapsed: 21342 ms
==================================================================================
==================================== Litterer ====================================
malloc     : /lib/x86_64-linux-gnu/libc.so.6
seed       : 1600084231
occupancy  : 0.4
shuffle    : yes
sort       : no
sleep      : no
litter     : 1 * 1493032 = 1493032
timestamp  : Jan 13 2026 17:47:47
==================================================================================
Shuffling 895819 object(s) to be freed.
Finished littering. Time taken: 0 seconds.
==================================================================================
==================================================================================
Time elapsed: 21287 ms
==================================================================================
==================================== Litterer ====================================
malloc     : /lib/x86_64-linux-gnu/libc.so.6
seed       : 3163453963
occupancy  : 0.4
shuffle    : yes
sort       : no
sleep      : no
litter     : 1 * 1493032 = 1493032
timestamp  : Jan 13 2026 17:47:47
==================================================================================
Shuffling 895819 object(s) to be freed.
Finished littering. Time taken: 0 seconds.
==================================================================================
==================================================================================
Time elapsed: 21559 ms
==================================================================================
==================================== Litterer ====================================
malloc     : /lib/x86_64-linux-gnu/libc.so.6
seed       : 3352408344
occupancy  : 0.4
shuffle    : yes
sort       : no
sleep      : no
litter     : 1 * 1493032 = 1493032
timestamp  : Jan 13 2026 17:47:47
==================================================================================
Shuffling 895819 object(s) to be freed.
Finished littering. Time taken: 0 seconds.
==================================================================================
==================================================================================
Time elapsed: 21261 ms
==================================================================================
==================================== Litterer ====================================
malloc     : /lib/x86_64-linux-gnu/libc.so.6
seed       : 3022925578
occupancy  : 0.4
shuffle    : yes
sort       : no
sleep      : no
litter     : 1 * 1493032 = 1493032
timestamp  : Jan 13 2026 17:47:47
==================================================================================
Shuffling 895819 object(s) to be freed.
Finished littering. Time taken: 0 seconds.
==================================================================================
==================================================================================
Time elapsed: 21611 ms
==================================================================================
==================================== Litterer ====================================
malloc     : /lib/x86_64-linux-gnu/libc.so.6
seed       : 3779447132
occupancy  : 0.4
shuffle    : yes
sort       : no
sleep      : no
litter     : 1 * 1493032 = 1493032
timestamp  : Jan 13 2026 17:47:47
==================================================================================
Shuffling 895819 object(s) to be freed.
Finished littering. Time taken: 0 seconds.
==================================================================================
==================================================================================
Time elapsed: 21303 ms
==================================================================================
