==================================== Litterer ====================================
malloc     : /lib/x86_64-linux-gnu/libc.so.6
seed       : 1834555027
occupancy  : 0.4
shuffle    : yes
sort       : no
sleep      : no
litter     : 1 * 3426 = 3426
timestamp  : Jan 13 2026 17:47:47
==================================================================================
Shuffling 2055 object(s) to be freed.
Finished littering. Time taken: 0 seconds.
==================================================================================
==================================================================================
Time elapsed: 10296 ms
==================================================================================
==================================== Litterer ====================================
malloc     : /lib/x86_64-linux-gnu/libc.so.6
seed       : 854204523
occupancy  : 0.4
shuffle    : yes
sort       : no
sleep      : no
litter     : 1 * 3426 = 3426
timestamp  : Jan 13 2026 17:47:47
==================================================================================
Shuffling 2055 object(s) to be freed.
Finished littering. Time taken: 0 seconds.
==================================================================================
==================================================================================
Time elapsed: 10248 ms
==================================================================================
==================================== Litterer ====================================
malloc     : /lib/x86_64-linux-gnu/libc.so.6
seed       : 1558623262
occupancy  : 0.4
shuffle    : yes
sort       : no
sleep      : no
litter     : 1 * 3426 = 3426
timestamp  : Jan 13 2026 17:47:47
==================================================================================
Shuffling 2055 object(s) to be freed.
Finished littering. Time taken: 0 seconds.
==================================================================================
==================================================================================
Time elapsed: 10209 ms
==================================================================================
==================================== Litterer ====================================
malloc     : /lib/x86_64-linux-gnu/libc.so.6
seed       : 821866374
occupancy  : 0.4
shuffle    : yes
sort       : no
sleep      : no
litter     : 1 * 3426 = 3426
timestamp  : Jan 13 2026 17:47:47
==================================================================================
Shuffling 2055 object(s) to be freed.
Finished littering. Time taken: 0 seconds.
==================================================================================
==================================================================================
Time elapsed: 10365 ms
==================================================================================
==================================== Litterer ====================================
malloc     : /lib/x86_64-linux-gnu/libc.so.6
seed       : 14389466
occupancy  : 0.4
shuffle    : yes
sort       : no
sleep      : no
litter     : 1 * 3426 = 3426
timestamp  : Jan 13 2026 17:47:47
==================================================================================
Shuffling 2055 object(s) to be freed.
Finished littering. Time taken: 0 seconds.
==================================================================================
==================================================================================
Time elapsed: 10327 ms
==================================================================================
==================================== Litterer ====================================
malloc     : /lib/x86_64-linux-gnu/libc.so.6
seed       : 866907025
occupancy  : 0.4
shuffle    : yes
sort       : no
sleep      : no
litter     : 1 * 3426 = 3426
timestamp  : Jan 13 2026 17:47:47
==================================================================================
Shuffling 2055 object(s) to be freed.
Finished littering. Time taken: 0 seconds.
==================================================================================
==================================================================================
Time elapsed: 10618 ms
==================================================================================
==================================== Litterer ====================================
malloc     : /lib/x86_64-linux-gnu/libc.so.6
seed       : 934346172
occupancy  : 0.4
shuffle    : yes
sort       : no
sleep      : no
litter     : 1 * 3426 = 3426
timestamp  : Jan 13 2026 17:47:47
==================================================================================
Shuffling 2055 object(s) to be freed.
Finished littering. Time taken: 0 seconds.
==================================================================================
==================================================================================
Time elapsed: 10141 ms
==================================================================================
==================================== Litterer ====================================
malloc     : /lib/x86_64-linux-gnu/libc.so.6
seed       : 1938295340
occupancy  : 0.4
shuffle    : yes
sort       : no
sleep      : no
litter     : 1 * 3426 = 3426
timestamp  : Jan 13 2026 17:47:47
==================================================================================
Shuffling 2055 object(s) to be freed.
Finished littering. Time taken: 0 seconds.
==================================================================================
==================================================================================
Time elapsed: 10224 ms
==================================================================================
==================================== Litterer ====================================
malloc     : /lib/x86_64-linux-gnu/libc.so.6
seed       : 438912629
occupancy  : 0.4
shuffle    : yes
sort       : no
sleep      : no
litter     : 1 * 3426 = 3426
timestamp  : Jan 13 2026 17:47:47
==================================================================================
Shuffling 2055 object(s) to be freed.
Finished littering. Time taken: 0 seconds.
==================================================================================
==================================================================================
Time elapsed: 10299 ms
==================================================================================
==================================== Litterer ====================================
malloc     : /lib/x86_64-linux-gnu/libc.so.6
seed       : 3276677773
occupancy  : 0.4
shuffle    : yes
sort       : no
sleep      : no
litter     : 1 * 3426 = 3426
timestamp  : Jan 13 2026 17:47:47
==================================================================================
Shuffling 2055 object(s) to be freed.
Finished littering. Time taken: 0 seconds.
==================================================================================
==================================================================================
Time elapsed: 10319 ms
==================================================================================
==================================== Litterer ====================================
malloc     : /lib/x86_64-linux-gnu/libc.so.6
seed       : 2361227066
occupancy  : 0.4
shuffle    : yes
sort       : no
sleep      : no
litter     : 1 * 3426 = 3426
timestamp  : Jan 13 2026 17:47:47
==================================================================================
Shuffling 2055 object(s) to be freed.
Finished littering. Time taken: 0 seconds.
==================================================================================
==================================================================================
Time elapsed: 10240 ms
==================================================================================
