==================================== Litterer ====================================
malloc     : /lib/x86_64-linux-gnu/libc.so.6
seed       : 691265756
occupancy  : 0.4
shuffle    : yes
sort       : no
sleep      : no
litter     : 1 * 35622 = 35622
timestamp  : Jan 13 2026 17:47:47
==================================================================================
Shuffling 21373 object(s) to be freed.
Finished littering. Time taken: 0 seconds.
==================================================================================
==================================================================================
Time elapsed: 90176 ms
==================================================================================
==================================== Litterer ====================================
malloc     : /lib/x86_64-linux-gnu/libc.so.6
seed       : 3470015141
occupancy  : 0.4
shuffle    : yes
sort       : no
sleep      : no
litter     : 1 * 35622 = 35622
timestamp  : Jan 13 2026 17:47:47
==================================================================================
Shuffling 21373 object(s) to be freed.
Finished littering. Time taken: 0 seconds.
==================================================================================
==================================================================================
Time elapsed: 90362 ms
==================================================================================
==================================== Litterer ====================================
malloc     : /lib/x86_64-linux-gnu/libc.so.6
seed       : 2285677094
occupancy  : 0.4
shuffle    : yes
sort       : no
sleep      : no
litter     : 1 * 35622 = 35622
timestamp  : Jan 13 2026 17:47:47
==================================================================================
Shuffling 21373 object(s) to be freed.
Finished littering. Time taken: 0 seconds.
==================================================================================
==================================================================================
Time elapsed: 90169 ms
==================================================================================
==================================== Litterer ====================================
malloc     : /lib/x86_64-linux-gnu/libc.so.6
seed       : 4222967659
occupancy  : 0.4
shuffle    : yes
sort       : no
sleep      : no
litter     : 1 * 35622 = 35622
timestamp  : Jan 13 2026 17:47:47
==================================================================================
Shuffling 21373 object(s) to be freed.
Finished littering. Time taken: 0 seconds.
==================================================================================
==================================================================================
Time elapsed: 90257 ms
==================================================================================
==================================== Litterer ====================================
malloc     : /lib/x86_64-linux-gnu/libc.so.6
seed       : 3838001412
occupancy  : 0.4
shuffle    : yes
sort       : no
sleep      : no
litter     : 1 * 35622 = 35622
timestamp  : Jan 13 2026 17:47:47
==================================================================================
Shuffling 21373 object(s) to be freed.
Finished littering. Time taken: 0 seconds.
==================================================================================
==================================================================================
Time elapsed: 90069 ms
==================================================================================
==================================== Litterer ====================================
malloc     : /lib/x86_64-linux-gnu/libc.so.6
seed       : 1144156992
occupancy  : 0.4
shuffle    : yes
sort       : no
sleep      : no
litter     : 1 * 35622 = 35622
timestamp  : Jan 13 2026 17:47:47
==================================================================================
Shuffling 21373 object(s) to be freed.
Finished littering. Time taken: 0 seconds.
==================================================================================
==================================================================================
Time elapsed: 90079 ms
==================================================================================
==================================== Litterer ====================================
malloc     : /lib/x86_64-linux-gnu/libc.so.6
seed       : 1185053893
occupancy  : 0.4
shuffle    : yes
sort       : no
sleep      : no
litter     : 1 * 35622 = 35622
timestamp  : Jan 13 2026 17:47:47
==================================================================================
Shuffling 21373 object(s) to be freed.
Finished littering. Time taken: 0 seconds.
==================================================================================
==================================================================================
Time elapsed: 90109 ms
==================================================================================
==================================== Litterer ====================================
malloc     : /lib/x86_64-linux-gnu/libc.so.6
seed       : 1027893268
occupancy  : 0.4
shuffle    : yes
sort       : no
sleep      : no
litter     : 1 * 35622 = 35622
timestamp  : Jan 13 2026 17:47:47
==================================================================================
Shuffling 21373 object(s) to be freed.
Finished littering. Time taken: 0 seconds.
==================================================================================
==================================================================================
Time elapsed: 90465 ms
==================================================================================
==================================== Litterer ====================================
malloc     : /lib/x86_64-linux-gnu/libc.so.6
seed       : 3338479156
occupancy  : 0.4
shuffle    : yes
sort       : no
sleep      : no
litter     : 1 * 35622 = 35622
timestamp  : Jan 13 2026 17:47:47
==================================================================================
Shuffling 21373 object(s) to be freed.
Finished littering. Time taken: 0 seconds.
==================================================================================
==================================================================================
Time elapsed: 90619 ms
==================================================================================
==================================== Litterer ====================================
malloc     : /lib/x86_64-linux-gnu/libc.so.6
seed       : 2753433301
occupancy  : 0.4
shuffle    : yes
sort       : no
sleep      : no
litter     : 1 * 35622 = 35622
timestamp  : Jan 13 2026 17:47:47
==================================================================================
Shuffling 21373 object(s) to be freed.
Finished littering. Time taken: 0 seconds.
==================================================================================
==================================================================================
Time elapsed: 90058 ms
==================================================================================
==================================== Litterer ====================================
malloc     : /lib/x86_64-linux-gnu/libc.so.6
seed       : 4143725852
occupancy  : 0.4
shuffle    : yes
sort       : no
sleep      : no
litter     : 1 * 35622 = 35622
timestamp  : Jan 13 2026 17:47:47
==================================================================================
Shuffling 21373 object(s) to be freed.
Finished littering. Time taken: 0 seconds.
==================================================================================
==================================================================================
Time elapsed: 90561 ms
==================================================================================
