==================================== Litterer ====================================
malloc     : /lib/x86_64-linux-gnu/libc.so.6
seed       : 2055134469
occupancy  : 0.4
shuffle    : yes
sort       : no
sleep      : no
litter     : 1 * 432 = 432
timestamp  : Jan 13 2026 17:47:47
==================================================================================
Shuffling 259 object(s) to be freed.
Finished littering. Time taken: 0 seconds.
==================================================================================
==================================================================================
Time elapsed: 13229 ms
==================================================================================
==================================== Litterer ====================================
malloc     : /lib/x86_64-linux-gnu/libc.so.6
seed       : 1211058328
occupancy  : 0.4
shuffle    : yes
sort       : no
sleep      : no
litter     : 1 * 432 = 432
timestamp  : Jan 13 2026 17:47:47
==================================================================================
Shuffling 259 object(s) to be freed.
Finished littering. Time taken: 0 seconds.
==================================================================================
==================================================================================
Time elapsed: 13359 ms
==================================================================================
==================================== Litterer ====================================
malloc     : /lib/x86_64-linux-gnu/libc.so.6
seed       : 2142948454
occupancy  : 0.4
shuffle    : yes
sort       : no
sleep      : no
litter     : 1 * 432 = 432
timestamp  : Jan 13 2026 17:47:47
==================================================================================
Shuffling 259 object(s) to be freed.
Finished littering. Time taken: 0 seconds.
==================================================================================
==================================================================================
Time elapsed: 13349 ms
==================================================================================
==================================== Litterer ====================================
malloc     : /lib/x86_64-linux-gnu/libc.so.6
seed       : 3211762513
occupancy  : 0.4
shuffle    : yes
sort       : no
sleep      : no
litter     : 1 * 432 = 432
timestamp  : Jan 13 2026 17:47:47
==================================================================================
Shuffling 259 object(s) to be freed.
Finished littering. Time taken: 0 seconds.
==================================================================================
==================================================================================
Time elapsed: 13563 ms
==================================================================================
==================================== Litterer ====================================
malloc     : /lib/x86_64-linux-gnu/libc.so.6
seed       : 3796158998
occupancy  : 0.4
shuffle    : yes
sort       : no
sleep      : no
litter     : 1 * 432 = 432
timestamp  : Jan 13 2026 17:47:47
==================================================================================
Shuffling 259 object(s) to be freed.
Finished littering. Time taken: 0 seconds.
==================================================================================
==================================================================================
Time elapsed: 13351 ms
==================================================================================
==================================== Litterer ====================================
malloc     : /lib/x86_64-linux-gnu/libc.so.6
seed       : 290545276
occupancy  : 0.4
shuffle    : yes
sort       : no
sleep      : no
litter     : 1 * 432 = 432
timestamp  : Jan 13 2026 17:47:47
==================================================================================
Shuffling 259 object(s) to be freed.
Finished littering. Time taken: 0 seconds.
==================================================================================
==================================================================================
Time elapsed: 13395 ms
==================================================================================
==================================== Litterer ====================================
malloc     : /lib/x86_64-linux-gnu/libc.so.6
seed       : 388961465
occupancy  : 0.4
shuffle    : yes
sort       : no
sleep      : no
litter     : 1 * 432 = 432
timestamp  : Jan 13 2026 17:47:47
==================================================================================
Shuffling 259 object(s) to be freed.
Finished littering. Time taken: 0 seconds.
==================================================================================
==================================================================================
Time elapsed: 13568 ms
==================================================================================
==================================== Litterer ====================================
malloc     : /lib/x86_64-linux-gnu/libc.so.6
seed       : 1272450428
occupancy  : 0.4
shuffle    : yes
sort       : no
sleep      : no
litter     : 1 * 432 = 432
timestamp  : Jan 13 2026 17:47:47
==================================================================================
Shuffling 259 object(s) to be freed.
Finished littering. Time taken: 0 seconds.
==================================================================================
==================================================================================
Time elapsed: 13247 ms
==================================================================================
==================================== Litterer ====================================
malloc     : /lib/x86_64-linux-gnu/libc.so.6
seed       : 2450454417
occupancy  : 0.4
shuffle    : yes
sort       : no
sleep      : no
litter     : 1 * 432 = 432
timestamp  : Jan 13 2026 17:47:47
==================================================================================
Shuffling 259 object(s) to be freed.
Finished littering. Time taken: 0 seconds.
==================================================================================
==================================================================================
Time elapsed: 13465 ms
==================================================================================
==================================== Litterer ====================================
malloc     : /lib/x86_64-linux-gnu/libc.so.6
seed       : 3561017270
occupancy  : 0.4
shuffle    : yes
sort       : no
sleep      : no
litter     : 1 * 432 = 432
timestamp  : Jan 13 2026 17:47:47
==================================================================================
Shuffling 259 object(s) to be freed.
Finished littering. Time taken: 0 seconds.
==================================================================================
==================================================================================
Time elapsed: 13127 ms
==================================================================================
==================================== Litterer ====================================
malloc     : /lib/x86_64-linux-gnu/libc.so.6
seed       : 3639560936
occupancy  : 0.4
shuffle    : yes
sort       : no
sleep      : no
litter     : 1 * 432 = 432
timestamp  : Jan 13 2026 17:47:47
==================================================================================
Shuffling 259 object(s) to be freed.
Finished littering. Time taken: 0 seconds.
==================================================================================
==================================================================================
Time elapsed: 13443 ms
==================================================================================
