==================================== Litterer ====================================
malloc     : /lib/x86_64-linux-gnu/libc.so.6
seed       : 1197049647
occupancy  : 0.4
shuffle    : yes
sort       : no
sleep      : no
litter     : 1 * 27285 = 27285
timestamp  : Jan 13 2026 17:47:47
==================================================================================
Shuffling 16371 object(s) to be freed.
Finished littering. Time taken: 0 seconds.
==================================================================================
==================================================================================
Time elapsed: 55924 ms
==================================================================================
==================================== Litterer ====================================
malloc     : /lib/x86_64-linux-gnu/libc.so.6
seed       : 628399642
occupancy  : 0.4
shuffle    : yes
sort       : no
sleep      : no
litter     : 1 * 27285 = 27285
timestamp  : Jan 13 2026 17:47:47
==================================================================================
Shuffling 16371 object(s) to be freed.
Finished littering. Time taken: 0 seconds.
==================================================================================
==================================================================================
Time elapsed: 55439 ms
==================================================================================
==================================== Litterer ====================================
malloc     : /lib/x86_64-linux-gnu/libc.so.6
seed       : 1002030565
occupancy  : 0.4
shuffle    : yes
sort       : no
sleep      : no
litter     : 1 * 27285 = 27285
timestamp  : Jan 13 2026 17:47:47
==================================================================================
Shuffling 16371 object(s) to be freed.
Finished littering. Time taken: 0 seconds.
==================================================================================
==================================================================================
Time elapsed: 55947 ms
==================================================================================
==================================== Litterer ====================================
malloc     : /lib/x86_64-linux-gnu/libc.so.6
seed       : 3123472544
occupancy  : 0.4
shuffle    : yes
sort       : no
sleep      : no
litter     : 1 * 27285 = 27285
timestamp  : Jan 13 2026 17:47:47
==================================================================================
Shuffling 16371 object(s) to be freed.
Finished littering. Time taken: 0 seconds.
==================================================================================
==================================================================================
Time elapsed: 55081 ms
==================================================================================
==================================== Litterer ====================================
malloc     : /lib/x86_64-linux-gnu/libc.so.6
seed       : 7001630
occupancy  : 0.4
shuffle    : yes
sort       : no
sleep      : no
litter     : 1 * 27285 = 27285
timestamp  : Jan 13 2026 17:47:47
==================================================================================
Shuffling 16371 object(s) to be freed.
Finished littering. Time taken: 0 seconds.
==================================================================================
==================================================================================
Time elapsed: 55296 ms
==================================================================================
==================================== Litterer ====================================
malloc     : /lib/x86_64-linux-gnu/libc.so.6
seed       : 1131301824
occupancy  : 0.4
shuffle    : yes
sort       : no
sleep      : no
litter     : 1 * 27285 = 27285
timestamp  : Jan 13 2026 17:47:47
==================================================================================
Shuffling 16371 object(s) to be freed.
Finished littering. Time taken: 0 seconds.
==================================================================================
==================================================================================
Time elapsed: 55188 ms
==================================================================================
==================================== Litterer ====================================
malloc     : /lib/x86_64-linux-gnu/libc.so.6
seed       : 3940897455
occupancy  : 0.4
shuffle    : yes
sort       : no
sleep      : no
litter     : 1 * 27285 = 27285
timestamp  : Jan 13 2026 17:47:47
==================================================================================
Shuffling 16371 object(s) to be freed.
Finished littering. Time taken: 0 seconds.
==================================================================================
==================================================================================
Time elapsed: 55575 ms
==================================================================================
==================================== Litterer ====================================
malloc     : /lib/x86_64-linux-gnu/libc.so.6
seed       : 3061587436
occupancy  : 0.4
shuffle    : yes
sort       : no
sleep      : no
litter     : 1 * 27285 = 27285
timestamp  : Jan 13 2026 17:47:47
==================================================================================
Shuffling 16371 object(s) to be freed.
Finished littering. Time taken: 0 seconds.
==================================================================================
==================================================================================
Time elapsed: 55204 ms
==================================================================================
==================================== Litterer ====================================
malloc     : /lib/x86_64-linux-gnu/libc.so.6
seed       : 3471826061
occupancy  : 0.4
shuffle    : yes
sort       : no
sleep      : no
litter     : 1 * 27285 = 27285
timestamp  : Jan 13 2026 17:47:47
==================================================================================
Shuffling 16371 object(s) to be freed.
Finished littering. Time taken: 0 seconds.
==================================================================================
==================================================================================
Time elapsed: 55250 ms
==================================================================================
==================================== Litterer ====================================
malloc     : /lib/x86_64-linux-gnu/libc.so.6
seed       : 252694166
occupancy  : 0.4
shuffle    : yes
sort       : no
sleep      : no
litter     : 1 * 27285 = 27285
timestamp  : Jan 13 2026 17:47:47
==================================================================================
Shuffling 16371 object(s) to be freed.
Finished littering. Time taken: 0 seconds.
==================================================================================
==================================================================================
Time elapsed: 55091 ms
==================================================================================
==================================== Litterer ====================================
malloc     : /lib/x86_64-linux-gnu/libc.so.6
seed       : 412936894
occupancy  : 0.4
shuffle    : yes
sort       : no
sleep      : no
litter     : 1 * 27285 = 27285
timestamp  : Jan 13 2026 17:47:47
==================================================================================
Shuffling 16371 object(s) to be freed.
Finished littering. Time taken: 0 seconds.
==================================================================================
==================================================================================
Time elapsed: 55171 ms
==================================================================================
