==================================== Litterer ====================================
malloc     : /lib/x86_64-linux-gnu/libc.so.6
seed       : 4038186357
occupancy  : 0.4
shuffle    : yes
sort       : no
sleep      : no
litter     : 1 * 14279 = 14279
timestamp  : Jan 13 2026 17:47:47
==================================================================================
Shuffling 8567 object(s) to be freed.
Finished littering. Time taken: 0 seconds.
==================================================================================
==================================================================================
Time elapsed: 3709 ms
==================================================================================
==================================== Litterer ====================================
malloc     : /lib/x86_64-linux-gnu/libc.so.6
seed       : 3480864011
occupancy  : 0.4
shuffle    : yes
sort       : no
sleep      : no
litter     : 1 * 14279 = 14279
timestamp  : Jan 13 2026 17:47:47
==================================================================================
Shuffling 8567 object(s) to be freed.
Finished littering. Time taken: 0 seconds.
==================================================================================
==================================================================================
Time elapsed: 35824 ms
==================================================================================
==================================== Litterer ====================================
malloc     : /lib/x86_64-linux-gnu/libc.so.6
seed       : 3701822538
occupancy  : 0.4
shuffle    : yes
sort       : no
sleep      : no
litter     : 1 * 14279 = 14279
timestamp  : Jan 13 2026 17:47:47
==================================================================================
Shuffling 8567 object(s) to be freed.
Finished littering. Time taken: 0 seconds.
==================================================================================
==================================================================================
Time elapsed: 3831 ms
==================================================================================
==================================== Litterer ====================================
malloc     : /lib/x86_64-linux-gnu/libc.so.6
seed       : 2190740221
occupancy  : 0.4
shuffle    : yes
sort       : no
sleep      : no
litter     : 1 * 14279 = 14279
timestamp  : Jan 13 2026 17:47:47
==================================================================================
Shuffling 8567 object(s) to be freed.
Finished littering. Time taken: 0 seconds.
==================================================================================
==================================================================================
Time elapsed: 35695 ms
==================================================================================
==================================== Litterer ====================================
malloc     : /lib/x86_64-linux-gnu/libc.so.6
seed       : 4034749428
occupancy  : 0.4
shuffle    : yes
sort       : no
sleep      : no
litter     : 1 * 14279 = 14279
timestamp  : Jan 13 2026 17:47:47
==================================================================================
Shuffling 8567 object(s) to be freed.
Finished littering. Time taken: 0 seconds.
==================================================================================
==================================================================================
Time elapsed: 3550 ms
==================================================================================
==================================== Litterer ====================================
malloc     : /lib/x86_64-linux-gnu/libc.so.6
seed       : 2901460835
occupancy  : 0.4
shuffle    : yes
sort       : no
sleep      : no
litter     : 1 * 14279 = 14279
timestamp  : Jan 13 2026 17:47:47
==================================================================================
Shuffling 8567 object(s) to be freed.
Finished littering. Time taken: 0 seconds.
==================================================================================
==================================================================================
Time elapsed: 35708 ms
==================================================================================
==================================== Litterer ====================================
malloc     : /lib/x86_64-linux-gnu/libc.so.6
seed       : 1559687281
occupancy  : 0.4
shuffle    : yes
sort       : no
sleep      : no
litter     : 1 * 14279 = 14279
timestamp  : Jan 13 2026 17:47:47
==================================================================================
Shuffling 8567 object(s) to be freed.
Finished littering. Time taken: 0 seconds.
==================================================================================
==================================================================================
Time elapsed: 3870 ms
==================================================================================
==================================== Litterer ====================================
malloc     : /lib/x86_64-linux-gnu/libc.so.6
seed       : 1443873438
occupancy  : 0.4
shuffle    : yes
sort       : no
sleep      : no
litter     : 1 * 14279 = 14279
timestamp  : Jan 13 2026 17:47:47
==================================================================================
Shuffling 8567 object(s) to be freed.
Finished littering. Time taken: 0 seconds.
==================================================================================
==================================================================================
Time elapsed: 35896 ms
==================================================================================
==================================== Litterer ====================================
malloc     : /lib/x86_64-linux-gnu/libc.so.6
seed       : 2925717461
occupancy  : 0.4
shuffle    : yes
sort       : no
sleep      : no
litter     : 1 * 14279 = 14279
timestamp  : Jan 13 2026 17:47:47
==================================================================================
Shuffling 8567 object(s) to be freed.
Finished littering. Time taken: 0 seconds.
==================================================================================
==================================================================================
Time elapsed: 3784 ms
==================================================================================
==================================== Litterer ====================================
malloc     : /lib/x86_64-linux-gnu/libc.so.6
seed       : 3859451110
occupancy  : 0.4
shuffle    : yes
sort       : no
sleep      : no
litter     : 1 * 14279 = 14279
timestamp  : Jan 13 2026 17:47:47
==================================================================================
Shuffling 8567 object(s) to be freed.
Finished littering. Time taken: 0 seconds.
==================================================================================
==================================================================================
Time elapsed: 36082 ms
==================================================================================
==================================== Litterer ====================================
malloc     : /lib/x86_64-linux-gnu/libc.so.6
seed       : 23132980
occupancy  : 0.4
shuffle    : yes
sort       : no
sleep      : no
litter     : 1 * 14279 = 14279
timestamp  : Jan 13 2026 17:47:47
==================================================================================
Shuffling 8567 object(s) to be freed.
Finished littering. Time taken: 0 seconds.
==================================================================================
==================================================================================
Time elapsed: 3771 ms
==================================================================================
==================================== Litterer ====================================
malloc     : /lib/x86_64-linux-gnu/libc.so.6
seed       : 516573928
occupancy  : 0.4
shuffle    : yes
sort       : no
sleep      : no
litter     : 1 * 14279 = 14279
timestamp  : Jan 13 2026 17:47:47
==================================================================================
Shuffling 8567 object(s) to be freed.
Finished littering. Time taken: 0 seconds.
==================================================================================
==================================================================================
Time elapsed: 36012 ms
==================================================================================
==================================== Litterer ====================================
malloc     : /lib/x86_64-linux-gnu/libc.so.6
seed       : 3619619575
occupancy  : 0.4
shuffle    : yes
sort       : no
sleep      : no
litter     : 1 * 14279 = 14279
timestamp  : Jan 13 2026 17:47:47
==================================================================================
Shuffling 8567 object(s) to be freed.
Finished littering. Time taken: 0 seconds.
==================================================================================
==================================================================================
Time elapsed: 3543 ms
==================================================================================
==================================== Litterer ====================================
malloc     : /lib/x86_64-linux-gnu/libc.so.6
seed       : 1776856274
occupancy  : 0.4
shuffle    : yes
sort       : no
sleep      : no
litter     : 1 * 14279 = 14279
timestamp  : Jan 13 2026 17:47:47
==================================================================================
Shuffling 8567 object(s) to be freed.
Finished littering. Time taken: 0 seconds.
==================================================================================
==================================================================================
Time elapsed: 36489 ms
==================================================================================
==================================== Litterer ====================================
malloc     : /lib/x86_64-linux-gnu/libc.so.6
seed       : 1803299585
occupancy  : 0.4
shuffle    : yes
sort       : no
sleep      : no
litter     : 1 * 14279 = 14279
timestamp  : Jan 13 2026 17:47:47
==================================================================================
Shuffling 8567 object(s) to be freed.
Finished littering. Time taken: 0 seconds.
==================================================================================
==================================================================================
Time elapsed: 3554 ms
==================================================================================
==================================== Litterer ====================================
malloc     : /lib/x86_64-linux-gnu/libc.so.6
seed       : 3348307996
occupancy  : 0.4
shuffle    : yes
sort       : no
sleep      : no
litter     : 1 * 14279 = 14279
timestamp  : Jan 13 2026 17:47:47
==================================================================================
Shuffling 8567 object(s) to be freed.
Finished littering. Time taken: 0 seconds.
==================================================================================
==================================================================================
Time elapsed: 36248 ms
==================================================================================
==================================== Litterer ====================================
malloc     : /lib/x86_64-linux-gnu/libc.so.6
seed       : 998181910
occupancy  : 0.4
shuffle    : yes
sort       : no
sleep      : no
litter     : 1 * 14279 = 14279
timestamp  : Jan 13 2026 17:47:47
==================================================================================
Shuffling 8567 object(s) to be freed.
Finished littering. Time taken: 0 seconds.
==================================================================================
==================================================================================
Time elapsed: 3654 ms
==================================================================================
==================================== Litterer ====================================
malloc     : /lib/x86_64-linux-gnu/libc.so.6
seed       : 1814917489
occupancy  : 0.4
shuffle    : yes
sort       : no
sleep      : no
litter     : 1 * 14279 = 14279
timestamp  : Jan 13 2026 17:47:47
==================================================================================
Shuffling 8567 object(s) to be freed.
Finished littering. Time taken: 0 seconds.
==================================================================================
==================================================================================
Time elapsed: 35941 ms
==================================================================================
==================================== Litterer ====================================
malloc     : /lib/x86_64-linux-gnu/libc.so.6
seed       : 4150508275
occupancy  : 0.4
shuffle    : yes
sort       : no
sleep      : no
litter     : 1 * 14279 = 14279
timestamp  : Jan 13 2026 17:47:47
==================================================================================
Shuffling 8567 object(s) to be freed.
Finished littering. Time taken: 0 seconds.
==================================================================================
==================================================================================
Time elapsed: 3719 ms
==================================================================================
==================================== Litterer ====================================
malloc     : /lib/x86_64-linux-gnu/libc.so.6
seed       : 3842674336
occupancy  : 0.4
shuffle    : yes
sort       : no
sleep      : no
litter     : 1 * 14279 = 14279
timestamp  : Jan 13 2026 17:47:47
==================================================================================
Shuffling 8567 object(s) to be freed.
Finished littering. Time taken: 0 seconds.
==================================================================================
==================================================================================
Time elapsed: 35899 ms
==================================================================================
==================================== Litterer ====================================
malloc     : /lib/x86_64-linux-gnu/libc.so.6
seed       : 313293429
occupancy  : 0.4
shuffle    : yes
sort       : no
sleep      : no
litter     : 1 * 14279 = 14279
timestamp  : Jan 13 2026 17:47:47
==================================================================================
Shuffling 8567 object(s) to be freed.
Finished littering. Time taken: 0 seconds.
==================================================================================
==================================================================================
Time elapsed: 3776 ms
==================================================================================
==================================== Litterer ====================================
malloc     : /lib/x86_64-linux-gnu/libc.so.6
seed       : 3406032400
occupancy  : 0.4
shuffle    : yes
sort       : no
sleep      : no
litter     : 1 * 14279 = 14279
timestamp  : Jan 13 2026 17:47:47
==================================================================================
Shuffling 8567 object(s) to be freed.
Finished littering. Time taken: 0 seconds.
==================================================================================
==================================================================================
Time elapsed: 35726 ms
==================================================================================
