==================================== Litterer ====================================
malloc     : /lib/x86_64-linux-gnu/libc.so.6
seed       : 850809395
occupancy  : 0.4
shuffle    : yes
sort       : no
sleep      : no
litter     : 1 * 0 = 0
timestamp  : Jan 13 2026 17:47:47
==================================================================================
Shuffling 0 object(s) to be freed.
Finished littering. Time taken: 0 seconds.
==================================================================================
==================================================================================
Time elapsed: 16613 ms
==================================================================================
==================================== Litterer ====================================
malloc     : /lib/x86_64-linux-gnu/libc.so.6
seed       : 51874028
occupancy  : 0.4
shuffle    : yes
sort       : no
sleep      : no
litter     : 1 * 0 = 0
timestamp  : Jan 13 2026 17:47:47
==================================================================================
Shuffling 0 object(s) to be freed.
Finished littering. Time taken: 0 seconds.
==================================================================================
==================================================================================
Time elapsed: 10771 ms
==================================================================================
==================================== Litterer ====================================
malloc     : /lib/x86_64-linux-gnu/libc.so.6
seed       : 638029705
occupancy  : 0.4
shuffle    : yes
sort       : no
sleep      : no
litter     : 1 * 0 = 0
timestamp  : Jan 13 2026 17:47:47
==================================================================================
Shuffling 0 object(s) to be freed.
Finished littering. Time taken: 0 seconds.
==================================================================================
==================================================================================
Time elapsed: 15967 ms
==================================================================================
==================================== Litterer ====================================
malloc     : /lib/x86_64-linux-gnu/libc.so.6
seed       : 3706306197
occupancy  : 0.4
shuffle    : yes
sort       : no
sleep      : no
litter     : 1 * 0 = 0
timestamp  : Jan 13 2026 17:47:47
==================================================================================
Shuffling 0 object(s) to be freed.
Finished littering. Time taken: 0 seconds.
==================================================================================
==================================================================================
Time elapsed: 9982 ms
==================================================================================
==================================== Litterer ====================================
malloc     : /lib/x86_64-linux-gnu/libc.so.6
seed       : 2881695348
occupancy  : 0.4
shuffle    : yes
sort       : no
sleep      : no
litter     : 1 * 0 = 0
timestamp  : Jan 13 2026 17:47:47
==================================================================================
Shuffling 0 object(s) to be freed.
Finished littering. Time taken: 0 seconds.
==================================================================================
==================================================================================
Time elapsed: 16127 ms
==================================================================================
==================================== Litterer ====================================
malloc     : /lib/x86_64-linux-gnu/libc.so.6
seed       : 2130161835
occupancy  : 0.4
shuffle    : yes
sort       : no
sleep      : no
litter     : 1 * 0 = 0
timestamp  : Jan 13 2026 17:47:47
==================================================================================
Shuffling 0 object(s) to be freed.
Finished littering. Time taken: 0 seconds.
==================================================================================
==================================================================================
Time elapsed: 10279 ms
==================================================================================
==================================== Litterer ====================================
malloc     : /lib/x86_64-linux-gnu/libc.so.6
seed       : 4280582618
occupancy  : 0.4
shuffle    : yes
sort       : no
sleep      : no
litter     : 1 * 0 = 0
timestamp  : Jan 13 2026 17:47:47
==================================================================================
Shuffling 0 object(s) to be freed.
Finished littering. Time taken: 0 seconds.
==================================================================================
==================================================================================
Time elapsed: 16358 ms
==================================================================================
==================================== Litterer ====================================
malloc     : /lib/x86_64-linux-gnu/libc.so.6
seed       : 1617069645
occupancy  : 0.4
shuffle    : yes
sort       : no
sleep      : no
litter     : 1 * 0 = 0
timestamp  : Jan 13 2026 17:47:47
==================================================================================
Shuffling 0 object(s) to be freed.
Finished littering. Time taken: 0 seconds.
==================================================================================
==================================================================================
Time elapsed: 10045 ms
==================================================================================
==================================== Litterer ====================================
malloc     : /lib/x86_64-linux-gnu/libc.so.6
seed       : 2303707033
occupancy  : 0.4
shuffle    : yes
sort       : no
sleep      : no
litter     : 1 * 0 = 0
timestamp  : Jan 13 2026 17:47:47
==================================================================================
Shuffling 0 object(s) to be freed.
Finished littering. Time taken: 0 seconds.
==================================================================================
==================================================================================
Time elapsed: 15901 ms
==================================================================================
==================================== Litterer ====================================
malloc     : /lib/x86_64-linux-gnu/libc.so.6
seed       : 1629815001
occupancy  : 0.4
shuffle    : yes
sort       : no
sleep      : no
litter     : 1 * 0 = 0
timestamp  : Jan 13 2026 17:47:47
==================================================================================
Shuffling 0 object(s) to be freed.
Finished littering. Time taken: 0 seconds.
==================================================================================
==================================================================================
Time elapsed: 10466 ms
==================================================================================
==================================== Litterer ====================================
malloc     : /lib/x86_64-linux-gnu/libc.so.6
seed       : 1261151430
occupancy  : 0.4
shuffle    : yes
sort       : no
sleep      : no
litter     : 1 * 0 = 0
timestamp  : Jan 13 2026 17:47:47
==================================================================================
Shuffling 0 object(s) to be freed.
Finished littering. Time taken: 0 seconds.
==================================================================================
==================================================================================
Time elapsed: 15886 ms
==================================================================================
==================================== Litterer ====================================
malloc     : /lib/x86_64-linux-gnu/libc.so.6
seed       : 3680703697
occupancy  : 0.4
shuffle    : yes
sort       : no
sleep      : no
litter     : 1 * 0 = 0
timestamp  : Jan 13 2026 17:47:47
==================================================================================
Shuffling 0 object(s) to be freed.
Finished littering. Time taken: 0 seconds.
==================================================================================
==================================================================================
Time elapsed: 10416 ms
==================================================================================
==================================== Litterer ====================================
malloc     : /lib/x86_64-linux-gnu/libc.so.6
seed       : 4164557120
occupancy  : 0.4
shuffle    : yes
sort       : no
sleep      : no
litter     : 1 * 0 = 0
timestamp  : Jan 13 2026 17:47:47
==================================================================================
Shuffling 0 object(s) to be freed.
Finished littering. Time taken: 0 seconds.
==================================================================================
==================================================================================
Time elapsed: 16054 ms
==================================================================================
==================================== Litterer ====================================
malloc     : /lib/x86_64-linux-gnu/libc.so.6
seed       : 4012180748
occupancy  : 0.4
shuffle    : yes
sort       : no
sleep      : no
litter     : 1 * 0 = 0
timestamp  : Jan 13 2026 17:47:47
==================================================================================
Shuffling 0 object(s) to be freed.
Finished littering. Time taken: 0 seconds.
==================================================================================
==================================================================================
Time elapsed: 9969 ms
==================================================================================
==================================== Litterer ====================================
malloc     : /lib/x86_64-linux-gnu/libc.so.6
seed       : 1267316637
occupancy  : 0.4
shuffle    : yes
sort       : no
sleep      : no
litter     : 1 * 0 = 0
timestamp  : Jan 13 2026 17:47:47
==================================================================================
Shuffling 0 object(s) to be freed.
Finished littering. Time taken: 0 seconds.
==================================================================================
==================================================================================
Time elapsed: 16269 ms
==================================================================================
==================================== Litterer ====================================
malloc     : /lib/x86_64-linux-gnu/libc.so.6
seed       : 2877612623
occupancy  : 0.4
shuffle    : yes
sort       : no
sleep      : no
litter     : 1 * 0 = 0
timestamp  : Jan 13 2026 17:47:47
==================================================================================
Shuffling 0 object(s) to be freed.
Finished littering. Time taken: 0 seconds.
==================================================================================
==================================================================================
Time elapsed: 10021 ms
==================================================================================
==================================== Litterer ====================================
malloc     : /lib/x86_64-linux-gnu/libc.so.6
seed       : 2652848776
occupancy  : 0.4
shuffle    : yes
sort       : no
sleep      : no
litter     : 1 * 0 = 0
timestamp  : Jan 13 2026 17:47:47
==================================================================================
Shuffling 0 object(s) to be freed.
Finished littering. Time taken: 0 seconds.
==================================================================================
==================================================================================
Time elapsed: 16281 ms
==================================================================================
==================================== Litterer ====================================
malloc     : /lib/x86_64-linux-gnu/libc.so.6
seed       : 1019101618
occupancy  : 0.4
shuffle    : yes
sort       : no
sleep      : no
litter     : 1 * 0 = 0
timestamp  : Jan 13 2026 17:47:47
==================================================================================
Shuffling 0 object(s) to be freed.
Finished littering. Time taken: 0 seconds.
==================================================================================
==================================================================================
Time elapsed: 10412 ms
==================================================================================
==================================== Litterer ====================================
malloc     : /lib/x86_64-linux-gnu/libc.so.6
seed       : 2339571341
occupancy  : 0.4
shuffle    : yes
sort       : no
sleep      : no
litter     : 1 * 0 = 0
timestamp  : Jan 13 2026 17:47:47
==================================================================================
Shuffling 0 object(s) to be freed.
Finished littering. Time taken: 0 seconds.
==================================================================================
==================================================================================
Time elapsed: 15799 ms
==================================================================================
==================================== Litterer ====================================
malloc     : /lib/x86_64-linux-gnu/libc.so.6
seed       : 886688070
occupancy  : 0.4
shuffle    : yes
sort       : no
sleep      : no
litter     : 1 * 0 = 0
timestamp  : Jan 13 2026 17:47:47
==================================================================================
Shuffling 0 object(s) to be freed.
Finished littering. Time taken: 0 seconds.
==================================================================================
==================================================================================
Time elapsed: 10118 ms
==================================================================================
==================================== Litterer ====================================
malloc     : /lib/x86_64-linux-gnu/libc.so.6
seed       : 2179072235
occupancy  : 0.4
shuffle    : yes
sort       : no
sleep      : no
litter     : 1 * 0 = 0
timestamp  : Jan 13 2026 17:47:47
==================================================================================
Shuffling 0 object(s) to be freed.
Finished littering. Time taken: 0 seconds.
==================================================================================
==================================================================================
Time elapsed: 15768 ms
==================================================================================
==================================== Litterer ====================================
malloc     : /lib/x86_64-linux-gnu/libc.so.6
seed       : 3029049725
occupancy  : 0.4
shuffle    : yes
sort       : no
sleep      : no
litter     : 1 * 0 = 0
timestamp  : Jan 13 2026 17:47:47
==================================================================================
Shuffling 0 object(s) to be freed.
Finished littering. Time taken: 0 seconds.
==================================================================================
==================================================================================
Time elapsed: 10146 ms
==================================================================================
