==================================== Litterer ====================================
malloc     : /lib/x86_64-linux-gnu/libc.so.6
seed       : 1461057908
occupancy  : 0.4
shuffle    : yes
sort       : no
sleep      : no
litter     : 1 * 49122 = 49122
timestamp  : Jan 13 2026 17:47:47
==================================================================================
Shuffling 29473 object(s) to be freed.
Finished littering. Time taken: 0 seconds.
==================================================================================
==================================================================================
Time elapsed: 13784 ms
==================================================================================
==================================== Litterer ====================================
malloc     : /lib/x86_64-linux-gnu/libc.so.6
seed       : 2075000191
occupancy  : 0.4
shuffle    : yes
sort       : no
sleep      : no
litter     : 1 * 49122 = 49122
timestamp  : Jan 13 2026 17:47:47
==================================================================================
Shuffling 29473 object(s) to be freed.
Finished littering. Time taken: 0 seconds.
==================================================================================
==================================================================================
Time elapsed: 12282 ms
==================================================================================
==================================== Litterer ====================================
malloc     : /lib/x86_64-linux-gnu/libc.so.6
seed       : 2297735541
occupancy  : 0.4
shuffle    : yes
sort       : no
sleep      : no
litter     : 1 * 49122 = 49122
timestamp  : Jan 13 2026 17:47:47
==================================================================================
Shuffling 29473 object(s) to be freed.
Finished littering. Time taken: 0 seconds.
==================================================================================
==================================================================================
Time elapsed: 1297 ms
==================================================================================
==================================== Litterer ====================================
malloc     : /lib/x86_64-linux-gnu/libc.so.6
seed       : 2746243804
occupancy  : 0.4
shuffle    : yes
sort       : no
sleep      : no
litter     : 1 * 49122 = 49122
timestamp  : Jan 13 2026 17:47:47
==================================================================================
Shuffling 29473 object(s) to be freed.
Finished littering. Time taken: 0 seconds.
==================================================================================
==================================================================================
Time elapsed: 13841 ms
==================================================================================
==================================== Litterer ====================================
malloc     : /lib/x86_64-linux-gnu/libc.so.6
seed       : 1398240385
occupancy  : 0.4
shuffle    : yes
sort       : no
sleep      : no
litter     : 1 * 49122 = 49122
timestamp  : Jan 13 2026 17:47:47
==================================================================================
Shuffling 29473 object(s) to be freed.
Finished littering. Time taken: 0 seconds.
==================================================================================
==================================================================================
Time elapsed: 12086 ms
==================================================================================
==================================== Litterer ====================================
malloc     : /lib/x86_64-linux-gnu/libc.so.6
seed       : 2043841447
occupancy  : 0.4
shuffle    : yes
sort       : no
sleep      : no
litter     : 1 * 49122 = 49122
timestamp  : Jan 13 2026 17:47:47
==================================================================================
Shuffling 29473 object(s) to be freed.
Finished littering. Time taken: 0 seconds.
==================================================================================
==================================================================================
Time elapsed: 1194 ms
==================================================================================
==================================== Litterer ====================================
malloc     : /lib/x86_64-linux-gnu/libc.so.6
seed       : 3237556324
occupancy  : 0.4
shuffle    : yes
sort       : no
sleep      : no
litter     : 1 * 49122 = 49122
timestamp  : Jan 13 2026 17:47:47
==================================================================================
Shuffling 29473 object(s) to be freed.
Finished littering. Time taken: 0 seconds.
==================================================================================
==================================================================================
Time elapsed: 13905 ms
==================================================================================
==================================== Litterer ====================================
malloc     : /lib/x86_64-linux-gnu/libc.so.6
seed       : 3685560697
occupancy  : 0.4
shuffle    : yes
sort       : no
sleep      : no
litter     : 1 * 49122 = 49122
timestamp  : Jan 13 2026 17:47:47
==================================================================================
Shuffling 29473 object(s) to be freed.
Finished littering. Time taken: 0 seconds.
==================================================================================
==================================================================================
Time elapsed: 11941 ms
==================================================================================
==================================== Litterer ====================================
malloc     : /lib/x86_64-linux-gnu/libc.so.6
seed       : 2904580248
occupancy  : 0.4
shuffle    : yes
sort       : no
sleep      : no
litter     : 1 * 49122 = 49122
timestamp  : Jan 13 2026 17:47:47
==================================================================================
Shuffling 29473 object(s) to be freed.
Finished littering. Time taken: 0 seconds.
==================================================================================
==================================================================================
Time elapsed: 1082 ms
==================================================================================
==================================== Litterer ====================================
malloc     : /lib/x86_64-linux-gnu/libc.so.6
seed       : 970862048
occupancy  : 0.4
shuffle    : yes
sort       : no
sleep      : no
litter     : 1 * 49122 = 49122
timestamp  : Jan 13 2026 17:47:47
==================================================================================
Shuffling 29473 object(s) to be freed.
Finished littering. Time taken: 0 seconds.
==================================================================================
==================================================================================
Time elapsed: 14000 ms
==================================================================================
==================================== Litterer ====================================
malloc     : /lib/x86_64-linux-gnu/libc.so.6
seed       : 635967738
occupancy  : 0.4
shuffle    : yes
sort       : no
sleep      : no
litter     : 1 * 49122 = 49122
timestamp  : Jan 13 2026 17:47:47
==================================================================================
Shuffling 29473 object(s) to be freed.
Finished littering. Time taken: 0 seconds.
==================================================================================
==================================================================================
Time elapsed: 12225 ms
==================================================================================
==================================== Litterer ====================================
malloc     : /lib/x86_64-linux-gnu/libc.so.6
seed       : 2159783165
occupancy  : 0.4
shuffle    : yes
sort       : no
sleep      : no
litter     : 1 * 49122 = 49122
timestamp  : Jan 13 2026 17:47:47
==================================================================================
Shuffling 29473 object(s) to be freed.
Finished littering. Time taken: 0 seconds.
==================================================================================
==================================================================================
Time elapsed: 1199 ms
==================================================================================
==================================== Litterer ====================================
malloc     : /lib/x86_64-linux-gnu/libc.so.6
seed       : 746383000
occupancy  : 0.4
shuffle    : yes
sort       : no
sleep      : no
litter     : 1 * 49122 = 49122
timestamp  : Jan 13 2026 17:47:47
==================================================================================
Shuffling 29473 object(s) to be freed.
Finished littering. Time taken: 0 seconds.
==================================================================================
==================================================================================
Time elapsed: 13914 ms
==================================================================================
==================================== Litterer ====================================
malloc     : /lib/x86_64-linux-gnu/libc.so.6
seed       : 3121420003
occupancy  : 0.4
shuffle    : yes
sort       : no
sleep      : no
litter     : 1 * 49122 = 49122
timestamp  : Jan 13 2026 17:47:47
==================================================================================
Shuffling 29473 object(s) to be freed.
Finished littering. Time taken: 0 seconds.
==================================================================================
==================================================================================
Time elapsed: 11926 ms
==================================================================================
==================================== Litterer ====================================
malloc     : /lib/x86_64-linux-gnu/libc.so.6
seed       : 3384657448
occupancy  : 0.4
shuffle    : yes
sort       : no
sleep      : no
litter     : 1 * 49122 = 49122
timestamp  : Jan 13 2026 17:47:47
==================================================================================
Shuffling 29473 object(s) to be freed.
Finished littering. Time taken: 0 seconds.
==================================================================================
==================================================================================
Time elapsed: 1103 ms
==================================================================================
==================================== Litterer ====================================
malloc     : /lib/x86_64-linux-gnu/libc.so.6
seed       : 2081011039
occupancy  : 0.4
shuffle    : yes
sort       : no
sleep      : no
litter     : 1 * 49122 = 49122
timestamp  : Jan 13 2026 17:47:47
==================================================================================
Shuffling 29473 object(s) to be freed.
Finished littering. Time taken: 0 seconds.
==================================================================================
==================================================================================
Time elapsed: 13902 ms
==================================================================================
==================================== Litterer ====================================
malloc     : /lib/x86_64-linux-gnu/libc.so.6
seed       : 4044174002
occupancy  : 0.4
shuffle    : yes
sort       : no
sleep      : no
litter     : 1 * 49122 = 49122
timestamp  : Jan 13 2026 17:47:47
==================================================================================
Shuffling 29473 object(s) to be freed.
Finished littering. Time taken: 0 seconds.
==================================================================================
==================================================================================
Time elapsed: 12406 ms
==================================================================================
==================================== Litterer ====================================
malloc     : /lib/x86_64-linux-gnu/libc.so.6
seed       : 1606210554
occupancy  : 0.4
shuffle    : yes
sort       : no
sleep      : no
litter     : 1 * 49122 = 49122
timestamp  : Jan 13 2026 17:47:47
==================================================================================
Shuffling 29473 object(s) to be freed.
Finished littering. Time taken: 0 seconds.
==================================================================================
==================================================================================
Time elapsed: 1296 ms
==================================================================================
==================================== Litterer ====================================
malloc     : /lib/x86_64-linux-gnu/libc.so.6
seed       : 3380972580
occupancy  : 0.4
shuffle    : yes
sort       : no
sleep      : no
litter     : 1 * 49122 = 49122
timestamp  : Jan 13 2026 17:47:47
==================================================================================
Shuffling 29473 object(s) to be freed.
Finished littering. Time taken: 0 seconds.
==================================================================================
==================================================================================
Time elapsed: 13855 ms
==================================================================================
==================================== Litterer ====================================
malloc     : /lib/x86_64-linux-gnu/libc.so.6
seed       : 3121244326
occupancy  : 0.4
shuffle    : yes
sort       : no
sleep      : no
litter     : 1 * 49122 = 49122
timestamp  : Jan 13 2026 17:47:47
==================================================================================
Shuffling 29473 object(s) to be freed.
Finished littering. Time taken: 0 seconds.
==================================================================================
==================================================================================
Time elapsed: 12209 ms
==================================================================================
==================================== Litterer ====================================
malloc     : /lib/x86_64-linux-gnu/libc.so.6
seed       : 351469502
occupancy  : 0.4
shuffle    : yes
sort       : no
sleep      : no
litter     : 1 * 49122 = 49122
timestamp  : Jan 13 2026 17:47:47
==================================================================================
Shuffling 29473 object(s) to be freed.
Finished littering. Time taken: 0 seconds.
==================================================================================
==================================================================================
Time elapsed: 1209 ms
==================================================================================
==================================== Litterer ====================================
malloc     : /lib/x86_64-linux-gnu/libc.so.6
seed       : 4095239989
occupancy  : 0.4
shuffle    : yes
sort       : no
sleep      : no
litter     : 1 * 49122 = 49122
timestamp  : Jan 13 2026 17:47:47
==================================================================================
Shuffling 29473 object(s) to be freed.
Finished littering. Time taken: 0 seconds.
==================================================================================
==================================================================================
Time elapsed: 14083 ms
==================================================================================
==================================== Litterer ====================================
malloc     : /lib/x86_64-linux-gnu/libc.so.6
seed       : 1228430290
occupancy  : 0.4
shuffle    : yes
sort       : no
sleep      : no
litter     : 1 * 49122 = 49122
timestamp  : Jan 13 2026 17:47:47
==================================================================================
Shuffling 29473 object(s) to be freed.
Finished littering. Time taken: 0 seconds.
==================================================================================
==================================================================================
Time elapsed: 12168 ms
==================================================================================
==================================== Litterer ====================================
malloc     : /lib/x86_64-linux-gnu/libc.so.6
seed       : 17600000
occupancy  : 0.4
shuffle    : yes
sort       : no
sleep      : no
litter     : 1 * 49122 = 49122
timestamp  : Jan 13 2026 17:47:47
==================================================================================
Shuffling 29473 object(s) to be freed.
Finished littering. Time taken: 0 seconds.
==================================================================================
==================================================================================
Time elapsed: 1112 ms
==================================================================================
==================================== Litterer ====================================
malloc     : /lib/x86_64-linux-gnu/libc.so.6
seed       : 3268942680
occupancy  : 0.4
shuffle    : yes
sort       : no
sleep      : no
litter     : 1 * 49122 = 49122
timestamp  : Jan 13 2026 17:47:47
==================================================================================
Shuffling 29473 object(s) to be freed.
Finished littering. Time taken: 0 seconds.
==================================================================================
==================================================================================
Time elapsed: 13891 ms
==================================================================================
==================================== Litterer ====================================
malloc     : /lib/x86_64-linux-gnu/libc.so.6
seed       : 4040582949
occupancy  : 0.4
shuffle    : yes
sort       : no
sleep      : no
litter     : 1 * 49122 = 49122
timestamp  : Jan 13 2026 17:47:47
==================================================================================
Shuffling 29473 object(s) to be freed.
Finished littering. Time taken: 0 seconds.
==================================================================================
==================================================================================
Time elapsed: 12225 ms
==================================================================================
==================================== Litterer ====================================
malloc     : /lib/x86_64-linux-gnu/libc.so.6
seed       : 2228115393
occupancy  : 0.4
shuffle    : yes
sort       : no
sleep      : no
litter     : 1 * 49122 = 49122
timestamp  : Jan 13 2026 17:47:47
==================================================================================
Shuffling 29473 object(s) to be freed.
Finished littering. Time taken: 0 seconds.
==================================================================================
==================================================================================
Time elapsed: 1401 ms
==================================================================================
==================================== Litterer ====================================
malloc     : /lib/x86_64-linux-gnu/libc.so.6
seed       : 2277558809
occupancy  : 0.4
shuffle    : yes
sort       : no
sleep      : no
litter     : 1 * 49122 = 49122
timestamp  : Jan 13 2026 17:47:47
==================================================================================
Shuffling 29473 object(s) to be freed.
Finished littering. Time taken: 0 seconds.
==================================================================================
==================================================================================
Time elapsed: 14356 ms
==================================================================================
==================================== Litterer ====================================
malloc     : /lib/x86_64-linux-gnu/libc.so.6
seed       : 3239670451
occupancy  : 0.4
shuffle    : yes
sort       : no
sleep      : no
litter     : 1 * 49122 = 49122
timestamp  : Jan 13 2026 17:47:47
==================================================================================
Shuffling 29473 object(s) to be freed.
Finished littering. Time taken: 0 seconds.
==================================================================================
==================================================================================
Time elapsed: 12200 ms
==================================================================================
==================================== Litterer ====================================
malloc     : /lib/x86_64-linux-gnu/libc.so.6
seed       : 2454246558
occupancy  : 0.4
shuffle    : yes
sort       : no
sleep      : no
litter     : 1 * 49122 = 49122
timestamp  : Jan 13 2026 17:47:47
==================================================================================
Shuffling 29473 object(s) to be freed.
Finished littering. Time taken: 0 seconds.
==================================================================================
==================================================================================
Time elapsed: 1278 ms
==================================================================================
==================================== Litterer ====================================
malloc     : /lib/x86_64-linux-gnu/libc.so.6
seed       : 278767733
occupancy  : 0.4
shuffle    : yes
sort       : no
sleep      : no
litter     : 1 * 49122 = 49122
timestamp  : Jan 13 2026 17:47:47
==================================================================================
Shuffling 29473 object(s) to be freed.
Finished littering. Time taken: 0 seconds.
==================================================================================
==================================================================================
Time elapsed: 14310 ms
==================================================================================
==================================== Litterer ====================================
malloc     : /lib/x86_64-linux-gnu/libc.so.6
seed       : 2679617382
occupancy  : 0.4
shuffle    : yes
sort       : no
sleep      : no
litter     : 1 * 49122 = 49122
timestamp  : Jan 13 2026 17:47:47
==================================================================================
Shuffling 29473 object(s) to be freed.
Finished littering. Time taken: 0 seconds.
==================================================================================
==================================================================================
Time elapsed: 12235 ms
==================================================================================
==================================== Litterer ====================================
malloc     : /lib/x86_64-linux-gnu/libc.so.6
seed       : 549499533
occupancy  : 0.4
shuffle    : yes
sort       : no
sleep      : no
litter     : 1 * 49122 = 49122
timestamp  : Jan 13 2026 17:47:47
==================================================================================
Shuffling 29473 object(s) to be freed.
Finished littering. Time taken: 0 seconds.
==================================================================================
==================================================================================
Time elapsed: 1095 ms
==================================================================================
