==================================== Litterer ====================================
malloc     : /lib/x86_64-linux-gnu/libc.so.6
seed       : 997614117
occupancy  : 0.4
shuffle    : yes
sort       : no
sleep      : no
litter     : 1 * 13228 = 13228
timestamp  : Jan 13 2026 17:47:47
==================================================================================
Shuffling 7936 object(s) to be freed.
Finished littering. Time taken: 0 seconds.
==================================================================================
==================================================================================
Time elapsed: 43223 ms
==================================================================================
==================================== Litterer ====================================
malloc     : /lib/x86_64-linux-gnu/libc.so.6
seed       : 2678041445
occupancy  : 0.4
shuffle    : yes
sort       : no
sleep      : no
litter     : 1 * 13228 = 13228
timestamp  : Jan 13 2026 17:47:47
==================================================================================
Shuffling 7936 object(s) to be freed.
Finished littering. Time taken: 0 seconds.
==================================================================================
==================================================================================
Time elapsed: 42797 ms
==================================================================================
==================================== Litterer ====================================
malloc     : /lib/x86_64-linux-gnu/libc.so.6
seed       : 2483567348
occupancy  : 0.4
shuffle    : yes
sort       : no
sleep      : no
litter     : 1 * 13228 = 13228
timestamp  : Jan 13 2026 17:47:47
==================================================================================
Shuffling 7936 object(s) to be freed.
Finished littering. Time taken: 0 seconds.
==================================================================================
==================================================================================
Time elapsed: 43861 ms
==================================================================================
==================================== Litterer ====================================
malloc     : /lib/x86_64-linux-gnu/libc.so.6
seed       : 1110111025
occupancy  : 0.4
shuffle    : yes
sort       : no
sleep      : no
litter     : 1 * 13228 = 13228
timestamp  : Jan 13 2026 17:47:47
==================================================================================
Shuffling 7936 object(s) to be freed.
Finished littering. Time taken: 0 seconds.
==================================================================================
==================================================================================
Time elapsed: 43057 ms
==================================================================================
==================================== Litterer ====================================
malloc     : /lib/x86_64-linux-gnu/libc.so.6
seed       : 820615501
occupancy  : 0.4
shuffle    : yes
sort       : no
sleep      : no
litter     : 1 * 13228 = 13228
timestamp  : Jan 13 2026 17:47:47
==================================================================================
Shuffling 7936 object(s) to be freed.
Finished littering. Time taken: 0 seconds.
==================================================================================
==================================================================================
Time elapsed: 43476 ms
==================================================================================
==================================== Litterer ====================================
malloc     : /lib/x86_64-linux-gnu/libc.so.6
seed       : 1200985061
occupancy  : 0.4
shuffle    : yes
sort       : no
sleep      : no
litter     : 1 * 13228 = 13228
timestamp  : Jan 13 2026 17:47:47
==================================================================================
Shuffling 7936 object(s) to be freed.
Finished littering. Time taken: 0 seconds.
==================================================================================
==================================================================================
Time elapsed: 44911 ms
==================================================================================
==================================== Litterer ====================================
malloc     : /lib/x86_64-linux-gnu/libc.so.6
seed       : 3342724499
occupancy  : 0.4
shuffle    : yes
sort       : no
sleep      : no
litter     : 1 * 13228 = 13228
timestamp  : Jan 13 2026 17:47:47
==================================================================================
Shuffling 7936 object(s) to be freed.
Finished littering. Time taken: 0 seconds.
==================================================================================
==================================================================================
Time elapsed: 45167 ms
==================================================================================
==================================== Litterer ====================================
malloc     : /lib/x86_64-linux-gnu/libc.so.6
seed       : 3115281740
occupancy  : 0.4
shuffle    : yes
sort       : no
sleep      : no
litter     : 1 * 13228 = 13228
timestamp  : Jan 13 2026 17:47:47
==================================================================================
Shuffling 7936 object(s) to be freed.
Finished littering. Time taken: 0 seconds.
==================================================================================
==================================================================================
Time elapsed: 43561 ms
==================================================================================
==================================== Litterer ====================================
malloc     : /lib/x86_64-linux-gnu/libc.so.6
seed       : 2310843495
occupancy  : 0.4
shuffle    : yes
sort       : no
sleep      : no
litter     : 1 * 13228 = 13228
timestamp  : Jan 13 2026 17:47:47
==================================================================================
Shuffling 7936 object(s) to be freed.
Finished littering. Time taken: 0 seconds.
==================================================================================
==================================================================================
Time elapsed: 43122 ms
==================================================================================
==================================== Litterer ====================================
malloc     : /lib/x86_64-linux-gnu/libc.so.6
seed       : 2725135823
occupancy  : 0.4
shuffle    : yes
sort       : no
sleep      : no
litter     : 1 * 13228 = 13228
timestamp  : Jan 13 2026 17:47:47
==================================================================================
Shuffling 7936 object(s) to be freed.
Finished littering. Time taken: 0 seconds.
==================================================================================
==================================================================================
Time elapsed: 43416 ms
==================================================================================
==================================== Litterer ====================================
malloc     : /lib/x86_64-linux-gnu/libc.so.6
seed       : 2299117699
occupancy  : 0.4
shuffle    : yes
sort       : no
sleep      : no
litter     : 1 * 13228 = 13228
timestamp  : Jan 13 2026 17:47:47
==================================================================================
Shuffling 7936 object(s) to be freed.
Finished littering. Time taken: 0 seconds.
==================================================================================
==================================================================================
Time elapsed: 44128 ms
==================================================================================
