==================================== Litterer ====================================
malloc     : /lib/x86_64-linux-gnu/libc.so.6
seed       : 3059333701
occupancy  : 0.4
shuffle    : yes
sort       : no
sleep      : no
litter     : 1 * 0 = 0
timestamp  : Jan 13 2026 17:47:47
==================================================================================
Shuffling 0 object(s) to be freed.
Finished littering. Time taken: 0 seconds.
==================================================================================
==================================================================================
Time elapsed: 177406 ms
==================================================================================
==================================== Litterer ====================================
malloc     : /lib/x86_64-linux-gnu/libc.so.6
seed       : 3199438542
occupancy  : 0.4
shuffle    : yes
sort       : no
sleep      : no
litter     : 1 * 0 = 0
timestamp  : Jan 13 2026 17:47:47
==================================================================================
Shuffling 0 object(s) to be freed.
Finished littering. Time taken: 0 seconds.
==================================================================================
==================================================================================
Time elapsed: 175748 ms
==================================================================================
==================================== Litterer ====================================
malloc     : /lib/x86_64-linux-gnu/libc.so.6
seed       : 3499817193
occupancy  : 0.4
shuffle    : yes
sort       : no
sleep      : no
litter     : 1 * 0 = 0
timestamp  : Jan 13 2026 17:47:47
==================================================================================
Shuffling 0 object(s) to be freed.
Finished littering. Time taken: 0 seconds.
==================================================================================
==================================================================================
Time elapsed: 176049 ms
==================================================================================
==================================== Litterer ====================================
malloc     : /lib/x86_64-linux-gnu/libc.so.6
seed       : 989477740
occupancy  : 0.4
shuffle    : yes
sort       : no
sleep      : no
litter     : 1 * 0 = 0
timestamp  : Jan 13 2026 17:47:47
==================================================================================
Shuffling 0 object(s) to be freed.
Finished littering. Time taken: 0 seconds.
==================================================================================
==================================================================================
Time elapsed: 176608 ms
==================================================================================
==================================== Litterer ====================================
malloc     : /lib/x86_64-linux-gnu/libc.so.6
seed       : 817048508
occupancy  : 0.4
shuffle    : yes
sort       : no
sleep      : no
litter     : 1 * 0 = 0
timestamp  : Jan 13 2026 17:47:47
==================================================================================
Shuffling 0 object(s) to be freed.
Finished littering. Time taken: 0 seconds.
==================================================================================
==================================================================================
Time elapsed: 174340 ms
==================================================================================
==================================== Litterer ====================================
malloc     : /lib/x86_64-linux-gnu/libc.so.6
seed       : 1276969521
occupancy  : 0.4
shuffle    : yes
sort       : no
sleep      : no
litter     : 1 * 0 = 0
timestamp  : Jan 13 2026 17:47:47
==================================================================================
Shuffling 0 object(s) to be freed.
Finished littering. Time taken: 0 seconds.
==================================================================================
==================================================================================
Time elapsed: 177181 ms
==================================================================================
==================================== Litterer ====================================
malloc     : /lib/x86_64-linux-gnu/libc.so.6
seed       : 2904709237
occupancy  : 0.4
shuffle    : yes
sort       : no
sleep      : no
litter     : 1 * 0 = 0
timestamp  : Jan 13 2026 17:47:47
==================================================================================
Shuffling 0 object(s) to be freed.
Finished littering. Time taken: 0 seconds.
==================================================================================
==================================================================================
Time elapsed: 177044 ms
==================================================================================
==================================== Litterer ====================================
malloc     : /lib/x86_64-linux-gnu/libc.so.6
seed       : 2485437772
occupancy  : 0.4
shuffle    : yes
sort       : no
sleep      : no
litter     : 1 * 0 = 0
timestamp  : Jan 13 2026 17:47:47
==================================================================================
Shuffling 0 object(s) to be freed.
Finished littering. Time taken: 0 seconds.
==================================================================================
==================================================================================
Time elapsed: 175170 ms
==================================================================================
==================================== Litterer ====================================
malloc     : /lib/x86_64-linux-gnu/libc.so.6
seed       : 2963371797
occupancy  : 0.4
shuffle    : yes
sort       : no
sleep      : no
litter     : 1 * 0 = 0
timestamp  : Jan 13 2026 17:47:47
==================================================================================
Shuffling 0 object(s) to be freed.
Finished littering. Time taken: 0 seconds.
==================================================================================
==================================================================================
Time elapsed: 180828 ms
==================================================================================
==================================== Litterer ====================================
malloc     : /lib/x86_64-linux-gnu/libc.so.6
seed       : 282891208
occupancy  : 0.4
shuffle    : yes
sort       : no
sleep      : no
litter     : 1 * 0 = 0
timestamp  : Jan 13 2026 17:47:47
==================================================================================
Shuffling 0 object(s) to be freed.
Finished littering. Time taken: 0 seconds.
==================================================================================
==================================================================================
Time elapsed: 178584 ms
==================================================================================
==================================== Litterer ====================================
malloc     : /lib/x86_64-linux-gnu/libc.so.6
seed       : 2202258741
occupancy  : 0.4
shuffle    : yes
sort       : no
sleep      : no
litter     : 1 * 0 = 0
timestamp  : Jan 13 2026 17:47:47
==================================================================================
Shuffling 0 object(s) to be freed.
Finished littering. Time taken: 0 seconds.
==================================================================================
==================================================================================
Time elapsed: 175354 ms
==================================================================================
