==================================== Litterer ====================================
malloc     : /lib/x86_64-linux-gnu/libc.so.6
seed       : 4217358243
occupancy  : 0.4
shuffle    : yes
sort       : no
sleep      : no
litter     : 1 * 2241631 = 2241631
timestamp  : Jan 13 2026 17:47:47
==================================================================================
Shuffling 1344978 object(s) to be freed.
Finished littering. Time taken: 0 seconds.
==================================================================================
==================================================================================
Time elapsed: 33559 ms
==================================================================================
==================================== Litterer ====================================
malloc     : /lib/x86_64-linux-gnu/libc.so.6
seed       : 4142702589
occupancy  : 0.4
shuffle    : yes
sort       : no
sleep      : no
litter     : 1 * 2241631 = 2241631
timestamp  : Jan 13 2026 17:47:47
==================================================================================
Shuffling 1344978 object(s) to be freed.
Finished littering. Time taken: 0 seconds.
==================================================================================
==================================================================================
Time elapsed: 32539 ms
==================================================================================
==================================== Litterer ====================================
malloc     : /lib/x86_64-linux-gnu/libc.so.6
seed       : 1570404418
occupancy  : 0.4
shuffle    : yes
sort       : no
sleep      : no
litter     : 1 * 2241631 = 2241631
timestamp  : Jan 13 2026 17:47:47
==================================================================================
Shuffling 1344978 object(s) to be freed.
Finished littering. Time taken: 0 seconds.
==================================================================================
==================================================================================
Time elapsed: 32236 ms
==================================================================================
==================================== Litterer ====================================
malloc     : /lib/x86_64-linux-gnu/libc.so.6
seed       : 3027646895
occupancy  : 0.4
shuffle    : yes
sort       : no
sleep      : no
litter     : 1 * 2241631 = 2241631
timestamp  : Jan 13 2026 17:47:47
==================================================================================
Shuffling 1344978 object(s) to be freed.
Finished littering. Time taken: 0 seconds.
==================================================================================
==================================================================================
Time elapsed: 32602 ms
==================================================================================
==================================== Litterer ====================================
malloc     : /lib/x86_64-linux-gnu/libc.so.6
seed       : 1237206887
occupancy  : 0.4
shuffle    : yes
sort       : no
sleep      : no
litter     : 1 * 2241631 = 2241631
timestamp  : Jan 13 2026 17:47:47
==================================================================================
Shuffling 1344978 object(s) to be freed.
Finished littering. Time taken: 0 seconds.
==================================================================================
==================================================================================
Time elapsed: 32038 ms
==================================================================================
==================================== Litterer ====================================
malloc     : /lib/x86_64-linux-gnu/libc.so.6
seed       : 1413627565
occupancy  : 0.4
shuffle    : yes
sort       : no
sleep      : no
litter     : 1 * 2241631 = 2241631
timestamp  : Jan 13 2026 17:47:47
==================================================================================
Shuffling 1344978 object(s) to be freed.
Finished littering. Time taken: 0 seconds.
==================================================================================
==================================================================================
Time elapsed: 32729 ms
==================================================================================
==================================== Litterer ====================================
malloc     : /lib/x86_64-linux-gnu/libc.so.6
seed       : 1013738467
occupancy  : 0.4
shuffle    : yes
sort       : no
sleep      : no
litter     : 1 * 2241631 = 2241631
timestamp  : Jan 13 2026 17:47:47
==================================================================================
Shuffling 1344978 object(s) to be freed.
Finished littering. Time taken: 0 seconds.
==================================================================================
==================================================================================
Time elapsed: 32254 ms
==================================================================================
==================================== Litterer ====================================
malloc     : /lib/x86_64-linux-gnu/libc.so.6
seed       : 269510705
occupancy  : 0.4
shuffle    : yes
sort       : no
sleep      : no
litter     : 1 * 2241631 = 2241631
timestamp  : Jan 13 2026 17:47:47
==================================================================================
Shuffling 1344978 object(s) to be freed.
Finished littering. Time taken: 0 seconds.
==================================================================================
==================================================================================
Time elapsed: 31599 ms
==================================================================================
==================================== Litterer ====================================
malloc     : /lib/x86_64-linux-gnu/libc.so.6
seed       : 830624892
occupancy  : 0.4
shuffle    : yes
sort       : no
sleep      : no
litter     : 1 * 2241631 = 2241631
timestamp  : Jan 13 2026 17:47:47
==================================================================================
Shuffling 1344978 object(s) to be freed.
Finished littering. Time taken: 0 seconds.
==================================================================================
==================================================================================
Time elapsed: 33138 ms
==================================================================================
==================================== Litterer ====================================
malloc     : /lib/x86_64-linux-gnu/libc.so.6
seed       : 133137662
occupancy  : 0.4
shuffle    : yes
sort       : no
sleep      : no
litter     : 1 * 2241631 = 2241631
timestamp  : Jan 13 2026 17:47:47
==================================================================================
Shuffling 1344978 object(s) to be freed.
Finished littering. Time taken: 0 seconds.
==================================================================================
==================================================================================
Time elapsed: 32139 ms
==================================================================================
==================================== Litterer ====================================
malloc     : /lib/x86_64-linux-gnu/libc.so.6
seed       : 2033286441
occupancy  : 0.4
shuffle    : yes
sort       : no
sleep      : no
litter     : 1 * 2241631 = 2241631
timestamp  : Jan 13 2026 17:47:47
==================================================================================
Shuffling 1344978 object(s) to be freed.
Finished littering. Time taken: 0 seconds.
==================================================================================
==================================================================================
Time elapsed: 31893 ms
==================================================================================
