==================================== Litterer ====================================
malloc     : /lib/x86_64-linux-gnu/libc.so.6
seed       : 3167451067
occupancy  : 0.4
shuffle    : yes
sort       : no
sleep      : no
litter     : 1 * 1493031 = 1493031
timestamp  : Jan 13 2026 17:47:47
==================================================================================
Shuffling 895818 object(s) to be freed.
Finished littering. Time taken: 0 seconds.
==================================================================================
==================================================================================
Time elapsed: 21276 ms
==================================================================================
==================================== Litterer ====================================
malloc     : /lib/x86_64-linux-gnu/libc.so.6
seed       : 3197324801
occupancy  : 0.4
shuffle    : yes
sort       : no
sleep      : no
litter     : 1 * 1493031 = 1493031
timestamp  : Jan 13 2026 17:47:47
==================================================================================
Shuffling 895818 object(s) to be freed.
Finished littering. Time taken: 0 seconds.
==================================================================================
==================================================================================
Time elapsed: 21271 ms
==================================================================================
==================================== Litterer ====================================
malloc     : /lib/x86_64-linux-gnu/libc.so.6
seed       : 2912170577
occupancy  : 0.4
shuffle    : yes
sort       : no
sleep      : no
litter     : 1 * 1493031 = 1493031
timestamp  : Jan 13 2026 17:47:47
==================================================================================
Shuffling 895818 object(s) to be freed.
Finished littering. Time taken: 0 seconds.
==================================================================================
==================================================================================
Time elapsed: 21249 ms
==================================================================================
==================================== Litterer ====================================
malloc     : /lib/x86_64-linux-gnu/libc.so.6
seed       : 1767772606
occupancy  : 0.4
shuffle    : yes
sort       : no
sleep      : no
litter     : 1 * 1493031 = 1493031
timestamp  : Jan 13 2026 17:47:47
==================================================================================
Shuffling 895818 object(s) to be freed.
Finished littering. Time taken: 0 seconds.
==================================================================================
==================================================================================
Time elapsed: 21248 ms
==================================================================================
==================================== Litterer ====================================
malloc     : /lib/x86_64-linux-gnu/libc.so.6
seed       : 1537059382
occupancy  : 0.4
shuffle    : yes
sort       : no
sleep      : no
litter     : 1 * 1493031 = 1493031
timestamp  : Jan 13 2026 17:47:47
==================================================================================
Shuffling 895818 object(s) to be freed.
Finished littering. Time taken: 0 seconds.
==================================================================================
==================================================================================
Time elapsed: 21350 ms
==================================================================================
==================================== Litterer ====================================
malloc     : /lib/x86_64-linux-gnu/libc.so.6
seed       : 2496435134
occupancy  : 0.4
shuffle    : yes
sort       : no
sleep      : no
litter     : 1 * 1493031 = 1493031
timestamp  : Jan 13 2026 17:47:47
==================================================================================
Shuffling 895818 object(s) to be freed.
Finished littering. Time taken: 0 seconds.
==================================================================================
==================================================================================
Time elapsed: 21483 ms
==================================================================================
==================================== Litterer ====================================
malloc     : /lib/x86_64-linux-gnu/libc.so.6
seed       : 4266267105
occupancy  : 0.4
shuffle    : yes
sort       : no
sleep      : no
litter     : 1 * 1493031 = 1493031
timestamp  : Jan 13 2026 17:47:47
==================================================================================
Shuffling 895818 object(s) to be freed.
Finished littering. Time taken: 0 seconds.
==================================================================================
==================================================================================
Time elapsed: 21278 ms
==================================================================================
==================================== Litterer ====================================
malloc     : /lib/x86_64-linux-gnu/libc.so.6
seed       : 2075850847
occupancy  : 0.4
shuffle    : yes
sort       : no
sleep      : no
litter     : 1 * 1493031 = 1493031
timestamp  : Jan 13 2026 17:47:47
==================================================================================
Shuffling 895818 object(s) to be freed.
Finished littering. Time taken: 0 seconds.
==================================================================================
==================================================================================
Time elapsed: 21289 ms
==================================================================================
==================================== Litterer ====================================
malloc     : /lib/x86_64-linux-gnu/libc.so.6
seed       : 1925657258
occupancy  : 0.4
shuffle    : yes
sort       : no
sleep      : no
litter     : 1 * 1493031 = 1493031
timestamp  : Jan 13 2026 17:47:47
==================================================================================
Shuffling 895818 object(s) to be freed.
Finished littering. Time taken: 0 seconds.
==================================================================================
==================================================================================
Time elapsed: 21281 ms
==================================================================================
==================================== Litterer ====================================
malloc     : /lib/x86_64-linux-gnu/libc.so.6
seed       : 2595144749
occupancy  : 0.4
shuffle    : yes
sort       : no
sleep      : no
litter     : 1 * 1493031 = 1493031
timestamp  : Jan 13 2026 17:47:47
==================================================================================
Shuffling 895818 object(s) to be freed.
Finished littering. Time taken: 0 seconds.
==================================================================================
==================================================================================
Time elapsed: 21708 ms
==================================================================================
==================================== Litterer ====================================
malloc     : /lib/x86_64-linux-gnu/libc.so.6
seed       : 1450258360
occupancy  : 0.4
shuffle    : yes
sort       : no
sleep      : no
litter     : 1 * 1493031 = 1493031
timestamp  : Jan 13 2026 17:47:47
==================================================================================
Shuffling 895818 object(s) to be freed.
Finished littering. Time taken: 0 seconds.
==================================================================================
==================================================================================
Time elapsed: 21365 ms
==================================================================================
