==================================== Litterer ====================================
malloc     : /lib/x86_64-linux-gnu/libc.so.6
seed       : 329408127
occupancy  : 0.4
shuffle    : yes
sort       : no
sleep      : no
litter     : 1 * 3426 = 3426
timestamp  : Jan 13 2026 17:47:47
==================================================================================
Shuffling 2055 object(s) to be freed.
Finished littering. Time taken: 0 seconds.
==================================================================================
==================================================================================
Time elapsed: 10596 ms
==================================================================================
==================================== Litterer ====================================
malloc     : /lib/x86_64-linux-gnu/libc.so.6
seed       : 410378522
occupancy  : 0.4
shuffle    : yes
sort       : no
sleep      : no
litter     : 1 * 3426 = 3426
timestamp  : Jan 13 2026 17:47:47
==================================================================================
Shuffling 2055 object(s) to be freed.
Finished littering. Time taken: 0 seconds.
==================================================================================
==================================================================================
Time elapsed: 10268 ms
==================================================================================
==================================== Litterer ====================================
malloc     : /lib/x86_64-linux-gnu/libc.so.6
seed       : 370510068
occupancy  : 0.4
shuffle    : yes
sort       : no
sleep      : no
litter     : 1 * 3426 = 3426
timestamp  : Jan 13 2026 17:47:47
==================================================================================
Shuffling 2055 object(s) to be freed.
Finished littering. Time taken: 0 seconds.
==================================================================================
==================================================================================
Time elapsed: 10285 ms
==================================================================================
==================================== Litterer ====================================
malloc     : /lib/x86_64-linux-gnu/libc.so.6
seed       : 1332899578
occupancy  : 0.4
shuffle    : yes
sort       : no
sleep      : no
litter     : 1 * 3426 = 3426
timestamp  : Jan 13 2026 17:47:47
==================================================================================
Shuffling 2055 object(s) to be freed.
Finished littering. Time taken: 0 seconds.
==================================================================================
==================================================================================
Time elapsed: 10266 ms
==================================================================================
==================================== Litterer ====================================
malloc     : /lib/x86_64-linux-gnu/libc.so.6
seed       : 205803733
occupancy  : 0.4
shuffle    : yes
sort       : no
sleep      : no
litter     : 1 * 3426 = 3426
timestamp  : Jan 13 2026 17:47:47
==================================================================================
Shuffling 2055 object(s) to be freed.
Finished littering. Time taken: 0 seconds.
==================================================================================
==================================================================================
Time elapsed: 10307 ms
==================================================================================
==================================== Litterer ====================================
malloc     : /lib/x86_64-linux-gnu/libc.so.6
seed       : 1035374895
occupancy  : 0.4
shuffle    : yes
sort       : no
sleep      : no
litter     : 1 * 3426 = 3426
timestamp  : Jan 13 2026 17:47:47
==================================================================================
Shuffling 2055 object(s) to be freed.
Finished littering. Time taken: 0 seconds.
==================================================================================
==================================================================================
Time elapsed: 10394 ms
==================================================================================
==================================== Litterer ====================================
malloc     : /lib/x86_64-linux-gnu/libc.so.6
seed       : 4154640920
occupancy  : 0.4
shuffle    : yes
sort       : no
sleep      : no
litter     : 1 * 3426 = 3426
timestamp  : Jan 13 2026 17:47:47
==================================================================================
Shuffling 2055 object(s) to be freed.
Finished littering. Time taken: 0 seconds.
==================================================================================
==================================================================================
Time elapsed: 10190 ms
==================================================================================
==================================== Litterer ====================================
malloc     : /lib/x86_64-linux-gnu/libc.so.6
seed       : 614777088
occupancy  : 0.4
shuffle    : yes
sort       : no
sleep      : no
litter     : 1 * 3426 = 3426
timestamp  : Jan 13 2026 17:47:47
==================================================================================
Shuffling 2055 object(s) to be freed.
Finished littering. Time taken: 0 seconds.
==================================================================================
==================================================================================
Time elapsed: 10252 ms
==================================================================================
==================================== Litterer ====================================
malloc     : /lib/x86_64-linux-gnu/libc.so.6
seed       : 1060452410
occupancy  : 0.4
shuffle    : yes
sort       : no
sleep      : no
litter     : 1 * 3426 = 3426
timestamp  : Jan 13 2026 17:47:47
==================================================================================
Shuffling 2055 object(s) to be freed.
Finished littering. Time taken: 0 seconds.
==================================================================================
==================================================================================
Time elapsed: 10648 ms
==================================================================================
==================================== Litterer ====================================
malloc     : /lib/x86_64-linux-gnu/libc.so.6
seed       : 3940204524
occupancy  : 0.4
shuffle    : yes
sort       : no
sleep      : no
litter     : 1 * 3426 = 3426
timestamp  : Jan 13 2026 17:47:47
==================================================================================
Shuffling 2055 object(s) to be freed.
Finished littering. Time taken: 0 seconds.
==================================================================================
==================================================================================
Time elapsed: 10266 ms
==================================================================================
==================================== Litterer ====================================
malloc     : /lib/x86_64-linux-gnu/libc.so.6
seed       : 2783760788
occupancy  : 0.4
shuffle    : yes
sort       : no
sleep      : no
litter     : 1 * 3426 = 3426
timestamp  : Jan 13 2026 17:47:47
==================================================================================
Shuffling 2055 object(s) to be freed.
Finished littering. Time taken: 0 seconds.
==================================================================================
==================================================================================
Time elapsed: 10276 ms
==================================================================================
