==================================== Litterer ====================================
malloc     : /lib/x86_64-linux-gnu/libc.so.6
seed       : 986137365
occupancy  : 0.4
shuffle    : yes
sort       : no
sleep      : no
litter     : 1 * 0 = 0
timestamp  : Jan 13 2026 17:47:47
==================================================================================
Shuffling 0 object(s) to be freed.
Finished littering. Time taken: 0 seconds.
==================================================================================
==================================================================================
Time elapsed: 60238 ms
==================================================================================
==================================== Litterer ====================================
malloc     : /lib/x86_64-linux-gnu/libc.so.6
seed       : 1897623437
occupancy  : 0.4
shuffle    : yes
sort       : no
sleep      : no
litter     : 1 * 0 = 0
timestamp  : Jan 13 2026 17:47:47
==================================================================================
Shuffling 0 object(s) to be freed.
Finished littering. Time taken: 0 seconds.
==================================================================================
==================================================================================
Time elapsed: 52658 ms
==================================================================================
==================================== Litterer ====================================
malloc     : /lib/x86_64-linux-gnu/libc.so.6
seed       : 2570189201
occupancy  : 0.4
shuffle    : yes
sort       : no
sleep      : no
litter     : 1 * 0 = 0
timestamp  : Jan 13 2026 17:47:47
==================================================================================
Shuffling 0 object(s) to be freed.
Finished littering. Time taken: 0 seconds.
==================================================================================
==================================================================================
Time elapsed: 59835 ms
==================================================================================
==================================== Litterer ====================================
malloc     : /lib/x86_64-linux-gnu/libc.so.6
seed       : 2422909209
occupancy  : 0.4
shuffle    : yes
sort       : no
sleep      : no
litter     : 1 * 0 = 0
timestamp  : Jan 13 2026 17:47:47
==================================================================================
Shuffling 0 object(s) to be freed.
Finished littering. Time taken: 0 seconds.
==================================================================================
==================================================================================
Time elapsed: 52727 ms
==================================================================================
==================================== Litterer ====================================
malloc     : /lib/x86_64-linux-gnu/libc.so.6
seed       : 2461888248
occupancy  : 0.4
shuffle    : yes
sort       : no
sleep      : no
litter     : 1 * 0 = 0
timestamp  : Jan 13 2026 17:47:47
==================================================================================
Shuffling 0 object(s) to be freed.
Finished littering. Time taken: 0 seconds.
==================================================================================
==================================================================================
Time elapsed: 59011 ms
==================================================================================
==================================== Litterer ====================================
malloc     : /lib/x86_64-linux-gnu/libc.so.6
seed       : 884519579
occupancy  : 0.4
shuffle    : yes
sort       : no
sleep      : no
litter     : 1 * 0 = 0
timestamp  : Jan 13 2026 17:47:47
==================================================================================
Shuffling 0 object(s) to be freed.
Finished littering. Time taken: 0 seconds.
==================================================================================
==================================================================================
Time elapsed: 53233 ms
==================================================================================
==================================== Litterer ====================================
malloc     : /lib/x86_64-linux-gnu/libc.so.6
seed       : 2419370851
occupancy  : 0.4
shuffle    : yes
sort       : no
sleep      : no
litter     : 1 * 0 = 0
timestamp  : Jan 13 2026 17:47:47
==================================================================================
Shuffling 0 object(s) to be freed.
Finished littering. Time taken: 0 seconds.
==================================================================================
==================================================================================
Time elapsed: 53310 ms
==================================================================================
==================================== Litterer ====================================
malloc     : /lib/x86_64-linux-gnu/libc.so.6
seed       : 544432953
occupancy  : 0.4
shuffle    : yes
sort       : no
sleep      : no
litter     : 1 * 0 = 0
timestamp  : Jan 13 2026 17:47:47
==================================================================================
Shuffling 0 object(s) to be freed.
Finished littering. Time taken: 0 seconds.
==================================================================================
==================================================================================
Time elapsed: 52931 ms
==================================================================================
==================================== Litterer ====================================
malloc     : /lib/x86_64-linux-gnu/libc.so.6
seed       : 4178866551
occupancy  : 0.4
shuffle    : yes
sort       : no
sleep      : no
litter     : 1 * 0 = 0
timestamp  : Jan 13 2026 17:47:47
==================================================================================
Shuffling 0 object(s) to be freed.
Finished littering. Time taken: 0 seconds.
==================================================================================
==================================================================================
Time elapsed: 58114 ms
==================================================================================
==================================== Litterer ====================================
malloc     : /lib/x86_64-linux-gnu/libc.so.6
seed       : 3427073389
occupancy  : 0.4
shuffle    : yes
sort       : no
sleep      : no
litter     : 1 * 0 = 0
timestamp  : Jan 13 2026 17:47:47
==================================================================================
Shuffling 0 object(s) to be freed.
Finished littering. Time taken: 0 seconds.
==================================================================================
==================================================================================
Time elapsed: 53189 ms
==================================================================================
==================================== Litterer ====================================
malloc     : /lib/x86_64-linux-gnu/libc.so.6
seed       : 1790885903
occupancy  : 0.4
shuffle    : yes
sort       : no
sleep      : no
litter     : 1 * 0 = 0
timestamp  : Jan 13 2026 17:47:47
==================================================================================
Shuffling 0 object(s) to be freed.
Finished littering. Time taken: 0 seconds.
==================================================================================
==================================================================================
Time elapsed: 59743 ms
==================================================================================
