==================================== Litterer ====================================
malloc     : /lib/x86_64-linux-gnu/libc.so.6
seed       : 945582958
occupancy  : 0.4
shuffle    : yes
sort       : no
sleep      : no
litter     : 1 * 432 = 432
timestamp  : Jan 13 2026 17:47:47
==================================================================================
Shuffling 259 object(s) to be freed.
Finished littering. Time taken: 0 seconds.
==================================================================================
==================================================================================
Time elapsed: 13265 ms
==================================================================================
==================================== Litterer ====================================
malloc     : /lib/x86_64-linux-gnu/libc.so.6
seed       : 1706955476
occupancy  : 0.4
shuffle    : yes
sort       : no
sleep      : no
litter     : 1 * 432 = 432
timestamp  : Jan 13 2026 17:47:47
==================================================================================
Shuffling 259 object(s) to be freed.
Finished littering. Time taken: 0 seconds.
==================================================================================
==================================================================================
Time elapsed: 13443 ms
==================================================================================
==================================== Litterer ====================================
malloc     : /lib/x86_64-linux-gnu/libc.so.6
seed       : 796110837
occupancy  : 0.4
shuffle    : yes
sort       : no
sleep      : no
litter     : 1 * 432 = 432
timestamp  : Jan 13 2026 17:47:47
==================================================================================
Shuffling 259 object(s) to be freed.
Finished littering. Time taken: 0 seconds.
==================================================================================
==================================================================================
Time elapsed: 13445 ms
==================================================================================
==================================== Litterer ====================================
malloc     : /lib/x86_64-linux-gnu/libc.so.6
seed       : 3283063192
occupancy  : 0.4
shuffle    : yes
sort       : no
sleep      : no
litter     : 1 * 432 = 432
timestamp  : Jan 13 2026 17:47:47
==================================================================================
Shuffling 259 object(s) to be freed.
Finished littering. Time taken: 0 seconds.
==================================================================================
==================================================================================
Time elapsed: 13320 ms
==================================================================================
==================================== Litterer ====================================
malloc     : /lib/x86_64-linux-gnu/libc.so.6
seed       : 2167698579
occupancy  : 0.4
shuffle    : yes
sort       : no
sleep      : no
litter     : 1 * 432 = 432
timestamp  : Jan 13 2026 17:47:47
==================================================================================
Shuffling 259 object(s) to be freed.
Finished littering. Time taken: 0 seconds.
==================================================================================
==================================================================================
Time elapsed: 13350 ms
==================================================================================
==================================== Litterer ====================================
malloc     : /lib/x86_64-linux-gnu/libc.so.6
seed       : 3037110201
occupancy  : 0.4
shuffle    : yes
sort       : no
sleep      : no
litter     : 1 * 432 = 432
timestamp  : Jan 13 2026 17:47:47
==================================================================================
Shuffling 259 object(s) to be freed.
Finished littering. Time taken: 0 seconds.
==================================================================================
==================================================================================
Time elapsed: 13380 ms
==================================================================================
==================================== Litterer ====================================
malloc     : /lib/x86_64-linux-gnu/libc.so.6
seed       : 797001239
occupancy  : 0.4
shuffle    : yes
sort       : no
sleep      : no
litter     : 1 * 432 = 432
timestamp  : Jan 13 2026 17:47:47
==================================================================================
Shuffling 259 object(s) to be freed.
Finished littering. Time taken: 0 seconds.
==================================================================================
==================================================================================
Time elapsed: 13419 ms
==================================================================================
==================================== Litterer ====================================
malloc     : /lib/x86_64-linux-gnu/libc.so.6
seed       : 3165712971
occupancy  : 0.4
shuffle    : yes
sort       : no
sleep      : no
litter     : 1 * 432 = 432
timestamp  : Jan 13 2026 17:47:47
==================================================================================
Shuffling 259 object(s) to be freed.
Finished littering. Time taken: 0 seconds.
==================================================================================
==================================================================================
Time elapsed: 13108 ms
==================================================================================
==================================== Litterer ====================================
malloc     : /lib/x86_64-linux-gnu/libc.so.6
seed       : 226959375
occupancy  : 0.4
shuffle    : yes
sort       : no
sleep      : no
litter     : 1 * 432 = 432
timestamp  : Jan 13 2026 17:47:47
==================================================================================
Shuffling 259 object(s) to be freed.
Finished littering. Time taken: 0 seconds.
==================================================================================
==================================================================================
Time elapsed: 13297 ms
==================================================================================
==================================== Litterer ====================================
malloc     : /lib/x86_64-linux-gnu/libc.so.6
seed       : 2957139007
occupancy  : 0.4
shuffle    : yes
sort       : no
sleep      : no
litter     : 1 * 432 = 432
timestamp  : Jan 13 2026 17:47:47
==================================================================================
Shuffling 259 object(s) to be freed.
Finished littering. Time taken: 0 seconds.
==================================================================================
==================================================================================
Time elapsed: 13572 ms
==================================================================================
==================================== Litterer ====================================
malloc     : /lib/x86_64-linux-gnu/libc.so.6
seed       : 3834921460
occupancy  : 0.4
shuffle    : yes
sort       : no
sleep      : no
litter     : 1 * 432 = 432
timestamp  : Jan 13 2026 17:47:47
==================================================================================
Shuffling 259 object(s) to be freed.
Finished littering. Time taken: 0 seconds.
==================================================================================
==================================================================================
Time elapsed: 13365 ms
==================================================================================
