==================================== Litterer ====================================
malloc     : /lib/x86_64-linux-gnu/libc.so.6
seed       : 2992764334
occupancy  : 0.4
shuffle    : yes
sort       : no
sleep      : no
litter     : 1 * 27285 = 27285
timestamp  : Jan 13 2026 17:47:47
==================================================================================
Shuffling 16371 object(s) to be freed.
Finished littering. Time taken: 0 seconds.
==================================================================================
==================================================================================
Time elapsed: 55167 ms
==================================================================================
==================================== Litterer ====================================
malloc     : /lib/x86_64-linux-gnu/libc.so.6
seed       : 2825528904
occupancy  : 0.4
shuffle    : yes
sort       : no
sleep      : no
litter     : 1 * 27285 = 27285
timestamp  : Jan 13 2026 17:47:47
==================================================================================
Shuffling 16371 object(s) to be freed.
Finished littering. Time taken: 0 seconds.
==================================================================================
==================================================================================
Time elapsed: 55208 ms
==================================================================================
==================================== Litterer ====================================
malloc     : /lib/x86_64-linux-gnu/libc.so.6
seed       : 3218292250
occupancy  : 0.4
shuffle    : yes
sort       : no
sleep      : no
litter     : 1 * 27285 = 27285
timestamp  : Jan 13 2026 17:47:47
==================================================================================
Shuffling 16371 object(s) to be freed.
Finished littering. Time taken: 0 seconds.
==================================================================================
==================================================================================
Time elapsed: 55467 ms
==================================================================================
==================================== Litterer ====================================
malloc     : /lib/x86_64-linux-gnu/libc.so.6
seed       : 1170598979
occupancy  : 0.4
shuffle    : yes
sort       : no
sleep      : no
litter     : 1 * 27285 = 27285
timestamp  : Jan 13 2026 17:47:47
==================================================================================
Shuffling 16371 object(s) to be freed.
Finished littering. Time taken: 0 seconds.
==================================================================================
==================================================================================
Time elapsed: 55237 ms
==================================================================================
==================================== Litterer ====================================
malloc     : /lib/x86_64-linux-gnu/libc.so.6
seed       : 616349035
occupancy  : 0.4
shuffle    : yes
sort       : no
sleep      : no
litter     : 1 * 27285 = 27285
timestamp  : Jan 13 2026 17:47:47
==================================================================================
Shuffling 16371 object(s) to be freed.
Finished littering. Time taken: 0 seconds.
==================================================================================
==================================================================================
Time elapsed: 55323 ms
==================================================================================
==================================== Litterer ====================================
malloc     : /lib/x86_64-linux-gnu/libc.so.6
seed       : 3877800372
occupancy  : 0.4
shuffle    : yes
sort       : no
sleep      : no
litter     : 1 * 27285 = 27285
timestamp  : Jan 13 2026 17:47:47
==================================================================================
Shuffling 16371 object(s) to be freed.
Finished littering. Time taken: 0 seconds.
==================================================================================
==================================================================================
Time elapsed: 55095 ms
==================================================================================
==================================== Litterer ====================================
malloc     : /lib/x86_64-linux-gnu/libc.so.6
seed       : 3743048282
occupancy  : 0.4
shuffle    : yes
sort       : no
sleep      : no
litter     : 1 * 27285 = 27285
timestamp  : Jan 13 2026 17:47:47
==================================================================================
Shuffling 16371 object(s) to be freed.
Finished littering. Time taken: 0 seconds.
==================================================================================
==================================================================================
Time elapsed: 55160 ms
==================================================================================
==================================== Litterer ====================================
malloc     : /lib/x86_64-linux-gnu/libc.so.6
seed       : 2862249760
occupancy  : 0.4
shuffle    : yes
sort       : no
sleep      : no
litter     : 1 * 27285 = 27285
timestamp  : Jan 13 2026 17:47:47
==================================================================================
Shuffling 16371 object(s) to be freed.
Finished littering. Time taken: 0 seconds.
==================================================================================
==================================================================================
Time elapsed: 55354 ms
==================================================================================
==================================== Litterer ====================================
malloc     : /lib/x86_64-linux-gnu/libc.so.6
seed       : 3843953490
occupancy  : 0.4
shuffle    : yes
sort       : no
sleep      : no
litter     : 1 * 27285 = 27285
timestamp  : Jan 13 2026 17:47:47
==================================================================================
Shuffling 16371 object(s) to be freed.
Finished littering. Time taken: 0 seconds.
==================================================================================
==================================================================================
Time elapsed: 55547 ms
==================================================================================
==================================== Litterer ====================================
malloc     : /lib/x86_64-linux-gnu/libc.so.6
seed       : 2185936003
occupancy  : 0.4
shuffle    : yes
sort       : no
sleep      : no
litter     : 1 * 27285 = 27285
timestamp  : Jan 13 2026 17:47:47
==================================================================================
Shuffling 16371 object(s) to be freed.
Finished littering. Time taken: 0 seconds.
==================================================================================
==================================================================================
Time elapsed: 55201 ms
==================================================================================
==================================== Litterer ====================================
malloc     : /lib/x86_64-linux-gnu/libc.so.6
seed       : 2730303168
occupancy  : 0.4
shuffle    : yes
sort       : no
sleep      : no
litter     : 1 * 27285 = 27285
timestamp  : Jan 13 2026 17:47:47
==================================================================================
Shuffling 16371 object(s) to be freed.
Finished littering. Time taken: 0 seconds.
==================================================================================
==================================================================================
Time elapsed: 55082 ms
==================================================================================
