==================================== Litterer ====================================
malloc     : /lib/x86_64-linux-gnu/libc.so.6
seed       : 3728884019
occupancy  : 0.4
shuffle    : yes
sort       : no
sleep      : no
litter     : 1 * 14279 = 14279
timestamp  : Jan 13 2026 17:47:47
==================================================================================
Shuffling 8567 object(s) to be freed.
Finished littering. Time taken: 0 seconds.
==================================================================================
==================================================================================
Time elapsed: 3539 ms
==================================================================================
==================================== Litterer ====================================
malloc     : /lib/x86_64-linux-gnu/libc.so.6
seed       : 3077430978
occupancy  : 0.4
shuffle    : yes
sort       : no
sleep      : no
litter     : 1 * 14279 = 14279
timestamp  : Jan 13 2026 17:47:47
==================================================================================
Shuffling 8567 object(s) to be freed.
Finished littering. Time taken: 0 seconds.
==================================================================================
==================================================================================
Time elapsed: 36021 ms
==================================================================================
==================================== Litterer ====================================
malloc     : /lib/x86_64-linux-gnu/libc.so.6
seed       : 3539919551
occupancy  : 0.4
shuffle    : yes
sort       : no
sleep      : no
litter     : 1 * 14279 = 14279
timestamp  : Jan 13 2026 17:47:47
==================================================================================
Shuffling 8567 object(s) to be freed.
Finished littering. Time taken: 0 seconds.
==================================================================================
==================================================================================
Time elapsed: 3564 ms
==================================================================================
==================================== Litterer ====================================
malloc     : /lib/x86_64-linux-gnu/libc.so.6
seed       : 2855501370
occupancy  : 0.4
shuffle    : yes
sort       : no
sleep      : no
litter     : 1 * 14279 = 14279
timestamp  : Jan 13 2026 17:47:47
==================================================================================
Shuffling 8567 object(s) to be freed.
Finished littering. Time taken: 0 seconds.
==================================================================================
==================================================================================
Time elapsed: 35936 ms
==================================================================================
==================================== Litterer ====================================
malloc     : /lib/x86_64-linux-gnu/libc.so.6
seed       : 2811032483
occupancy  : 0.4
shuffle    : yes
sort       : no
sleep      : no
litter     : 1 * 14279 = 14279
timestamp  : Jan 13 2026 17:47:47
==================================================================================
Shuffling 8567 object(s) to be freed.
Finished littering. Time taken: 0 seconds.
==================================================================================
==================================================================================
Time elapsed: 3583 ms
==================================================================================
==================================== Litterer ====================================
malloc     : /lib/x86_64-linux-gnu/libc.so.6
seed       : 3804766709
occupancy  : 0.4
shuffle    : yes
sort       : no
sleep      : no
litter     : 1 * 14279 = 14279
timestamp  : Jan 13 2026 17:47:47
==================================================================================
Shuffling 8567 object(s) to be freed.
Finished littering. Time taken: 0 seconds.
==================================================================================
==================================================================================
Time elapsed: 35671 ms
==================================================================================
==================================== Litterer ====================================
malloc     : /lib/x86_64-linux-gnu/libc.so.6
seed       : 2114407944
occupancy  : 0.4
shuffle    : yes
sort       : no
sleep      : no
litter     : 1 * 14279 = 14279
timestamp  : Jan 13 2026 17:47:47
==================================================================================
Shuffling 8567 object(s) to be freed.
Finished littering. Time taken: 0 seconds.
==================================================================================
==================================================================================
Time elapsed: 3717 ms
==================================================================================
==================================== Litterer ====================================
malloc     : /lib/x86_64-linux-gnu/libc.so.6
seed       : 4151308347
occupancy  : 0.4
shuffle    : yes
sort       : no
sleep      : no
litter     : 1 * 14279 = 14279
timestamp  : Jan 13 2026 17:47:47
==================================================================================
Shuffling 8567 object(s) to be freed.
Finished littering. Time taken: 0 seconds.
==================================================================================
==================================================================================
Time elapsed: 35978 ms
==================================================================================
==================================== Litterer ====================================
malloc     : /lib/x86_64-linux-gnu/libc.so.6
seed       : 1949876177
occupancy  : 0.4
shuffle    : yes
sort       : no
sleep      : no
litter     : 1 * 14279 = 14279
timestamp  : Jan 13 2026 17:47:47
==================================================================================
Shuffling 8567 object(s) to be freed.
Finished littering. Time taken: 0 seconds.
==================================================================================
==================================================================================
Time elapsed: 3666 ms
==================================================================================
==================================== Litterer ====================================
malloc     : /lib/x86_64-linux-gnu/libc.so.6
seed       : 52684260
occupancy  : 0.4
shuffle    : yes
sort       : no
sleep      : no
litter     : 1 * 14279 = 14279
timestamp  : Jan 13 2026 17:47:47
==================================================================================
Shuffling 8567 object(s) to be freed.
Finished littering. Time taken: 0 seconds.
==================================================================================
==================================================================================
Time elapsed: 35902 ms
==================================================================================
==================================== Litterer ====================================
malloc     : /lib/x86_64-linux-gnu/libc.so.6
seed       : 3819100321
occupancy  : 0.4
shuffle    : yes
sort       : no
sleep      : no
litter     : 1 * 14279 = 14279
timestamp  : Jan 13 2026 17:47:47
==================================================================================
Shuffling 8567 object(s) to be freed.
Finished littering. Time taken: 0 seconds.
==================================================================================
==================================================================================
Time elapsed: 3651 ms
==================================================================================
==================================== Litterer ====================================
malloc     : /lib/x86_64-linux-gnu/libc.so.6
seed       : 116648070
occupancy  : 0.4
shuffle    : yes
sort       : no
sleep      : no
litter     : 1 * 14279 = 14279
timestamp  : Jan 13 2026 17:47:47
==================================================================================
Shuffling 8567 object(s) to be freed.
Finished littering. Time taken: 0 seconds.
==================================================================================
==================================================================================
Time elapsed: 36616 ms
==================================================================================
==================================== Litterer ====================================
malloc     : /lib/x86_64-linux-gnu/libc.so.6
seed       : 1675251054
occupancy  : 0.4
shuffle    : yes
sort       : no
sleep      : no
litter     : 1 * 14279 = 14279
timestamp  : Jan 13 2026 17:47:47
==================================================================================
Shuffling 8567 object(s) to be freed.
Finished littering. Time taken: 0 seconds.
==================================================================================
==================================================================================
Time elapsed: 3815 ms
==================================================================================
==================================== Litterer ====================================
malloc     : /lib/x86_64-linux-gnu/libc.so.6
seed       : 3652581878
occupancy  : 0.4
shuffle    : yes
sort       : no
sleep      : no
litter     : 1 * 14279 = 14279
timestamp  : Jan 13 2026 17:47:47
==================================================================================
Shuffling 8567 object(s) to be freed.
Finished littering. Time taken: 0 seconds.
==================================================================================
==================================================================================
Time elapsed: 36131 ms
==================================================================================
==================================== Litterer ====================================
malloc     : /lib/x86_64-linux-gnu/libc.so.6
seed       : 1350634947
occupancy  : 0.4
shuffle    : yes
sort       : no
sleep      : no
litter     : 1 * 14279 = 14279
timestamp  : Jan 13 2026 17:47:47
==================================================================================
Shuffling 8567 object(s) to be freed.
Finished littering. Time taken: 0 seconds.
==================================================================================
==================================================================================
Time elapsed: 3544 ms
==================================================================================
==================================== Litterer ====================================
malloc     : /lib/x86_64-linux-gnu/libc.so.6
seed       : 2407631445
occupancy  : 0.4
shuffle    : yes
sort       : no
sleep      : no
litter     : 1 * 14279 = 14279
timestamp  : Jan 13 2026 17:47:47
==================================================================================
Shuffling 8567 object(s) to be freed.
Finished littering. Time taken: 0 seconds.
==================================================================================
==================================================================================
Time elapsed: 35949 ms
==================================================================================
==================================== Litterer ====================================
malloc     : /lib/x86_64-linux-gnu/libc.so.6
seed       : 3108575332
occupancy  : 0.4
shuffle    : yes
sort       : no
sleep      : no
litter     : 1 * 14279 = 14279
timestamp  : Jan 13 2026 17:47:47
==================================================================================
Shuffling 8567 object(s) to be freed.
Finished littering. Time taken: 0 seconds.
==================================================================================
==================================================================================
Time elapsed: 3693 ms
==================================================================================
==================================== Litterer ====================================
malloc     : /lib/x86_64-linux-gnu/libc.so.6
seed       : 1935607260
occupancy  : 0.4
shuffle    : yes
sort       : no
sleep      : no
litter     : 1 * 14279 = 14279
timestamp  : Jan 13 2026 17:47:47
==================================================================================
Shuffling 8567 object(s) to be freed.
Finished littering. Time taken: 0 seconds.
==================================================================================
==================================================================================
Time elapsed: 36126 ms
==================================================================================
==================================== Litterer ====================================
malloc     : /lib/x86_64-linux-gnu/libc.so.6
seed       : 2904884617
occupancy  : 0.4
shuffle    : yes
sort       : no
sleep      : no
litter     : 1 * 14279 = 14279
timestamp  : Jan 13 2026 17:47:47
==================================================================================
Shuffling 8567 object(s) to be freed.
Finished littering. Time taken: 0 seconds.
==================================================================================
==================================================================================
Time elapsed: 3538 ms
==================================================================================
==================================== Litterer ====================================
malloc     : /lib/x86_64-linux-gnu/libc.so.6
seed       : 1651643018
occupancy  : 0.4
shuffle    : yes
sort       : no
sleep      : no
litter     : 1 * 14279 = 14279
timestamp  : Jan 13 2026 17:47:47
==================================================================================
Shuffling 8567 object(s) to be freed.
Finished littering. Time taken: 0 seconds.
==================================================================================
==================================================================================
Time elapsed: 35781 ms
==================================================================================
==================================== Litterer ====================================
malloc     : /lib/x86_64-linux-gnu/libc.so.6
seed       : 3399785508
occupancy  : 0.4
shuffle    : yes
sort       : no
sleep      : no
litter     : 1 * 14279 = 14279
timestamp  : Jan 13 2026 17:47:47
==================================================================================
Shuffling 8567 object(s) to be freed.
Finished littering. Time taken: 0 seconds.
==================================================================================
==================================================================================
Time elapsed: 3721 ms
==================================================================================
==================================== Litterer ====================================
malloc     : /lib/x86_64-linux-gnu/libc.so.6
seed       : 4032779124
occupancy  : 0.4
shuffle    : yes
sort       : no
sleep      : no
litter     : 1 * 14279 = 14279
timestamp  : Jan 13 2026 17:47:47
==================================================================================
Shuffling 8567 object(s) to be freed.
Finished littering. Time taken: 0 seconds.
==================================================================================
==================================================================================
Time elapsed: 35753 ms
==================================================================================
