==================================== Litterer ====================================
malloc     : /lib/x86_64-linux-gnu/libc.so.6
seed       : 899536144
occupancy  : 0.4
shuffle    : yes
sort       : no
sleep      : no
litter     : 1 * 0 = 0
timestamp  : Jan 13 2026 17:47:47
==================================================================================
Shuffling 0 object(s) to be freed.
Finished littering. Time taken: 0 seconds.
==================================================================================
==================================================================================
Time elapsed: 16011 ms
==================================================================================
==================================== Litterer ====================================
malloc     : /lib/x86_64-linux-gnu/libc.so.6
seed       : 3564640226
occupancy  : 0.4
shuffle    : yes
sort       : no
sleep      : no
litter     : 1 * 0 = 0
timestamp  : Jan 13 2026 17:47:47
==================================================================================
Shuffling 0 object(s) to be freed.
Finished littering. Time taken: 0 seconds.
==================================================================================
==================================================================================
Time elapsed: 9977 ms
==================================================================================
==================================== Litterer ====================================
malloc     : /lib/x86_64-linux-gnu/libc.so.6
seed       : 842230004
occupancy  : 0.4
shuffle    : yes
sort       : no
sleep      : no
litter     : 1 * 0 = 0
timestamp  : Jan 13 2026 17:47:47
==================================================================================
Shuffling 0 object(s) to be freed.
Finished littering. Time taken: 0 seconds.
==================================================================================
==================================================================================
Time elapsed: 16203 ms
==================================================================================
==================================== Litterer ====================================
malloc     : /lib/x86_64-linux-gnu/libc.so.6
seed       : 1734350338
occupancy  : 0.4
shuffle    : yes
sort       : no
sleep      : no
litter     : 1 * 0 = 0
timestamp  : Jan 13 2026 17:47:47
==================================================================================
Shuffling 0 object(s) to be freed.
Finished littering. Time taken: 0 seconds.
==================================================================================
==================================================================================
Time elapsed: 9941 ms
==================================================================================
==================================== Litterer ====================================
malloc     : /lib/x86_64-linux-gnu/libc.so.6
seed       : 765035672
occupancy  : 0.4
shuffle    : yes
sort       : no
sleep      : no
litter     : 1 * 0 = 0
timestamp  : Jan 13 2026 17:47:47
==================================================================================
Shuffling 0 object(s) to be freed.
Finished littering. Time taken: 0 seconds.
==================================================================================
==================================================================================
Time elapsed: 16162 ms
==================================================================================
==================================== Litterer ====================================
malloc     : /lib/x86_64-linux-gnu/libc.so.6
seed       : 3240306244
occupancy  : 0.4
shuffle    : yes
sort       : no
sleep      : no
litter     : 1 * 0 = 0
timestamp  : Jan 13 2026 17:47:47
==================================================================================
Shuffling 0 object(s) to be freed.
Finished littering. Time taken: 0 seconds.
==================================================================================
==================================================================================
Time elapsed: 9813 ms
==================================================================================
==================================== Litterer ====================================
malloc     : /lib/x86_64-linux-gnu/libc.so.6
seed       : 533974950
occupancy  : 0.4
shuffle    : yes
sort       : no
sleep      : no
litter     : 1 * 0 = 0
timestamp  : Jan 13 2026 17:47:47
==================================================================================
Shuffling 0 object(s) to be freed.
Finished littering. Time taken: 0 seconds.
==================================================================================
==================================================================================
Time elapsed: 16035 ms
==================================================================================
==================================== Litterer ====================================
malloc     : /lib/x86_64-linux-gnu/libc.so.6
seed       : 234215877
occupancy  : 0.4
shuffle    : yes
sort       : no
sleep      : no
litter     : 1 * 0 = 0
timestamp  : Jan 13 2026 17:47:47
==================================================================================
Shuffling 0 object(s) to be freed.
Finished littering. Time taken: 0 seconds.
==================================================================================
==================================================================================
Time elapsed: 10422 ms
==================================================================================
==================================== Litterer ====================================
malloc     : /lib/x86_64-linux-gnu/libc.so.6
seed       : 3997282352
occupancy  : 0.4
shuffle    : yes
sort       : no
sleep      : no
litter     : 1 * 0 = 0
timestamp  : Jan 13 2026 17:47:47
==================================================================================
Shuffling 0 object(s) to be freed.
Finished littering. Time taken: 0 seconds.
==================================================================================
==================================================================================
Time elapsed: 16140 ms
==================================================================================
==================================== Litterer ====================================
malloc     : /lib/x86_64-linux-gnu/libc.so.6
seed       : 473210512
occupancy  : 0.4
shuffle    : yes
sort       : no
sleep      : no
litter     : 1 * 0 = 0
timestamp  : Jan 13 2026 17:47:47
==================================================================================
Shuffling 0 object(s) to be freed.
Finished littering. Time taken: 0 seconds.
==================================================================================
==================================================================================
Time elapsed: 10088 ms
==================================================================================
==================================== Litterer ====================================
malloc     : /lib/x86_64-linux-gnu/libc.so.6
seed       : 3887738536
occupancy  : 0.4
shuffle    : yes
sort       : no
sleep      : no
litter     : 1 * 0 = 0
timestamp  : Jan 13 2026 17:47:47
==================================================================================
Shuffling 0 object(s) to be freed.
Finished littering. Time taken: 0 seconds.
==================================================================================
==================================================================================
Time elapsed: 16077 ms
==================================================================================
==================================== Litterer ====================================
malloc     : /lib/x86_64-linux-gnu/libc.so.6
seed       : 2227875862
occupancy  : 0.4
shuffle    : yes
sort       : no
sleep      : no
litter     : 1 * 0 = 0
timestamp  : Jan 13 2026 17:47:47
==================================================================================
Shuffling 0 object(s) to be freed.
Finished littering. Time taken: 0 seconds.
==================================================================================
==================================================================================
Time elapsed: 11053 ms
==================================================================================
==================================== Litterer ====================================
malloc     : /lib/x86_64-linux-gnu/libc.so.6
seed       : 1442863978
occupancy  : 0.4
shuffle    : yes
sort       : no
sleep      : no
litter     : 1 * 0 = 0
timestamp  : Jan 13 2026 17:47:47
==================================================================================
Shuffling 0 object(s) to be freed.
Finished littering. Time taken: 0 seconds.
==================================================================================
==================================================================================
Time elapsed: 15870 ms
==================================================================================
==================================== Litterer ====================================
malloc     : /lib/x86_64-linux-gnu/libc.so.6
seed       : 213193887
occupancy  : 0.4
shuffle    : yes
sort       : no
sleep      : no
litter     : 1 * 0 = 0
timestamp  : Jan 13 2026 17:47:47
==================================================================================
Shuffling 0 object(s) to be freed.
Finished littering. Time taken: 0 seconds.
==================================================================================
==================================================================================
Time elapsed: 10888 ms
==================================================================================
==================================== Litterer ====================================
malloc     : /lib/x86_64-linux-gnu/libc.so.6
seed       : 2936826939
occupancy  : 0.4
shuffle    : yes
sort       : no
sleep      : no
litter     : 1 * 0 = 0
timestamp  : Jan 13 2026 17:47:47
==================================================================================
Shuffling 0 object(s) to be freed.
Finished littering. Time taken: 0 seconds.
==================================================================================
==================================================================================
Time elapsed: 16687 ms
==================================================================================
==================================== Litterer ====================================
malloc     : /lib/x86_64-linux-gnu/libc.so.6
seed       : 1863076459
occupancy  : 0.4
shuffle    : yes
sort       : no
sleep      : no
litter     : 1 * 0 = 0
timestamp  : Jan 13 2026 17:47:47
==================================================================================
Shuffling 0 object(s) to be freed.
Finished littering. Time taken: 0 seconds.
==================================================================================
==================================================================================
Time elapsed: 10709 ms
==================================================================================
==================================== Litterer ====================================
malloc     : /lib/x86_64-linux-gnu/libc.so.6
seed       : 4263822606
occupancy  : 0.4
shuffle    : yes
sort       : no
sleep      : no
litter     : 1 * 0 = 0
timestamp  : Jan 13 2026 17:47:47
==================================================================================
Shuffling 0 object(s) to be freed.
Finished littering. Time taken: 0 seconds.
==================================================================================
==================================================================================
Time elapsed: 16043 ms
==================================================================================
==================================== Litterer ====================================
malloc     : /lib/x86_64-linux-gnu/libc.so.6
seed       : 754954681
occupancy  : 0.4
shuffle    : yes
sort       : no
sleep      : no
litter     : 1 * 0 = 0
timestamp  : Jan 13 2026 17:47:47
==================================================================================
Shuffling 0 object(s) to be freed.
Finished littering. Time taken: 0 seconds.
==================================================================================
==================================================================================
Time elapsed: 10348 ms
==================================================================================
==================================== Litterer ====================================
malloc     : /lib/x86_64-linux-gnu/libc.so.6
seed       : 1554147119
occupancy  : 0.4
shuffle    : yes
sort       : no
sleep      : no
litter     : 1 * 0 = 0
timestamp  : Jan 13 2026 17:47:47
==================================================================================
Shuffling 0 object(s) to be freed.
Finished littering. Time taken: 0 seconds.
==================================================================================
==================================================================================
Time elapsed: 16229 ms
==================================================================================
==================================== Litterer ====================================
malloc     : /lib/x86_64-linux-gnu/libc.so.6
seed       : 2250811605
occupancy  : 0.4
shuffle    : yes
sort       : no
sleep      : no
litter     : 1 * 0 = 0
timestamp  : Jan 13 2026 17:47:47
==================================================================================
Shuffling 0 object(s) to be freed.
Finished littering. Time taken: 0 seconds.
==================================================================================
==================================================================================
Time elapsed: 9972 ms
==================================================================================
==================================== Litterer ====================================
malloc     : /lib/x86_64-linux-gnu/libc.so.6
seed       : 314574506
occupancy  : 0.4
shuffle    : yes
sort       : no
sleep      : no
litter     : 1 * 0 = 0
timestamp  : Jan 13 2026 17:47:47
==================================================================================
Shuffling 0 object(s) to be freed.
Finished littering. Time taken: 0 seconds.
==================================================================================
==================================================================================
Time elapsed: 16082 ms
==================================================================================
==================================== Litterer ====================================
malloc     : /lib/x86_64-linux-gnu/libc.so.6
seed       : 1967868422
occupancy  : 0.4
shuffle    : yes
sort       : no
sleep      : no
litter     : 1 * 0 = 0
timestamp  : Jan 13 2026 17:47:47
==================================================================================
Shuffling 0 object(s) to be freed.
Finished littering. Time taken: 0 seconds.
==================================================================================
==================================================================================
Time elapsed: 10097 ms
==================================================================================
