==================================== Litterer ====================================
malloc     : /lib/x86_64-linux-gnu/libc.so.6
seed       : 3520934560
occupancy  : 0
shuffle    : yes
sort       : no
sleep      : no
litter     : 0 * 3488 = 0
timestamp  : Dec  3 2025 21:43:04
==================================================================================
Shuffling 0 object(s) to be freed.
Finished littering. Time taken: 0 seconds.
==================================================================================
==================================================================================
Time elapsed: 14826 ms
==================================================================================
==================================== Litterer ====================================
malloc     : /lib/x86_64-linux-gnu/libc.so.6
seed       : 4043914738
occupancy  : 0
shuffle    : yes
sort       : no
sleep      : no
litter     : 0 * 3488 = 0
timestamp  : Dec  3 2025 21:43:04
==================================================================================
Shuffling 0 object(s) to be freed.
Finished littering. Time taken: 0 seconds.
==================================================================================
==================================================================================
Time elapsed: 14777 ms
==================================================================================
==================================== Litterer ====================================
malloc     : /lib/x86_64-linux-gnu/libc.so.6
seed       : 2523235651
occupancy  : 0
shuffle    : yes
sort       : no
sleep      : no
litter     : 0 * 3488 = 0
timestamp  : Dec  3 2025 21:43:04
==================================================================================
Shuffling 0 object(s) to be freed.
Finished littering. Time taken: 0 seconds.
==================================================================================
==================================================================================
Time elapsed: 14810 ms
==================================================================================
==================================== Litterer ====================================
malloc     : /lib/x86_64-linux-gnu/libc.so.6
seed       : 3803169822
occupancy  : 0
shuffle    : yes
sort       : no
sleep      : no
litter     : 0 * 3488 = 0
timestamp  : Dec  3 2025 21:43:04
==================================================================================
Shuffling 0 object(s) to be freed.
Finished littering. Time taken: 0 seconds.
==================================================================================
==================================================================================
Time elapsed: 14877 ms
==================================================================================
==================================== Litterer ====================================
malloc     : /lib/x86_64-linux-gnu/libc.so.6
seed       : 4215854926
occupancy  : 0
shuffle    : yes
sort       : no
sleep      : no
litter     : 0 * 3488 = 0
timestamp  : Dec  3 2025 21:43:04
==================================================================================
Shuffling 0 object(s) to be freed.
Finished littering. Time taken: 0 seconds.
==================================================================================
==================================================================================
Time elapsed: 14706 ms
==================================================================================
==================================== Litterer ====================================
malloc     : /lib/x86_64-linux-gnu/libc.so.6
seed       : 3499672098
occupancy  : 0
shuffle    : yes
sort       : no
sleep      : no
litter     : 0 * 3488 = 0
timestamp  : Dec  3 2025 21:43:04
==================================================================================
Shuffling 0 object(s) to be freed.
Finished littering. Time taken: 0 seconds.
==================================================================================
==================================================================================
Time elapsed: 14824 ms
==================================================================================
==================================== Litterer ====================================
malloc     : /lib/x86_64-linux-gnu/libc.so.6
seed       : 2877883965
occupancy  : 0
shuffle    : yes
sort       : no
sleep      : no
litter     : 0 * 3488 = 0
timestamp  : Dec  3 2025 21:43:04
==================================================================================
Shuffling 0 object(s) to be freed.
Finished littering. Time taken: 0 seconds.
==================================================================================
==================================================================================
Time elapsed: 14785 ms
==================================================================================
==================================== Litterer ====================================
malloc     : /lib/x86_64-linux-gnu/libc.so.6
seed       : 3277461265
occupancy  : 0
shuffle    : yes
sort       : no
sleep      : no
litter     : 0 * 3488 = 0
timestamp  : Dec  3 2025 21:43:04
==================================================================================
Shuffling 0 object(s) to be freed.
Finished littering. Time taken: 0 seconds.
==================================================================================
==================================================================================
Time elapsed: 14769 ms
==================================================================================
==================================== Litterer ====================================
malloc     : /lib/x86_64-linux-gnu/libc.so.6
seed       : 4073491061
occupancy  : 0
shuffle    : yes
sort       : no
sleep      : no
litter     : 0 * 3488 = 0
timestamp  : Dec  3 2025 21:43:04
==================================================================================
Shuffling 0 object(s) to be freed.
Finished littering. Time taken: 0 seconds.
==================================================================================
==================================================================================
Time elapsed: 14791 ms
==================================================================================
==================================== Litterer ====================================
malloc     : /lib/x86_64-linux-gnu/libc.so.6
seed       : 2767078863
occupancy  : 0
shuffle    : yes
sort       : no
sleep      : no
litter     : 0 * 3488 = 0
timestamp  : Dec  3 2025 21:43:04
==================================================================================
Shuffling 0 object(s) to be freed.
Finished littering. Time taken: 0 seconds.
==================================================================================
==================================================================================
Time elapsed: 14694 ms
==================================================================================
==================================== Litterer ====================================
malloc     : /lib/x86_64-linux-gnu/libc.so.6
seed       : 2215549720
occupancy  : 0
shuffle    : yes
sort       : no
sleep      : no
litter     : 0 * 3488 = 0
timestamp  : Dec  3 2025 21:43:04
==================================================================================
Shuffling 0 object(s) to be freed.
Finished littering. Time taken: 0 seconds.
==================================================================================
==================================================================================
Time elapsed: 14882 ms
==================================================================================
