==================================== Litterer ====================================
malloc     : /lib/x86_64-linux-gnu/libc.so.6
seed       : 789239595
occupancy  : 0
shuffle    : yes
sort       : no
sleep      : no
litter     : 0 * 14279 = 0
timestamp  : Dec  3 2025 21:43:04
==================================================================================
Shuffling 0 object(s) to be freed.
Finished littering. Time taken: 0 seconds.
==================================================================================
==================================================================================
Time elapsed: 3545 ms
==================================================================================
==================================== Litterer ====================================
malloc     : /lib/x86_64-linux-gnu/libc.so.6
seed       : 3065206609
occupancy  : 0
shuffle    : yes
sort       : no
sleep      : no
litter     : 0 * 14279 = 0
timestamp  : Dec  3 2025 21:43:04
==================================================================================
Shuffling 0 object(s) to be freed.
Finished littering. Time taken: 0 seconds.
==================================================================================
==================================================================================
Time elapsed: 35851 ms
==================================================================================
==================================== Litterer ====================================
malloc     : /lib/x86_64-linux-gnu/libc.so.6
seed       : 2794875788
occupancy  : 0
shuffle    : yes
sort       : no
sleep      : no
litter     : 0 * 14279 = 0
timestamp  : Dec  3 2025 21:43:04
==================================================================================
Shuffling 0 object(s) to be freed.
Finished littering. Time taken: 0 seconds.
==================================================================================
==================================================================================
Time elapsed: 3538 ms
==================================================================================
==================================== Litterer ====================================
malloc     : /lib/x86_64-linux-gnu/libc.so.6
seed       : 1185026070
occupancy  : 0
shuffle    : yes
sort       : no
sleep      : no
litter     : 0 * 14279 = 0
timestamp  : Dec  3 2025 21:43:04
==================================================================================
Shuffling 0 object(s) to be freed.
Finished littering. Time taken: 0 seconds.
==================================================================================
==================================================================================
Time elapsed: 35598 ms
==================================================================================
==================================== Litterer ====================================
malloc     : /lib/x86_64-linux-gnu/libc.so.6
seed       : 3075742360
occupancy  : 0
shuffle    : yes
sort       : no
sleep      : no
litter     : 0 * 14279 = 0
timestamp  : Dec  3 2025 21:43:04
==================================================================================
Shuffling 0 object(s) to be freed.
Finished littering. Time taken: 0 seconds.
==================================================================================
==================================================================================
Time elapsed: 3550 ms
==================================================================================
==================================== Litterer ====================================
malloc     : /lib/x86_64-linux-gnu/libc.so.6
seed       : 270356378
occupancy  : 0
shuffle    : yes
sort       : no
sleep      : no
litter     : 0 * 14279 = 0
timestamp  : Dec  3 2025 21:43:04
==================================================================================
Shuffling 0 object(s) to be freed.
Finished littering. Time taken: 0 seconds.
==================================================================================
==================================================================================
Time elapsed: 35652 ms
==================================================================================
==================================== Litterer ====================================
malloc     : /lib/x86_64-linux-gnu/libc.so.6
seed       : 1797140510
occupancy  : 0
shuffle    : yes
sort       : no
sleep      : no
litter     : 0 * 14279 = 0
timestamp  : Dec  3 2025 21:43:04
==================================================================================
Shuffling 0 object(s) to be freed.
Finished littering. Time taken: 0 seconds.
==================================================================================
==================================================================================
Time elapsed: 3542 ms
==================================================================================
==================================== Litterer ====================================
malloc     : /lib/x86_64-linux-gnu/libc.so.6
seed       : 2319679087
occupancy  : 0
shuffle    : yes
sort       : no
sleep      : no
litter     : 0 * 14279 = 0
timestamp  : Dec  3 2025 21:43:04
==================================================================================
Shuffling 0 object(s) to be freed.
Finished littering. Time taken: 0 seconds.
==================================================================================
==================================================================================
Time elapsed: 35592 ms
==================================================================================
==================================== Litterer ====================================
malloc     : /lib/x86_64-linux-gnu/libc.so.6
seed       : 162528054
occupancy  : 0
shuffle    : yes
sort       : no
sleep      : no
litter     : 0 * 14279 = 0
timestamp  : Dec  3 2025 21:43:04
==================================================================================
Shuffling 0 object(s) to be freed.
Finished littering. Time taken: 0 seconds.
==================================================================================
==================================================================================
Time elapsed: 3531 ms
==================================================================================
==================================== Litterer ====================================
malloc     : /lib/x86_64-linux-gnu/libc.so.6
seed       : 777212176
occupancy  : 0
shuffle    : yes
sort       : no
sleep      : no
litter     : 0 * 14279 = 0
timestamp  : Dec  3 2025 21:43:04
==================================================================================
Shuffling 0 object(s) to be freed.
Finished littering. Time taken: 0 seconds.
==================================================================================
==================================================================================
Time elapsed: 35528 ms
==================================================================================
==================================== Litterer ====================================
malloc     : /lib/x86_64-linux-gnu/libc.so.6
seed       : 2900127606
occupancy  : 0
shuffle    : yes
sort       : no
sleep      : no
litter     : 0 * 14279 = 0
timestamp  : Dec  3 2025 21:43:04
==================================================================================
Shuffling 0 object(s) to be freed.
Finished littering. Time taken: 0 seconds.
==================================================================================
==================================================================================
Time elapsed: 3759 ms
==================================================================================
==================================== Litterer ====================================
malloc     : /lib/x86_64-linux-gnu/libc.so.6
seed       : 1102041050
occupancy  : 0
shuffle    : yes
sort       : no
sleep      : no
litter     : 0 * 14279 = 0
timestamp  : Dec  3 2025 21:43:04
==================================================================================
Shuffling 0 object(s) to be freed.
Finished littering. Time taken: 0 seconds.
==================================================================================
==================================================================================
Time elapsed: 35753 ms
==================================================================================
==================================== Litterer ====================================
malloc     : /lib/x86_64-linux-gnu/libc.so.6
seed       : 2069980973
occupancy  : 0
shuffle    : yes
sort       : no
sleep      : no
litter     : 0 * 14279 = 0
timestamp  : Dec  3 2025 21:43:04
==================================================================================
Shuffling 0 object(s) to be freed.
Finished littering. Time taken: 0 seconds.
==================================================================================
==================================================================================
Time elapsed: 3538 ms
==================================================================================
==================================== Litterer ====================================
malloc     : /lib/x86_64-linux-gnu/libc.so.6
seed       : 1738038927
occupancy  : 0
shuffle    : yes
sort       : no
sleep      : no
litter     : 0 * 14279 = 0
timestamp  : Dec  3 2025 21:43:04
==================================================================================
Shuffling 0 object(s) to be freed.
Finished littering. Time taken: 0 seconds.
==================================================================================
==================================================================================
Time elapsed: 35823 ms
==================================================================================
==================================== Litterer ====================================
malloc     : /lib/x86_64-linux-gnu/libc.so.6
seed       : 1898571471
occupancy  : 0
shuffle    : yes
sort       : no
sleep      : no
litter     : 0 * 14279 = 0
timestamp  : Dec  3 2025 21:43:04
==================================================================================
Shuffling 0 object(s) to be freed.
Finished littering. Time taken: 0 seconds.
==================================================================================
==================================================================================
Time elapsed: 3573 ms
==================================================================================
==================================== Litterer ====================================
malloc     : /lib/x86_64-linux-gnu/libc.so.6
seed       : 2042374975
occupancy  : 0
shuffle    : yes
sort       : no
sleep      : no
litter     : 0 * 14279 = 0
timestamp  : Dec  3 2025 21:43:04
==================================================================================
Shuffling 0 object(s) to be freed.
Finished littering. Time taken: 0 seconds.
==================================================================================
==================================================================================
Time elapsed: 35829 ms
==================================================================================
==================================== Litterer ====================================
malloc     : /lib/x86_64-linux-gnu/libc.so.6
seed       : 1893825526
occupancy  : 0
shuffle    : yes
sort       : no
sleep      : no
litter     : 0 * 14279 = 0
timestamp  : Dec  3 2025 21:43:04
==================================================================================
Shuffling 0 object(s) to be freed.
Finished littering. Time taken: 0 seconds.
==================================================================================
==================================================================================
Time elapsed: 3675 ms
==================================================================================
==================================== Litterer ====================================
malloc     : /lib/x86_64-linux-gnu/libc.so.6
seed       : 4009302214
occupancy  : 0
shuffle    : yes
sort       : no
sleep      : no
litter     : 0 * 14279 = 0
timestamp  : Dec  3 2025 21:43:04
==================================================================================
Shuffling 0 object(s) to be freed.
Finished littering. Time taken: 0 seconds.
==================================================================================
==================================================================================
Time elapsed: 35653 ms
==================================================================================
==================================== Litterer ====================================
malloc     : /lib/x86_64-linux-gnu/libc.so.6
seed       : 3989942683
occupancy  : 0
shuffle    : yes
sort       : no
sleep      : no
litter     : 0 * 14279 = 0
timestamp  : Dec  3 2025 21:43:04
==================================================================================
Shuffling 0 object(s) to be freed.
Finished littering. Time taken: 0 seconds.
==================================================================================
==================================================================================
Time elapsed: 3538 ms
==================================================================================
==================================== Litterer ====================================
malloc     : /lib/x86_64-linux-gnu/libc.so.6
seed       : 1171685718
occupancy  : 0
shuffle    : yes
sort       : no
sleep      : no
litter     : 0 * 14279 = 0
timestamp  : Dec  3 2025 21:43:04
==================================================================================
Shuffling 0 object(s) to be freed.
Finished littering. Time taken: 0 seconds.
==================================================================================
==================================================================================
Time elapsed: 35781 ms
==================================================================================
==================================== Litterer ====================================
malloc     : /lib/x86_64-linux-gnu/libc.so.6
seed       : 72901361
occupancy  : 0
shuffle    : yes
sort       : no
sleep      : no
litter     : 0 * 14279 = 0
timestamp  : Dec  3 2025 21:43:04
==================================================================================
Shuffling 0 object(s) to be freed.
Finished littering. Time taken: 0 seconds.
==================================================================================
==================================================================================
Time elapsed: 3537 ms
==================================================================================
==================================== Litterer ====================================
malloc     : /lib/x86_64-linux-gnu/libc.so.6
seed       : 2593614803
occupancy  : 0
shuffle    : yes
sort       : no
sleep      : no
litter     : 0 * 14279 = 0
timestamp  : Dec  3 2025 21:43:04
==================================================================================
Shuffling 0 object(s) to be freed.
Finished littering. Time taken: 0 seconds.
==================================================================================
==================================================================================
Time elapsed: 35551 ms
==================================================================================
