==================================== Litterer ====================================
malloc     : /lib/x86_64-linux-gnu/libc.so.6
seed       : 2371322217
occupancy  : 0
shuffle    : yes
sort       : no
sleep      : no
litter     : 0 * 0 = 0
timestamp  : Dec  3 2025 21:43:04
==================================================================================
Shuffling 0 object(s) to be freed.
Finished littering. Time taken: 0 seconds.
==================================================================================
==================================================================================
Time elapsed: 15505 ms
==================================================================================
==================================== Litterer ====================================
malloc     : /lib/x86_64-linux-gnu/libc.so.6
seed       : 2313954923
occupancy  : 0
shuffle    : yes
sort       : no
sleep      : no
litter     : 0 * 0 = 0
timestamp  : Dec  3 2025 21:43:04
==================================================================================
Shuffling 0 object(s) to be freed.
Finished littering. Time taken: 0 seconds.
==================================================================================
==================================================================================
Time elapsed: 10039 ms
==================================================================================
==================================== Litterer ====================================
malloc     : /lib/x86_64-linux-gnu/libc.so.6
seed       : 960223476
occupancy  : 0
shuffle    : yes
sort       : no
sleep      : no
litter     : 0 * 0 = 0
timestamp  : Dec  3 2025 21:43:04
==================================================================================
Shuffling 0 object(s) to be freed.
Finished littering. Time taken: 0 seconds.
==================================================================================
==================================================================================
Time elapsed: 15536 ms
==================================================================================
==================================== Litterer ====================================
malloc     : /lib/x86_64-linux-gnu/libc.so.6
seed       : 615537365
occupancy  : 0
shuffle    : yes
sort       : no
sleep      : no
litter     : 0 * 0 = 0
timestamp  : Dec  3 2025 21:43:04
==================================================================================
Shuffling 0 object(s) to be freed.
Finished littering. Time taken: 0 seconds.
==================================================================================
==================================================================================
Time elapsed: 9736 ms
==================================================================================
==================================== Litterer ====================================
malloc     : /lib/x86_64-linux-gnu/libc.so.6
seed       : 3347546377
occupancy  : 0
shuffle    : yes
sort       : no
sleep      : no
litter     : 0 * 0 = 0
timestamp  : Dec  3 2025 21:43:04
==================================================================================
Shuffling 0 object(s) to be freed.
Finished littering. Time taken: 0 seconds.
==================================================================================
==================================================================================
Time elapsed: 15530 ms
==================================================================================
==================================== Litterer ====================================
malloc     : /lib/x86_64-linux-gnu/libc.so.6
seed       : 1353975954
occupancy  : 0
shuffle    : yes
sort       : no
sleep      : no
litter     : 0 * 0 = 0
timestamp  : Dec  3 2025 21:43:04
==================================================================================
Shuffling 0 object(s) to be freed.
Finished littering. Time taken: 0 seconds.
==================================================================================
==================================================================================
Time elapsed: 9944 ms
==================================================================================
==================================== Litterer ====================================
malloc     : /lib/x86_64-linux-gnu/libc.so.6
seed       : 417057601
occupancy  : 0
shuffle    : yes
sort       : no
sleep      : no
litter     : 0 * 0 = 0
timestamp  : Dec  3 2025 21:43:04
==================================================================================
Shuffling 0 object(s) to be freed.
Finished littering. Time taken: 0 seconds.
==================================================================================
==================================================================================
Time elapsed: 15570 ms
==================================================================================
==================================== Litterer ====================================
malloc     : /lib/x86_64-linux-gnu/libc.so.6
seed       : 4085016031
occupancy  : 0
shuffle    : yes
sort       : no
sleep      : no
litter     : 0 * 0 = 0
timestamp  : Dec  3 2025 21:43:04
==================================================================================
Shuffling 0 object(s) to be freed.
Finished littering. Time taken: 0 seconds.
==================================================================================
==================================================================================
Time elapsed: 9914 ms
==================================================================================
==================================== Litterer ====================================
malloc     : /lib/x86_64-linux-gnu/libc.so.6
seed       : 424034113
occupancy  : 0
shuffle    : yes
sort       : no
sleep      : no
litter     : 0 * 0 = 0
timestamp  : Dec  3 2025 21:43:04
==================================================================================
Shuffling 0 object(s) to be freed.
Finished littering. Time taken: 0 seconds.
==================================================================================
==================================================================================
Time elapsed: 15594 ms
==================================================================================
==================================== Litterer ====================================
malloc     : /lib/x86_64-linux-gnu/libc.so.6
seed       : 1568627110
occupancy  : 0
shuffle    : yes
sort       : no
sleep      : no
litter     : 0 * 0 = 0
timestamp  : Dec  3 2025 21:43:04
==================================================================================
Shuffling 0 object(s) to be freed.
Finished littering. Time taken: 0 seconds.
==================================================================================
==================================================================================
Time elapsed: 10197 ms
==================================================================================
==================================== Litterer ====================================
malloc     : /lib/x86_64-linux-gnu/libc.so.6
seed       : 2940702211
occupancy  : 0
shuffle    : yes
sort       : no
sleep      : no
litter     : 0 * 0 = 0
timestamp  : Dec  3 2025 21:43:04
==================================================================================
Shuffling 0 object(s) to be freed.
Finished littering. Time taken: 0 seconds.
==================================================================================
==================================================================================
Time elapsed: 15605 ms
==================================================================================
==================================== Litterer ====================================
malloc     : /lib/x86_64-linux-gnu/libc.so.6
seed       : 345061367
occupancy  : 0
shuffle    : yes
sort       : no
sleep      : no
litter     : 0 * 0 = 0
timestamp  : Dec  3 2025 21:43:04
==================================================================================
Shuffling 0 object(s) to be freed.
Finished littering. Time taken: 0 seconds.
==================================================================================
==================================================================================
Time elapsed: 9686 ms
==================================================================================
==================================== Litterer ====================================
malloc     : /lib/x86_64-linux-gnu/libc.so.6
seed       : 3970948686
occupancy  : 0
shuffle    : yes
sort       : no
sleep      : no
litter     : 0 * 0 = 0
timestamp  : Dec  3 2025 21:43:04
==================================================================================
Shuffling 0 object(s) to be freed.
Finished littering. Time taken: 0 seconds.
==================================================================================
==================================================================================
Time elapsed: 15673 ms
==================================================================================
==================================== Litterer ====================================
malloc     : /lib/x86_64-linux-gnu/libc.so.6
seed       : 916156413
occupancy  : 0
shuffle    : yes
sort       : no
sleep      : no
litter     : 0 * 0 = 0
timestamp  : Dec  3 2025 21:43:04
==================================================================================
Shuffling 0 object(s) to be freed.
Finished littering. Time taken: 0 seconds.
==================================================================================
==================================================================================
Time elapsed: 9787 ms
==================================================================================
==================================== Litterer ====================================
malloc     : /lib/x86_64-linux-gnu/libc.so.6
seed       : 2798507932
occupancy  : 0
shuffle    : yes
sort       : no
sleep      : no
litter     : 0 * 0 = 0
timestamp  : Dec  3 2025 21:43:04
==================================================================================
Shuffling 0 object(s) to be freed.
Finished littering. Time taken: 0 seconds.
==================================================================================
==================================================================================
Time elapsed: 15601 ms
==================================================================================
==================================== Litterer ====================================
malloc     : /lib/x86_64-linux-gnu/libc.so.6
seed       : 2512642794
occupancy  : 0
shuffle    : yes
sort       : no
sleep      : no
litter     : 0 * 0 = 0
timestamp  : Dec  3 2025 21:43:04
==================================================================================
Shuffling 0 object(s) to be freed.
Finished littering. Time taken: 0 seconds.
==================================================================================
==================================================================================
Time elapsed: 9957 ms
==================================================================================
==================================== Litterer ====================================
malloc     : /lib/x86_64-linux-gnu/libc.so.6
seed       : 1122471619
occupancy  : 0
shuffle    : yes
sort       : no
sleep      : no
litter     : 0 * 0 = 0
timestamp  : Dec  3 2025 21:43:04
==================================================================================
Shuffling 0 object(s) to be freed.
Finished littering. Time taken: 0 seconds.
==================================================================================
==================================================================================
Time elapsed: 15523 ms
==================================================================================
==================================== Litterer ====================================
malloc     : /lib/x86_64-linux-gnu/libc.so.6
seed       : 2977240033
occupancy  : 0
shuffle    : yes
sort       : no
sleep      : no
litter     : 0 * 0 = 0
timestamp  : Dec  3 2025 21:43:04
==================================================================================
Shuffling 0 object(s) to be freed.
Finished littering. Time taken: 0 seconds.
==================================================================================
==================================================================================
Time elapsed: 9959 ms
==================================================================================
==================================== Litterer ====================================
malloc     : /lib/x86_64-linux-gnu/libc.so.6
seed       : 3582060834
occupancy  : 0
shuffle    : yes
sort       : no
sleep      : no
litter     : 0 * 0 = 0
timestamp  : Dec  3 2025 21:43:04
==================================================================================
Shuffling 0 object(s) to be freed.
Finished littering. Time taken: 0 seconds.
==================================================================================
==================================================================================
Time elapsed: 15526 ms
==================================================================================
==================================== Litterer ====================================
malloc     : /lib/x86_64-linux-gnu/libc.so.6
seed       : 4055087238
occupancy  : 0
shuffle    : yes
sort       : no
sleep      : no
litter     : 0 * 0 = 0
timestamp  : Dec  3 2025 21:43:04
==================================================================================
Shuffling 0 object(s) to be freed.
Finished littering. Time taken: 0 seconds.
==================================================================================
==================================================================================
Time elapsed: 9838 ms
==================================================================================
==================================== Litterer ====================================
malloc     : /lib/x86_64-linux-gnu/libc.so.6
seed       : 1156626518
occupancy  : 0
shuffle    : yes
sort       : no
sleep      : no
litter     : 0 * 0 = 0
timestamp  : Dec  3 2025 21:43:04
==================================================================================
Shuffling 0 object(s) to be freed.
Finished littering. Time taken: 0 seconds.
==================================================================================
==================================================================================
Time elapsed: 15495 ms
==================================================================================
==================================== Litterer ====================================
malloc     : /lib/x86_64-linux-gnu/libc.so.6
seed       : 300273801
occupancy  : 0
shuffle    : yes
sort       : no
sleep      : no
litter     : 0 * 0 = 0
timestamp  : Dec  3 2025 21:43:04
==================================================================================
Shuffling 0 object(s) to be freed.
Finished littering. Time taken: 0 seconds.
==================================================================================
==================================================================================
Time elapsed: 9923 ms
==================================================================================
