==================================== Litterer ====================================
malloc     : /lib/x86_64-linux-gnu/libc.so.6
seed       : 2866596684
occupancy  : 0
shuffle    : yes
sort       : no
sleep      : no
litter     : 0 * 2241631 = 0
timestamp  : Dec  3 2025 21:43:04
==================================================================================
Shuffling 0 object(s) to be freed.
Finished littering. Time taken: 0 seconds.
==================================================================================
==================================================================================
Time elapsed: 29118 ms
==================================================================================
==================================== Litterer ====================================
malloc     : /lib/x86_64-linux-gnu/libc.so.6
seed       : 1913626450
occupancy  : 0
shuffle    : yes
sort       : no
sleep      : no
litter     : 0 * 2241631 = 0
timestamp  : Dec  3 2025 21:43:04
==================================================================================
Shuffling 0 object(s) to be freed.
Finished littering. Time taken: 0 seconds.
==================================================================================
==================================================================================
Time elapsed: 29029 ms
==================================================================================
==================================== Litterer ====================================
malloc     : /lib/x86_64-linux-gnu/libc.so.6
seed       : 698463764
occupancy  : 0
shuffle    : yes
sort       : no
sleep      : no
litter     : 0 * 2241631 = 0
timestamp  : Dec  3 2025 21:43:04
==================================================================================
Shuffling 0 object(s) to be freed.
Finished littering. Time taken: 0 seconds.
==================================================================================
==================================================================================
Time elapsed: 29107 ms
==================================================================================
==================================== Litterer ====================================
malloc     : /lib/x86_64-linux-gnu/libc.so.6
seed       : 2781475364
occupancy  : 0
shuffle    : yes
sort       : no
sleep      : no
litter     : 0 * 2241631 = 0
timestamp  : Dec  3 2025 21:43:04
==================================================================================
Shuffling 0 object(s) to be freed.
Finished littering. Time taken: 0 seconds.
==================================================================================
==================================================================================
Time elapsed: 28968 ms
==================================================================================
==================================== Litterer ====================================
malloc     : /lib/x86_64-linux-gnu/libc.so.6
seed       : 3729291583
occupancy  : 0
shuffle    : yes
sort       : no
sleep      : no
litter     : 0 * 2241631 = 0
timestamp  : Dec  3 2025 21:43:04
==================================================================================
Shuffling 0 object(s) to be freed.
Finished littering. Time taken: 0 seconds.
==================================================================================
==================================================================================
Time elapsed: 28812 ms
==================================================================================
==================================== Litterer ====================================
malloc     : /lib/x86_64-linux-gnu/libc.so.6
seed       : 186730213
occupancy  : 0
shuffle    : yes
sort       : no
sleep      : no
litter     : 0 * 2241631 = 0
timestamp  : Dec  3 2025 21:43:04
==================================================================================
Shuffling 0 object(s) to be freed.
Finished littering. Time taken: 0 seconds.
==================================================================================
==================================================================================
Time elapsed: 28772 ms
==================================================================================
==================================== Litterer ====================================
malloc     : /lib/x86_64-linux-gnu/libc.so.6
seed       : 1411250701
occupancy  : 0
shuffle    : yes
sort       : no
sleep      : no
litter     : 0 * 2241631 = 0
timestamp  : Dec  3 2025 21:43:04
==================================================================================
Shuffling 0 object(s) to be freed.
Finished littering. Time taken: 0 seconds.
==================================================================================
==================================================================================
Time elapsed: 28930 ms
==================================================================================
==================================== Litterer ====================================
malloc     : /lib/x86_64-linux-gnu/libc.so.6
seed       : 3686791905
occupancy  : 0
shuffle    : yes
sort       : no
sleep      : no
litter     : 0 * 2241631 = 0
timestamp  : Dec  3 2025 21:43:04
==================================================================================
Shuffling 0 object(s) to be freed.
Finished littering. Time taken: 0 seconds.
==================================================================================
==================================================================================
Time elapsed: 29024 ms
==================================================================================
==================================== Litterer ====================================
malloc     : /lib/x86_64-linux-gnu/libc.so.6
seed       : 602876022
occupancy  : 0
shuffle    : yes
sort       : no
sleep      : no
litter     : 0 * 2241631 = 0
timestamp  : Dec  3 2025 21:43:04
==================================================================================
Shuffling 0 object(s) to be freed.
Finished littering. Time taken: 0 seconds.
==================================================================================
==================================================================================
Time elapsed: 28916 ms
==================================================================================
==================================== Litterer ====================================
malloc     : /lib/x86_64-linux-gnu/libc.so.6
seed       : 1399865142
occupancy  : 0
shuffle    : yes
sort       : no
sleep      : no
litter     : 0 * 2241631 = 0
timestamp  : Dec  3 2025 21:43:04
==================================================================================
Shuffling 0 object(s) to be freed.
Finished littering. Time taken: 0 seconds.
==================================================================================
==================================================================================
Time elapsed: 28832 ms
==================================================================================
==================================== Litterer ====================================
malloc     : /lib/x86_64-linux-gnu/libc.so.6
seed       : 3684084648
occupancy  : 0
shuffle    : yes
sort       : no
sleep      : no
litter     : 0 * 2241631 = 0
timestamp  : Dec  3 2025 21:43:04
==================================================================================
Shuffling 0 object(s) to be freed.
Finished littering. Time taken: 0 seconds.
==================================================================================
==================================================================================
Time elapsed: 28930 ms
==================================================================================
