==================================== Litterer ====================================
malloc     : /lib/x86_64-linux-gnu/libc.so.6
seed       : 2883656892
occupancy  : 0
shuffle    : yes
sort       : no
sleep      : no
litter     : 0 * 432 = 0
timestamp  : Dec  3 2025 21:43:04
==================================================================================
Shuffling 0 object(s) to be freed.
Finished littering. Time taken: 0 seconds.
==================================================================================
==================================================================================
Time elapsed: 13090 ms
==================================================================================
==================================== Litterer ====================================
malloc     : /lib/x86_64-linux-gnu/libc.so.6
seed       : 3625838238
occupancy  : 0
shuffle    : yes
sort       : no
sleep      : no
litter     : 0 * 432 = 0
timestamp  : Dec  3 2025 21:43:04
==================================================================================
Shuffling 0 object(s) to be freed.
Finished littering. Time taken: 0 seconds.
==================================================================================
==================================================================================
Time elapsed: 13372 ms
==================================================================================
==================================== Litterer ====================================
malloc     : /lib/x86_64-linux-gnu/libc.so.6
seed       : 3922958021
occupancy  : 0
shuffle    : yes
sort       : no
sleep      : no
litter     : 0 * 432 = 0
timestamp  : Dec  3 2025 21:43:04
==================================================================================
Shuffling 0 object(s) to be freed.
Finished littering. Time taken: 0 seconds.
==================================================================================
==================================================================================
Time elapsed: 13200 ms
==================================================================================
==================================== Litterer ====================================
malloc     : /lib/x86_64-linux-gnu/libc.so.6
seed       : 3074244977
occupancy  : 0
shuffle    : yes
sort       : no
sleep      : no
litter     : 0 * 432 = 0
timestamp  : Dec  3 2025 21:43:04
==================================================================================
Shuffling 0 object(s) to be freed.
Finished littering. Time taken: 0 seconds.
==================================================================================
==================================================================================
Time elapsed: 13326 ms
==================================================================================
==================================== Litterer ====================================
malloc     : /lib/x86_64-linux-gnu/libc.so.6
seed       : 3314625248
occupancy  : 0
shuffle    : yes
sort       : no
sleep      : no
litter     : 0 * 432 = 0
timestamp  : Dec  3 2025 21:43:04
==================================================================================
Shuffling 0 object(s) to be freed.
Finished littering. Time taken: 0 seconds.
==================================================================================
==================================================================================
Time elapsed: 13289 ms
==================================================================================
==================================== Litterer ====================================
malloc     : /lib/x86_64-linux-gnu/libc.so.6
seed       : 1340843075
occupancy  : 0
shuffle    : yes
sort       : no
sleep      : no
litter     : 0 * 432 = 0
timestamp  : Dec  3 2025 21:43:04
==================================================================================
Shuffling 0 object(s) to be freed.
Finished littering. Time taken: 0 seconds.
==================================================================================
==================================================================================
Time elapsed: 13251 ms
==================================================================================
==================================== Litterer ====================================
malloc     : /lib/x86_64-linux-gnu/libc.so.6
seed       : 1056896146
occupancy  : 0
shuffle    : yes
sort       : no
sleep      : no
litter     : 0 * 432 = 0
timestamp  : Dec  3 2025 21:43:04
==================================================================================
Shuffling 0 object(s) to be freed.
Finished littering. Time taken: 0 seconds.
==================================================================================
==================================================================================
Time elapsed: 13099 ms
==================================================================================
==================================== Litterer ====================================
malloc     : /lib/x86_64-linux-gnu/libc.so.6
seed       : 3994538541
occupancy  : 0
shuffle    : yes
sort       : no
sleep      : no
litter     : 0 * 432 = 0
timestamp  : Dec  3 2025 21:43:04
==================================================================================
Shuffling 0 object(s) to be freed.
Finished littering. Time taken: 0 seconds.
==================================================================================
==================================================================================
Time elapsed: 13312 ms
==================================================================================
==================================== Litterer ====================================
malloc     : /lib/x86_64-linux-gnu/libc.so.6
seed       : 1698234891
occupancy  : 0
shuffle    : yes
sort       : no
sleep      : no
litter     : 0 * 432 = 0
timestamp  : Dec  3 2025 21:43:04
==================================================================================
Shuffling 0 object(s) to be freed.
Finished littering. Time taken: 0 seconds.
==================================================================================
==================================================================================
Time elapsed: 13531 ms
==================================================================================
==================================== Litterer ====================================
malloc     : /lib/x86_64-linux-gnu/libc.so.6
seed       : 4168221290
occupancy  : 0
shuffle    : yes
sort       : no
sleep      : no
litter     : 0 * 432 = 0
timestamp  : Dec  3 2025 21:43:04
==================================================================================
Shuffling 0 object(s) to be freed.
Finished littering. Time taken: 0 seconds.
==================================================================================
==================================================================================
Time elapsed: 13252 ms
==================================================================================
==================================== Litterer ====================================
malloc     : /lib/x86_64-linux-gnu/libc.so.6
seed       : 2696948026
occupancy  : 0
shuffle    : yes
sort       : no
sleep      : no
litter     : 0 * 432 = 0
timestamp  : Dec  3 2025 21:43:04
==================================================================================
Shuffling 0 object(s) to be freed.
Finished littering. Time taken: 0 seconds.
==================================================================================
==================================================================================
Time elapsed: 13070 ms
==================================================================================
